2019-02-14 08:39:27 +0000 [MT] Initial pipeline context: <IDEDistributionProcessingPipelineContext: 0x7feb39982f40; archive(resolved)='<IDEArchive: 0x7feb396b8fe0>', distributionTask(resolved)='2', distributionDestination(resolved)='1', distributionMethod(resolved)='<IDEDistributionMethodDevelopmentSigned: 0x7feb396ec640>', team(resolved)='<IDEProvisioningBasicTeam: 0x7feb397e5110; teamID='SEX9UQR699', teamName='(null)'>'>
	Chain (11, self inclusive):
	<IDEDistributionProcessingPipelineContext: 0x7feb39982f40; archive = '<IDEArchive: 0x7feb396b8fe0>', distributionMethod='<IDEDistributionMethodDevelopmentSigned: 0x7feb396ec640>', team='<IDEProvisioningBasicTeam: 0x7feb397e5110; teamID='SEX9UQR699', teamName='(null)'>'>
	<IDEDistributionProcessingPipelineContext: 0x7feb395f4780; archive = '<IDEArchive: 0x7feb396b8fe0>', distributionMethod='<IDEDistributionMethodDevelopmentSigned: 0x7feb396ec640>', team='<IDEProvisioningBasicTeam: 0x7feb397e5110; teamID='SEX9UQR699', teamName='(null)'>'>
	<IDEDistributionContext: 0x7feb39877f60; archive = '<IDEArchive: 0x7feb396b8fe0>', distributionMethod='<IDEDistributionMethodDevelopmentSigned: 0x7feb396ec640>', team='<IDEProvisioningBasicTeam: 0x7feb397e5110; teamID='SEX9UQR699', teamName='(null)'>'>
	<IDEDistributionContext: 0x7feb39977970; archive = '<IDEArchive: 0x7feb396b8fe0>', distributionMethod='<IDEDistributionMethodDevelopmentSigned: 0x7feb396ec640>', team='<IDEProvisioningBasicTeam: 0x7feb397e5110; teamID='SEX9UQR699', teamName='(null)'>'>
	<IDEDistributionContext: 0x7feb3928cf60; archive = '<IDEArchive: 0x7feb396b8fe0>', distributionMethod='<IDEDistributionMethodDevelopmentSigned: 0x7feb396ec640>', team='<IDEProvisioningBasicTeam: 0x7feb397e5110; teamID='SEX9UQR699', teamName='(null)'>'>
	<IDEDistributionContext: 0x7feb399750a0; archive = '<IDEArchive: 0x7feb396b8fe0>', distributionMethod='<IDEDistributionMethodDevelopmentSigned: 0x7feb396ec640>', team='<IDEProvisioningBasicTeam: 0x7feb397e5110; teamID='SEX9UQR699', teamName='(null)'>'>
	<IDEDistributionContext: 0x7feb3986acd0; archive = '<IDEArchive: 0x7feb396b8fe0>', distributionMethod='<IDEDistributionMethodDevelopmentSigned: 0x7feb396ec640>', team='<IDEProvisioningBasicTeam: 0x7feb397e5110; teamID='SEX9UQR699', teamName='(null)'>'>
	<IDEDistributionContext: 0x7feb39869fa0; archive = '<IDEArchive: 0x7feb396b8fe0>', distributionMethod='<IDEDistributionMethodDevelopmentSigned: 0x7feb396ec640>', team='<IDEProvisioningBasicTeam: 0x7feb397e5110; teamID='SEX9UQR699', teamName='(null)'>'>
	<IDEDistributionContext: 0x7feb396efd50; archive = '<IDEArchive: 0x7feb396b8fe0>', distributionMethod='<IDEDistributionMethodDevelopmentSigned: 0x7feb396ec640>', team='<IDEProvisioningBasicTeam: 0x7feb397e5110; teamID='SEX9UQR699', teamName='(null)'>'>
	<IDEDistributionContext: 0x7feb39733900; archive = '<IDEArchive: 0x7feb396b8fe0>', distributionMethod='<IDEDistributionMethodDevelopmentSigned: 0x7feb396ec640>', team='(null)'>
	<IDEDistributionContext: 0x7feb396b9bd0; archive = '<IDEArchive: 0x7feb396b8fe0>', distributionMethod='(null)', team='(null)'>
</IDEDistributionProcessingPipelineContext: 0x7feb39982f40>
2019-02-14 08:39:27 +0000 [MT] Processing step: IDEDistributionCreateDestRootStep
2019-02-14 08:39:27 +0000 [MT] Processing step: IDEDistributionCopyItemStep
2019-02-14 08:39:27 +0000 [MT] Running /usr/bin/ditto '-V' '/Users/xingl/Desktop/Merchant_python/Code/MVVM/AutoBuild/Packge/Release/MVVM.xcarchive/Products/Applications/MVVM.app' '/var/folders/fh/vrqs8wk55p9_4ywtvt771rdc0000gn/T/XcodeDistPipeline.gwB/Root/Payload/MVVM.app'
2019-02-14 08:39:27 +0000  >>> Copying /Users/xingl/Desktop/Merchant_python/Code/MVVM/AutoBuild/Packge/Release/MVVM.xcarchive/Products/Applications/MVVM.app 
2019-02-14 08:39:27 +0000  copying file ./_CodeSignature/CodeResources ... 
2019-02-14 08:39:27 +0000  9251 bytes for ./_CodeSignature/CodeResources
2019-02-14 08:39:27 +0000  copying file ./Base.lproj/Main.storyboardc/BYZ-38-t0r-view-8bC-Xf-vdC.nib ... 
2019-02-14 08:39:27 +0000  1987 bytes for ./Base.lproj/Main.storyboardc/BYZ-38-t0r-view-8bC-Xf-vdC.nib
copying file ./Base.lproj/Main.storyboardc/Info.plist ... 
2019-02-14 08:39:27 +0000  276 bytes for ./Base.lproj/Main.storyboardc/Info.plist
copying file ./Base.lproj/Main.storyboardc/UINavigationController-HyD-sf-O6n.nib ... 
2019-02-14 08:39:27 +0000  1650 bytes for ./Base.lproj/Main.storyboardc/UINavigationController-HyD-sf-O6n.nib
2019-02-14 08:39:27 +0000  copying file ./Base.lproj/LaunchScreen.storyboardc/01J-lp-oVM-view-Ze5-6b-2t3.nib ... 
2019-02-14 08:39:27 +0000  1986 bytes for ./Base.lproj/LaunchScreen.storyboardc/01J-lp-oVM-view-Ze5-6b-2t3.nib
2019-02-14 08:39:27 +0000  copying file ./Base.lproj/LaunchScreen.storyboardc/UIViewController-01J-lp-oVM.nib ... 
2019-02-14 08:39:27 +0000  832 bytes for ./Base.lproj/LaunchScreen.storyboardc/UIViewController-01J-lp-oVM.nib
2019-02-14 08:39:27 +0000  copying file ./Base.lproj/LaunchScreen.storyboardc/Info.plist ... 
2019-02-14 08:39:27 +0000  258 bytes for ./Base.lproj/LaunchScreen.storyboardc/Info.plist
2019-02-14 08:39:27 +0000  copying file ./CoreData.momd/VersionInfo.plist ... 
2019-02-14 08:39:27 +0000  144 bytes for ./CoreData.momd/VersionInfo.plist
2019-02-14 08:39:27 +0000  copying file ./CoreData.momd/CoreData.mom ... 
2019-02-14 08:39:27 +0000  1383 bytes for ./CoreData.momd/CoreData.mom
2019-02-14 08:39:27 +0000  copying file ./Frameworks/libswiftCoreImage.dylib ... 
2019-02-14 08:39:27 +0000  463984 bytes for ./Frameworks/libswiftCoreImage.dylib
2019-02-14 08:39:27 +0000  copying file ./Frameworks/libswiftObjectiveC.dylib ... 
2019-02-14 08:39:27 +0000  676704 bytes for ./Frameworks/libswiftObjectiveC.dylib
2019-02-14 08:39:27 +0000  copying file ./Frameworks/libswiftCore.dylib ... 
2019-02-14 08:39:27 +0000  98312960 bytes for ./Frameworks/libswiftCore.dylib
copying file ./Frameworks/libswiftCoreGraphics.dylib ... 
2019-02-14 08:39:27 +0000  2342512 bytes for ./Frameworks/libswiftCoreGraphics.dylib
2019-02-14 08:39:27 +0000  copying file ./Frameworks/libswiftUIKit.dylib ... 
2019-02-14 08:39:27 +0000  1987552 bytes for ./Frameworks/libswiftUIKit.dylib
copying file ./Frameworks/libswiftMetal.dylib ... 
2019-02-14 08:39:27 +0000  722032 bytes for ./Frameworks/libswiftMetal.dylib
2019-02-14 08:39:27 +0000  copying file ./Frameworks/libswiftCoreData.dylib ... 
2019-02-14 08:39:27 +0000  992624 bytes for ./Frameworks/libswiftCoreData.dylib
copying file ./Frameworks/libswiftDispatch.dylib ... 
2019-02-14 08:39:27 +0000  4229072 bytes for ./Frameworks/libswiftDispatch.dylib
copying file ./Frameworks/libswiftos.dylib ... 
2019-02-14 08:39:27 +0000  874288 bytes for ./Frameworks/libswiftos.dylib
2019-02-14 08:39:27 +0000  copying file ./Frameworks/libswiftCoreFoundation.dylib ... 
2019-02-14 08:39:27 +0000  398000 bytes for ./Frameworks/libswiftCoreFoundation.dylib
2019-02-14 08:39:27 +0000  copying file ./Frameworks/libswiftDarwin.dylib ... 
2019-02-14 08:39:27 +0000  1091872 bytes for ./Frameworks/libswiftDarwin.dylib
copying file ./Frameworks/libswiftQuartzCore.dylib ... 
2019-02-14 08:39:27 +0000  467984 bytes for ./Frameworks/libswiftQuartzCore.dylib
2019-02-14 08:39:27 +0000  copying file ./Frameworks/libswiftFoundation.dylib ... 
2019-02-14 08:39:27 +0000  42507584 bytes for ./Frameworks/libswiftFoundation.dylib
2019-02-14 08:39:27 +0000  copying file ./embedded.mobileprovision ... 
19107 bytes for ./embedded.mobileprovision
copying file ./Info.plist ... 
1098 bytes for ./Info.plist
copying file ./MVVM ... 
1094016 bytes for ./MVVM
copying file ./PkgInfo ... 
8 bytes for ./PkgInfo
2019-02-14 08:39:27 +0000 [MT] /usr/bin/ditto exited with 0
2019-02-14 08:39:27 +0000 [MT] Processing step: IDEDistributionEmbedProfileStep
2019-02-14 08:39:27 +0000 [MT] Skipping profile for item: <IDEDistributionItem: 0x7feb3985ef10 'com.apple.dt.runtime.swiftCore' '<DVTFilePath:0x7feb39850b60:'/Users/xingl/Desktop/Merchant_python/Code/MVVM/AutoBuild/Packge/Release/MVVM.xcarchive/Products/Applications/MVVM.app/Frameworks/libswiftCore.dylib'>'>
2019-02-14 08:39:27 +0000 [MT] Skipping profile for item: <IDEDistributionItem: 0x7feb398b7420 'com.apple.dt.runtime.swiftCoreData' '<DVTFilePath:0x7feb398558b0:'/Users/xingl/Desktop/Merchant_python/Code/MVVM/AutoBuild/Packge/Release/MVVM.xcarchive/Products/Applications/MVVM.app/Frameworks/libswiftCoreData.dylib'>'>
2019-02-14 08:39:27 +0000 [MT] Skipping profile for item: <IDEDistributionItem: 0x7feb3989bf90 'com.apple.dt.runtime.swiftCoreFoundation' '<DVTFilePath:0x7feb390eec40:'/Users/xingl/Desktop/Merchant_python/Code/MVVM/AutoBuild/Packge/Release/MVVM.xcarchive/Products/Applications/MVVM.app/Frameworks/libswiftCoreFoundation.dylib'>'>
2019-02-14 08:39:27 +0000 [MT] Skipping profile for item: <IDEDistributionItem: 0x7feb3994d3c0 'com.apple.dt.runtime.swiftCoreGraphics' '<DVTFilePath:0x7feb39852280:'/Users/xingl/Desktop/Merchant_python/Code/MVVM/AutoBuild/Packge/Release/MVVM.xcarchive/Products/Applications/MVVM.app/Frameworks/libswiftCoreGraphics.dylib'>'>
2019-02-14 08:39:27 +0000 [MT] Skipping profile for item: <IDEDistributionItem: 0x7feb398b4d40 'com.apple.dt.runtime.swiftCoreImage' '<DVTFilePath:0x7feb390eae80:'/Users/xingl/Desktop/Merchant_python/Code/MVVM/AutoBuild/Packge/Release/MVVM.xcarchive/Products/Applications/MVVM.app/Frameworks/libswiftCoreImage.dylib'>'>
2019-02-14 08:39:27 +0000 [MT] Skipping profile for item: <IDEDistributionItem: 0x7feb39ae5230 'com.apple.dt.runtime.swiftDarwin' '<DVTFilePath:0x7feb390f1140:'/Users/xingl/Desktop/Merchant_python/Code/MVVM/AutoBuild/Packge/Release/MVVM.xcarchive/Products/Applications/MVVM.app/Frameworks/libswiftDarwin.dylib'>'>
2019-02-14 08:39:27 +0000 [MT] Skipping profile for item: <IDEDistributionItem: 0x7feb397e32f0 'com.apple.dt.runtime.swiftDispatch' '<DVTFilePath:0x7feb390ecf80:'/Users/xingl/Desktop/Merchant_python/Code/MVVM/AutoBuild/Packge/Release/MVVM.xcarchive/Products/Applications/MVVM.app/Frameworks/libswiftDispatch.dylib'>'>
2019-02-14 08:39:27 +0000 [MT] Skipping profile for item: <IDEDistributionItem: 0x7feb39954550 'com.apple.dt.runtime.swiftFoundation' '<DVTFilePath:0x7feb390f21a0:'/Users/xingl/Desktop/Merchant_python/Code/MVVM/AutoBuild/Packge/Release/MVVM.xcarchive/Products/Applications/MVVM.app/Frameworks/libswiftFoundation.dylib'>'>
2019-02-14 08:39:27 +0000 [MT] Skipping profile for item: <IDEDistributionItem: 0x7feb398995d0 'com.apple.dt.runtime.swiftMetal' '<DVTFilePath:0x7feb39936a40:'/Users/xingl/Desktop/Merchant_python/Code/MVVM/AutoBuild/Packge/Release/MVVM.xcarchive/Products/Applications/MVVM.app/Frameworks/libswiftMetal.dylib'>'>
2019-02-14 08:39:27 +0000 [MT] Skipping profile for item: <IDEDistributionItem: 0x7feb3995bf30 'com.apple.dt.runtime.swiftObjectiveC' '<DVTFilePath:0x7feb397df000:'/Users/xingl/Desktop/Merchant_python/Code/MVVM/AutoBuild/Packge/Release/MVVM.xcarchive/Products/Applications/MVVM.app/Frameworks/libswiftObjectiveC.dylib'>'>
2019-02-14 08:39:27 +0000 [MT] Skipping profile for item: <IDEDistributionItem: 0x7feb398a27d0 'com.apple.dt.runtime.swiftQuartzCore' '<DVTFilePath:0x7feb390f0dc0:'/Users/xingl/Desktop/Merchant_python/Code/MVVM/AutoBuild/Packge/Release/MVVM.xcarchive/Products/Applications/MVVM.app/Frameworks/libswiftQuartzCore.dylib'>'>
2019-02-14 08:39:27 +0000 [MT] Skipping profile for item: <IDEDistributionItem: 0x7feb398b9be0 'com.apple.dt.runtime.swiftUIKit' '<DVTFilePath:0x7feb39853950:'/Users/xingl/Desktop/Merchant_python/Code/MVVM/AutoBuild/Packge/Release/MVVM.xcarchive/Products/Applications/MVVM.app/Frameworks/libswiftUIKit.dylib'>'>
2019-02-14 08:39:27 +0000 [MT] Skipping profile for item: <IDEDistributionItem: 0x7feb398a6480 'com.apple.dt.runtime.swiftos' '<DVTFilePath:0x7feb390ee450:'/Users/xingl/Desktop/Merchant_python/Code/MVVM/AutoBuild/Packge/Release/MVVM.xcarchive/Products/Applications/MVVM.app/Frameworks/libswiftos.dylib'>'>
2019-02-14 08:39:27 +0000 [MT] Processing step: IDEDistributionAppThinningPlistStep
2019-02-14 08:39:27 +0000 [MT] Skipping step: IDEDistributionAppThinningPlistStep because it said so
2019-02-14 08:39:27 +0000 [MT] Processing step: IDEDistributionCompileBitcodeStep
2019-02-14 08:39:27 +0000 [MT] Skipping step: IDEDistributionCompileBitcodeStep because it said so
2019-02-14 08:39:27 +0000 [MT] Processing step: IDEDistributionCodeSlimmingStep
2019-02-14 08:39:28 +0000 [MT] Processing step: IDEDistributionCopyBCSymbolMapsStep
2019-02-14 08:39:28 +0000 [MT] Skipping step: IDEDistributionCopyBCSymbolMapsStep because it said so
2019-02-14 08:39:28 +0000 [MT] Skipping step: IDEDistributionCopyBCSymbolMapsStep because it said so
2019-02-14 08:39:28 +0000 [MT] Skipping step: IDEDistributionCopyBCSymbolMapsStep because it said so
2019-02-14 08:39:28 +0000 [MT] Skipping step: IDEDistributionCopyBCSymbolMapsStep because it said so
2019-02-14 08:39:28 +0000 [MT] Skipping step: IDEDistributionCopyBCSymbolMapsStep because it said so
2019-02-14 08:39:28 +0000 [MT] Skipping step: IDEDistributionCopyBCSymbolMapsStep because it said so
2019-02-14 08:39:28 +0000 [MT] Skipping step: IDEDistributionCopyBCSymbolMapsStep because it said so
2019-02-14 08:39:28 +0000 [MT] Skipping step: IDEDistributionCopyBCSymbolMapsStep because it said so
2019-02-14 08:39:28 +0000 [MT] Skipping step: IDEDistributionCopyBCSymbolMapsStep because it said so
2019-02-14 08:39:28 +0000 [MT] Skipping step: IDEDistributionCopyBCSymbolMapsStep because it said so
2019-02-14 08:39:28 +0000 [MT] Skipping step: IDEDistributionCopyBCSymbolMapsStep because it said so
2019-02-14 08:39:28 +0000 [MT] Skipping step: IDEDistributionCopyBCSymbolMapsStep because it said so
2019-02-14 08:39:28 +0000 [MT] Skipping step: IDEDistributionCopyBCSymbolMapsStep because it said so
2019-02-14 08:39:28 +0000 [MT] Skipping step: IDEDistributionCopyBCSymbolMapsStep because it said so
2019-02-14 08:39:28 +0000 [MT] Processing step: IDEDistributionSymbolsStep
2019-02-14 08:39:28 +0000 [MT] Skipping step: IDEDistributionSymbolsStep because it said so
2019-02-14 08:39:28 +0000 [MT] Skipping step: IDEDistributionSymbolsStep because it said so
2019-02-14 08:39:28 +0000 [MT] Skipping step: IDEDistributionSymbolsStep because it said so
2019-02-14 08:39:28 +0000 [MT] Skipping step: IDEDistributionSymbolsStep because it said so
2019-02-14 08:39:28 +0000 [MT] Skipping step: IDEDistributionSymbolsStep because it said so
2019-02-14 08:39:28 +0000 [MT] Skipping step: IDEDistributionSymbolsStep because it said so
2019-02-14 08:39:28 +0000 [MT] Skipping step: IDEDistributionSymbolsStep because it said so
2019-02-14 08:39:28 +0000 [MT] Skipping step: IDEDistributionSymbolsStep because it said so
2019-02-14 08:39:28 +0000 [MT] Skipping step: IDEDistributionSymbolsStep because it said so
2019-02-14 08:39:28 +0000 [MT] Skipping step: IDEDistributionSymbolsStep because it said so
2019-02-14 08:39:28 +0000 [MT] Skipping step: IDEDistributionSymbolsStep because it said so
2019-02-14 08:39:28 +0000 [MT] Skipping step: IDEDistributionSymbolsStep because it said so
2019-02-14 08:39:28 +0000 [MT] Skipping step: IDEDistributionSymbolsStep because it said so
2019-02-14 08:39:28 +0000 [MT] Skipping step: IDEDistributionSymbolsStep because it said so
2019-02-14 08:39:28 +0000 [MT] Processing step: IDEDistributionAppThinningStep
2019-02-14 08:39:28 +0000 [MT] Skipping step: IDEDistributionAppThinningStep because it said so
2019-02-14 08:39:28 +0000 [MT] Processing step: IDEDistributionArchThinningStep
2019-02-14 08:39:28 +0000 [MT] Running /Applications/Xcode.app/Contents/Developer/Toolchains/XcodeDefault.xctoolchain/usr/bin/lipo '/var/folders/fh/vrqs8wk55p9_4ywtvt771rdc0000gn/T/XcodeDistPipeline.gwB/Root/Payload/MVVM.app/Frameworks/libswiftCore.dylib' '-verify_arch' 'arm64e'
2019-02-14 08:39:28 +0000 [MT] /Applications/Xcode.app/Contents/Developer/Toolchains/XcodeDefault.xctoolchain/usr/bin/lipo exited with 0
2019-02-14 08:39:28 +0000 [MT] Running /Applications/Xcode.app/Contents/Developer/Toolchains/XcodeDefault.xctoolchain/usr/bin/lipo '/var/folders/fh/vrqs8wk55p9_4ywtvt771rdc0000gn/T/XcodeDistPipeline.gwB/Root/Payload/MVVM.app/Frameworks/libswiftCore.dylib' '-remove' 'arm64e' '-output' '/var/folders/fh/vrqs8wk55p9_4ywtvt771rdc0000gn/T/XcodeDistPipeline.gwB/Root/Payload/MVVM.app/Frameworks/libswiftCore.dylib'
2019-02-14 08:39:28 +0000 [MT] /Applications/Xcode.app/Contents/Developer/Toolchains/XcodeDefault.xctoolchain/usr/bin/lipo exited with 0
2019-02-14 08:39:28 +0000 [MT] Successfully thinned item "libswiftCore.dylib", arch "arm64e"
2019-02-14 08:39:28 +0000 [MT] Running /Applications/Xcode.app/Contents/Developer/Toolchains/XcodeDefault.xctoolchain/usr/bin/lipo '/var/folders/fh/vrqs8wk55p9_4ywtvt771rdc0000gn/T/XcodeDistPipeline.gwB/Root/Payload/MVVM.app/Frameworks/libswiftCoreData.dylib' '-verify_arch' 'arm64e'
2019-02-14 08:39:28 +0000 [MT] /Applications/Xcode.app/Contents/Developer/Toolchains/XcodeDefault.xctoolchain/usr/bin/lipo exited with 0
2019-02-14 08:39:28 +0000 [MT] Running /Applications/Xcode.app/Contents/Developer/Toolchains/XcodeDefault.xctoolchain/usr/bin/lipo '/var/folders/fh/vrqs8wk55p9_4ywtvt771rdc0000gn/T/XcodeDistPipeline.gwB/Root/Payload/MVVM.app/Frameworks/libswiftCoreData.dylib' '-remove' 'arm64e' '-output' '/var/folders/fh/vrqs8wk55p9_4ywtvt771rdc0000gn/T/XcodeDistPipeline.gwB/Root/Payload/MVVM.app/Frameworks/libswiftCoreData.dylib'
2019-02-14 08:39:28 +0000 [MT] /Applications/Xcode.app/Contents/Developer/Toolchains/XcodeDefault.xctoolchain/usr/bin/lipo exited with 0
2019-02-14 08:39:28 +0000 [MT] Successfully thinned item "libswiftCoreData.dylib", arch "arm64e"
2019-02-14 08:39:28 +0000 [MT] Running /Applications/Xcode.app/Contents/Developer/Toolchains/XcodeDefault.xctoolchain/usr/bin/lipo '/var/folders/fh/vrqs8wk55p9_4ywtvt771rdc0000gn/T/XcodeDistPipeline.gwB/Root/Payload/MVVM.app/Frameworks/libswiftCoreFoundation.dylib' '-verify_arch' 'arm64e'
2019-02-14 08:39:28 +0000 [MT] /Applications/Xcode.app/Contents/Developer/Toolchains/XcodeDefault.xctoolchain/usr/bin/lipo exited with 0
2019-02-14 08:39:28 +0000 [MT] Running /Applications/Xcode.app/Contents/Developer/Toolchains/XcodeDefault.xctoolchain/usr/bin/lipo '/var/folders/fh/vrqs8wk55p9_4ywtvt771rdc0000gn/T/XcodeDistPipeline.gwB/Root/Payload/MVVM.app/Frameworks/libswiftCoreFoundation.dylib' '-remove' 'arm64e' '-output' '/var/folders/fh/vrqs8wk55p9_4ywtvt771rdc0000gn/T/XcodeDistPipeline.gwB/Root/Payload/MVVM.app/Frameworks/libswiftCoreFoundation.dylib'
2019-02-14 08:39:28 +0000 [MT] /Applications/Xcode.app/Contents/Developer/Toolchains/XcodeDefault.xctoolchain/usr/bin/lipo exited with 0
2019-02-14 08:39:28 +0000 [MT] Successfully thinned item "libswiftCoreFoundation.dylib", arch "arm64e"
2019-02-14 08:39:28 +0000 [MT] Running /Applications/Xcode.app/Contents/Developer/Toolchains/XcodeDefault.xctoolchain/usr/bin/lipo '/var/folders/fh/vrqs8wk55p9_4ywtvt771rdc0000gn/T/XcodeDistPipeline.gwB/Root/Payload/MVVM.app/Frameworks/libswiftCoreGraphics.dylib' '-verify_arch' 'arm64e'
2019-02-14 08:39:28 +0000 [MT] /Applications/Xcode.app/Contents/Developer/Toolchains/XcodeDefault.xctoolchain/usr/bin/lipo exited with 0
2019-02-14 08:39:28 +0000 [MT] Running /Applications/Xcode.app/Contents/Developer/Toolchains/XcodeDefault.xctoolchain/usr/bin/lipo '/var/folders/fh/vrqs8wk55p9_4ywtvt771rdc0000gn/T/XcodeDistPipeline.gwB/Root/Payload/MVVM.app/Frameworks/libswiftCoreGraphics.dylib' '-remove' 'arm64e' '-output' '/var/folders/fh/vrqs8wk55p9_4ywtvt771rdc0000gn/T/XcodeDistPipeline.gwB/Root/Payload/MVVM.app/Frameworks/libswiftCoreGraphics.dylib'
2019-02-14 08:39:28 +0000 [MT] /Applications/Xcode.app/Contents/Developer/Toolchains/XcodeDefault.xctoolchain/usr/bin/lipo exited with 0
2019-02-14 08:39:28 +0000 [MT] Successfully thinned item "libswiftCoreGraphics.dylib", arch "arm64e"
2019-02-14 08:39:28 +0000 [MT] Running /Applications/Xcode.app/Contents/Developer/Toolchains/XcodeDefault.xctoolchain/usr/bin/lipo '/var/folders/fh/vrqs8wk55p9_4ywtvt771rdc0000gn/T/XcodeDistPipeline.gwB/Root/Payload/MVVM.app/Frameworks/libswiftCoreImage.dylib' '-verify_arch' 'arm64e'
2019-02-14 08:39:28 +0000 [MT] /Applications/Xcode.app/Contents/Developer/Toolchains/XcodeDefault.xctoolchain/usr/bin/lipo exited with 0
2019-02-14 08:39:28 +0000 [MT] Running /Applications/Xcode.app/Contents/Developer/Toolchains/XcodeDefault.xctoolchain/usr/bin/lipo '/var/folders/fh/vrqs8wk55p9_4ywtvt771rdc0000gn/T/XcodeDistPipeline.gwB/Root/Payload/MVVM.app/Frameworks/libswiftCoreImage.dylib' '-remove' 'arm64e' '-output' '/var/folders/fh/vrqs8wk55p9_4ywtvt771rdc0000gn/T/XcodeDistPipeline.gwB/Root/Payload/MVVM.app/Frameworks/libswiftCoreImage.dylib'
2019-02-14 08:39:28 +0000 [MT] /Applications/Xcode.app/Contents/Developer/Toolchains/XcodeDefault.xctoolchain/usr/bin/lipo exited with 0
2019-02-14 08:39:28 +0000 [MT] Successfully thinned item "libswiftCoreImage.dylib", arch "arm64e"
2019-02-14 08:39:28 +0000 [MT] Running /Applications/Xcode.app/Contents/Developer/Toolchains/XcodeDefault.xctoolchain/usr/bin/lipo '/var/folders/fh/vrqs8wk55p9_4ywtvt771rdc0000gn/T/XcodeDistPipeline.gwB/Root/Payload/MVVM.app/Frameworks/libswiftDarwin.dylib' '-verify_arch' 'arm64e'
2019-02-14 08:39:28 +0000 [MT] /Applications/Xcode.app/Contents/Developer/Toolchains/XcodeDefault.xctoolchain/usr/bin/lipo exited with 0
2019-02-14 08:39:28 +0000 [MT] Running /Applications/Xcode.app/Contents/Developer/Toolchains/XcodeDefault.xctoolchain/usr/bin/lipo '/var/folders/fh/vrqs8wk55p9_4ywtvt771rdc0000gn/T/XcodeDistPipeline.gwB/Root/Payload/MVVM.app/Frameworks/libswiftDarwin.dylib' '-remove' 'arm64e' '-output' '/var/folders/fh/vrqs8wk55p9_4ywtvt771rdc0000gn/T/XcodeDistPipeline.gwB/Root/Payload/MVVM.app/Frameworks/libswiftDarwin.dylib'
2019-02-14 08:39:28 +0000 [MT] /Applications/Xcode.app/Contents/Developer/Toolchains/XcodeDefault.xctoolchain/usr/bin/lipo exited with 0
2019-02-14 08:39:28 +0000 [MT] Successfully thinned item "libswiftDarwin.dylib", arch "arm64e"
2019-02-14 08:39:28 +0000 [MT] Running /Applications/Xcode.app/Contents/Developer/Toolchains/XcodeDefault.xctoolchain/usr/bin/lipo '/var/folders/fh/vrqs8wk55p9_4ywtvt771rdc0000gn/T/XcodeDistPipeline.gwB/Root/Payload/MVVM.app/Frameworks/libswiftDispatch.dylib' '-verify_arch' 'arm64e'
2019-02-14 08:39:28 +0000 [MT] /Applications/Xcode.app/Contents/Developer/Toolchains/XcodeDefault.xctoolchain/usr/bin/lipo exited with 0
2019-02-14 08:39:28 +0000 [MT] Running /Applications/Xcode.app/Contents/Developer/Toolchains/XcodeDefault.xctoolchain/usr/bin/lipo '/var/folders/fh/vrqs8wk55p9_4ywtvt771rdc0000gn/T/XcodeDistPipeline.gwB/Root/Payload/MVVM.app/Frameworks/libswiftDispatch.dylib' '-remove' 'arm64e' '-output' '/var/folders/fh/vrqs8wk55p9_4ywtvt771rdc0000gn/T/XcodeDistPipeline.gwB/Root/Payload/MVVM.app/Frameworks/libswiftDispatch.dylib'
2019-02-14 08:39:28 +0000 [MT] /Applications/Xcode.app/Contents/Developer/Toolchains/XcodeDefault.xctoolchain/usr/bin/lipo exited with 0
2019-02-14 08:39:28 +0000 [MT] Successfully thinned item "libswiftDispatch.dylib", arch "arm64e"
2019-02-14 08:39:28 +0000 [MT] Running /Applications/Xcode.app/Contents/Developer/Toolchains/XcodeDefault.xctoolchain/usr/bin/lipo '/var/folders/fh/vrqs8wk55p9_4ywtvt771rdc0000gn/T/XcodeDistPipeline.gwB/Root/Payload/MVVM.app/Frameworks/libswiftFoundation.dylib' '-verify_arch' 'arm64e'
2019-02-14 08:39:28 +0000 [MT] /Applications/Xcode.app/Contents/Developer/Toolchains/XcodeDefault.xctoolchain/usr/bin/lipo exited with 0
2019-02-14 08:39:28 +0000 [MT] Running /Applications/Xcode.app/Contents/Developer/Toolchains/XcodeDefault.xctoolchain/usr/bin/lipo '/var/folders/fh/vrqs8wk55p9_4ywtvt771rdc0000gn/T/XcodeDistPipeline.gwB/Root/Payload/MVVM.app/Frameworks/libswiftFoundation.dylib' '-remove' 'arm64e' '-output' '/var/folders/fh/vrqs8wk55p9_4ywtvt771rdc0000gn/T/XcodeDistPipeline.gwB/Root/Payload/MVVM.app/Frameworks/libswiftFoundation.dylib'
2019-02-14 08:39:28 +0000 [MT] /Applications/Xcode.app/Contents/Developer/Toolchains/XcodeDefault.xctoolchain/usr/bin/lipo exited with 0
2019-02-14 08:39:28 +0000 [MT] Successfully thinned item "libswiftFoundation.dylib", arch "arm64e"
2019-02-14 08:39:28 +0000 [MT] Running /Applications/Xcode.app/Contents/Developer/Toolchains/XcodeDefault.xctoolchain/usr/bin/lipo '/var/folders/fh/vrqs8wk55p9_4ywtvt771rdc0000gn/T/XcodeDistPipeline.gwB/Root/Payload/MVVM.app/Frameworks/libswiftMetal.dylib' '-verify_arch' 'arm64e'
2019-02-14 08:39:28 +0000 [MT] /Applications/Xcode.app/Contents/Developer/Toolchains/XcodeDefault.xctoolchain/usr/bin/lipo exited with 0
2019-02-14 08:39:28 +0000 [MT] Running /Applications/Xcode.app/Contents/Developer/Toolchains/XcodeDefault.xctoolchain/usr/bin/lipo '/var/folders/fh/vrqs8wk55p9_4ywtvt771rdc0000gn/T/XcodeDistPipeline.gwB/Root/Payload/MVVM.app/Frameworks/libswiftMetal.dylib' '-remove' 'arm64e' '-output' '/var/folders/fh/vrqs8wk55p9_4ywtvt771rdc0000gn/T/XcodeDistPipeline.gwB/Root/Payload/MVVM.app/Frameworks/libswiftMetal.dylib'
2019-02-14 08:39:28 +0000 [MT] /Applications/Xcode.app/Contents/Developer/Toolchains/XcodeDefault.xctoolchain/usr/bin/lipo exited with 0
2019-02-14 08:39:28 +0000 [MT] Successfully thinned item "libswiftMetal.dylib", arch "arm64e"
2019-02-14 08:39:28 +0000 [MT] Running /Applications/Xcode.app/Contents/Developer/Toolchains/XcodeDefault.xctoolchain/usr/bin/lipo '/var/folders/fh/vrqs8wk55p9_4ywtvt771rdc0000gn/T/XcodeDistPipeline.gwB/Root/Payload/MVVM.app/Frameworks/libswiftObjectiveC.dylib' '-verify_arch' 'arm64e'
2019-02-14 08:39:28 +0000 [MT] /Applications/Xcode.app/Contents/Developer/Toolchains/XcodeDefault.xctoolchain/usr/bin/lipo exited with 0
2019-02-14 08:39:28 +0000 [MT] Running /Applications/Xcode.app/Contents/Developer/Toolchains/XcodeDefault.xctoolchain/usr/bin/lipo '/var/folders/fh/vrqs8wk55p9_4ywtvt771rdc0000gn/T/XcodeDistPipeline.gwB/Root/Payload/MVVM.app/Frameworks/libswiftObjectiveC.dylib' '-remove' 'arm64e' '-output' '/var/folders/fh/vrqs8wk55p9_4ywtvt771rdc0000gn/T/XcodeDistPipeline.gwB/Root/Payload/MVVM.app/Frameworks/libswiftObjectiveC.dylib'
2019-02-14 08:39:28 +0000 [MT] /Applications/Xcode.app/Contents/Developer/Toolchains/XcodeDefault.xctoolchain/usr/bin/lipo exited with 0
2019-02-14 08:39:28 +0000 [MT] Successfully thinned item "libswiftObjectiveC.dylib", arch "arm64e"
2019-02-14 08:39:28 +0000 [MT] Running /Applications/Xcode.app/Contents/Developer/Toolchains/XcodeDefault.xctoolchain/usr/bin/lipo '/var/folders/fh/vrqs8wk55p9_4ywtvt771rdc0000gn/T/XcodeDistPipeline.gwB/Root/Payload/MVVM.app/Frameworks/libswiftQuartzCore.dylib' '-verify_arch' 'arm64e'
2019-02-14 08:39:28 +0000 [MT] /Applications/Xcode.app/Contents/Developer/Toolchains/XcodeDefault.xctoolchain/usr/bin/lipo exited with 0
2019-02-14 08:39:28 +0000 [MT] Running /Applications/Xcode.app/Contents/Developer/Toolchains/XcodeDefault.xctoolchain/usr/bin/lipo '/var/folders/fh/vrqs8wk55p9_4ywtvt771rdc0000gn/T/XcodeDistPipeline.gwB/Root/Payload/MVVM.app/Frameworks/libswiftQuartzCore.dylib' '-remove' 'arm64e' '-output' '/var/folders/fh/vrqs8wk55p9_4ywtvt771rdc0000gn/T/XcodeDistPipeline.gwB/Root/Payload/MVVM.app/Frameworks/libswiftQuartzCore.dylib'
2019-02-14 08:39:28 +0000 [MT] /Applications/Xcode.app/Contents/Developer/Toolchains/XcodeDefault.xctoolchain/usr/bin/lipo exited with 0
2019-02-14 08:39:28 +0000 [MT] Successfully thinned item "libswiftQuartzCore.dylib", arch "arm64e"
2019-02-14 08:39:28 +0000 [MT] Running /Applications/Xcode.app/Contents/Developer/Toolchains/XcodeDefault.xctoolchain/usr/bin/lipo '/var/folders/fh/vrqs8wk55p9_4ywtvt771rdc0000gn/T/XcodeDistPipeline.gwB/Root/Payload/MVVM.app/Frameworks/libswiftUIKit.dylib' '-verify_arch' 'arm64e'
2019-02-14 08:39:28 +0000 [MT] /Applications/Xcode.app/Contents/Developer/Toolchains/XcodeDefault.xctoolchain/usr/bin/lipo exited with 0
2019-02-14 08:39:28 +0000 [MT] Running /Applications/Xcode.app/Contents/Developer/Toolchains/XcodeDefault.xctoolchain/usr/bin/lipo '/var/folders/fh/vrqs8wk55p9_4ywtvt771rdc0000gn/T/XcodeDistPipeline.gwB/Root/Payload/MVVM.app/Frameworks/libswiftUIKit.dylib' '-remove' 'arm64e' '-output' '/var/folders/fh/vrqs8wk55p9_4ywtvt771rdc0000gn/T/XcodeDistPipeline.gwB/Root/Payload/MVVM.app/Frameworks/libswiftUIKit.dylib'
2019-02-14 08:39:28 +0000 [MT] /Applications/Xcode.app/Contents/Developer/Toolchains/XcodeDefault.xctoolchain/usr/bin/lipo exited with 0
2019-02-14 08:39:28 +0000 [MT] Successfully thinned item "libswiftUIKit.dylib", arch "arm64e"
2019-02-14 08:39:28 +0000 [MT] Running /Applications/Xcode.app/Contents/Developer/Toolchains/XcodeDefault.xctoolchain/usr/bin/lipo '/var/folders/fh/vrqs8wk55p9_4ywtvt771rdc0000gn/T/XcodeDistPipeline.gwB/Root/Payload/MVVM.app/Frameworks/libswiftos.dylib' '-verify_arch' 'arm64e'
2019-02-14 08:39:28 +0000 [MT] /Applications/Xcode.app/Contents/Developer/Toolchains/XcodeDefault.xctoolchain/usr/bin/lipo exited with 0
2019-02-14 08:39:28 +0000 [MT] Running /Applications/Xcode.app/Contents/Developer/Toolchains/XcodeDefault.xctoolchain/usr/bin/lipo '/var/folders/fh/vrqs8wk55p9_4ywtvt771rdc0000gn/T/XcodeDistPipeline.gwB/Root/Payload/MVVM.app/Frameworks/libswiftos.dylib' '-remove' 'arm64e' '-output' '/var/folders/fh/vrqs8wk55p9_4ywtvt771rdc0000gn/T/XcodeDistPipeline.gwB/Root/Payload/MVVM.app/Frameworks/libswiftos.dylib'
2019-02-14 08:39:28 +0000 [MT] /Applications/Xcode.app/Contents/Developer/Toolchains/XcodeDefault.xctoolchain/usr/bin/lipo exited with 0
2019-02-14 08:39:28 +0000 [MT] Successfully thinned item "libswiftos.dylib", arch "arm64e"
2019-02-14 08:39:28 +0000 [MT] Running /Applications/Xcode.app/Contents/Developer/Toolchains/XcodeDefault.xctoolchain/usr/bin/lipo '/var/folders/fh/vrqs8wk55p9_4ywtvt771rdc0000gn/T/XcodeDistPipeline.gwB/Root/Payload/MVVM.app/MVVM' '-verify_arch' 'arm64e'
2019-02-14 08:39:28 +0000 [MT] /Applications/Xcode.app/Contents/Developer/Toolchains/XcodeDefault.xctoolchain/usr/bin/lipo exited with 1
2019-02-14 08:39:28 +0000 [MT] Skipping architecture thinning for item "MVVM" because arch "arm64e" wasn't found
2019-02-14 08:39:28 +0000 [MT] Processing step: IDEDistributionODRStep
2019-02-14 08:39:28 +0000 [MT] Processing step: IDEDistributionStripXattrsStep
2019-02-14 08:39:28 +0000 [MT] Skipping stripping extended attributes of item: <IDEDistributionItem: 0x7feb3985ef10 'com.apple.dt.runtime.swiftCore' '<DVTFilePath:0x7feb39850b60:'/Users/xingl/Desktop/Merchant_python/Code/MVVM/AutoBuild/Packge/Release/MVVM.xcarchive/Products/Applications/MVVM.app/Frameworks/libswiftCore.dylib'>'>
2019-02-14 08:39:28 +0000 [MT] Skipping stripping extended attributes of item: <IDEDistributionItem: 0x7feb398b7420 'com.apple.dt.runtime.swiftCoreData' '<DVTFilePath:0x7feb398558b0:'/Users/xingl/Desktop/Merchant_python/Code/MVVM/AutoBuild/Packge/Release/MVVM.xcarchive/Products/Applications/MVVM.app/Frameworks/libswiftCoreData.dylib'>'>
2019-02-14 08:39:28 +0000 [MT] Skipping stripping extended attributes of item: <IDEDistributionItem: 0x7feb3989bf90 'com.apple.dt.runtime.swiftCoreFoundation' '<DVTFilePath:0x7feb390eec40:'/Users/xingl/Desktop/Merchant_python/Code/MVVM/AutoBuild/Packge/Release/MVVM.xcarchive/Products/Applications/MVVM.app/Frameworks/libswiftCoreFoundation.dylib'>'>
2019-02-14 08:39:28 +0000 [MT] Skipping stripping extended attributes of item: <IDEDistributionItem: 0x7feb3994d3c0 'com.apple.dt.runtime.swiftCoreGraphics' '<DVTFilePath:0x7feb39852280:'/Users/xingl/Desktop/Merchant_python/Code/MVVM/AutoBuild/Packge/Release/MVVM.xcarchive/Products/Applications/MVVM.app/Frameworks/libswiftCoreGraphics.dylib'>'>
2019-02-14 08:39:28 +0000 [MT] Skipping stripping extended attributes of item: <IDEDistributionItem: 0x7feb398b4d40 'com.apple.dt.runtime.swiftCoreImage' '<DVTFilePath:0x7feb390eae80:'/Users/xingl/Desktop/Merchant_python/Code/MVVM/AutoBuild/Packge/Release/MVVM.xcarchive/Products/Applications/MVVM.app/Frameworks/libswiftCoreImage.dylib'>'>
2019-02-14 08:39:28 +0000 [MT] Skipping stripping extended attributes of item: <IDEDistributionItem: 0x7feb39ae5230 'com.apple.dt.runtime.swiftDarwin' '<DVTFilePath:0x7feb390f1140:'/Users/xingl/Desktop/Merchant_python/Code/MVVM/AutoBuild/Packge/Release/MVVM.xcarchive/Products/Applications/MVVM.app/Frameworks/libswiftDarwin.dylib'>'>
2019-02-14 08:39:28 +0000 [MT] Skipping stripping extended attributes of item: <IDEDistributionItem: 0x7feb397e32f0 'com.apple.dt.runtime.swiftDispatch' '<DVTFilePath:0x7feb390ecf80:'/Users/xingl/Desktop/Merchant_python/Code/MVVM/AutoBuild/Packge/Release/MVVM.xcarchive/Products/Applications/MVVM.app/Frameworks/libswiftDispatch.dylib'>'>
2019-02-14 08:39:28 +0000 [MT] Skipping stripping extended attributes of item: <IDEDistributionItem: 0x7feb39954550 'com.apple.dt.runtime.swiftFoundation' '<DVTFilePath:0x7feb390f21a0:'/Users/xingl/Desktop/Merchant_python/Code/MVVM/AutoBuild/Packge/Release/MVVM.xcarchive/Products/Applications/MVVM.app/Frameworks/libswiftFoundation.dylib'>'>
2019-02-14 08:39:28 +0000 [MT] Skipping stripping extended attributes of item: <IDEDistributionItem: 0x7feb398995d0 'com.apple.dt.runtime.swiftMetal' '<DVTFilePath:0x7feb39936a40:'/Users/xingl/Desktop/Merchant_python/Code/MVVM/AutoBuild/Packge/Release/MVVM.xcarchive/Products/Applications/MVVM.app/Frameworks/libswiftMetal.dylib'>'>
2019-02-14 08:39:28 +0000 [MT] Skipping stripping extended attributes of item: <IDEDistributionItem: 0x7feb3995bf30 'com.apple.dt.runtime.swiftObjectiveC' '<DVTFilePath:0x7feb397df000:'/Users/xingl/Desktop/Merchant_python/Code/MVVM/AutoBuild/Packge/Release/MVVM.xcarchive/Products/Applications/MVVM.app/Frameworks/libswiftObjectiveC.dylib'>'>
2019-02-14 08:39:28 +0000 [MT] Skipping stripping extended attributes of item: <IDEDistributionItem: 0x7feb398a27d0 'com.apple.dt.runtime.swiftQuartzCore' '<DVTFilePath:0x7feb390f0dc0:'/Users/xingl/Desktop/Merchant_python/Code/MVVM/AutoBuild/Packge/Release/MVVM.xcarchive/Products/Applications/MVVM.app/Frameworks/libswiftQuartzCore.dylib'>'>
2019-02-14 08:39:28 +0000 [MT] Skipping stripping extended attributes of item: <IDEDistributionItem: 0x7feb398b9be0 'com.apple.dt.runtime.swiftUIKit' '<DVTFilePath:0x7feb39853950:'/Users/xingl/Desktop/Merchant_python/Code/MVVM/AutoBuild/Packge/Release/MVVM.xcarchive/Products/Applications/MVVM.app/Frameworks/libswiftUIKit.dylib'>'>
2019-02-14 08:39:28 +0000 [MT] Skipping stripping extended attributes of item: <IDEDistributionItem: 0x7feb398a6480 'com.apple.dt.runtime.swiftos' '<DVTFilePath:0x7feb390ee450:'/Users/xingl/Desktop/Merchant_python/Code/MVVM/AutoBuild/Packge/Release/MVVM.xcarchive/Products/Applications/MVVM.app/Frameworks/libswiftos.dylib'>'>
2019-02-14 08:39:28 +0000 [MT] Running /usr/bin/xattr '-crs' '/var/folders/fh/vrqs8wk55p9_4ywtvt771rdc0000gn/T/XcodeDistPipeline.gwB/Root/Payload/MVVM.app'
2019-02-14 08:39:29 +0000 [MT] /usr/bin/xattr exited with 0
2019-02-14 08:39:29 +0000 [MT] Processing step: IDEDistributionCodesignStep
2019-02-14 08:39:29 +0000 [MT] Entitlements for <IDEDistributionItem: 0x7feb3985ef10 'com.apple.dt.runtime.swiftCore' '<DVTFilePath:0x7feb39850b60:'/Users/xingl/Desktop/Merchant_python/Code/MVVM/AutoBuild/Packge/Release/MVVM.xcarchive/Products/Applications/MVVM.app/Frameworks/libswiftCore.dylib'>'>: {
}
2019-02-14 08:39:29 +0000 [MT] Writing entitlements for <IDEDistributionItem: 0x7feb3985ef10 'com.apple.dt.runtime.swiftCore' '<DVTFilePath:0x7feb39850b60:'/Users/xingl/Desktop/Merchant_python/Code/MVVM/AutoBuild/Packge/Release/MVVM.xcarchive/Products/Applications/MVVM.app/Frameworks/libswiftCore.dylib'>'> to: /var/folders/fh/vrqs8wk55p9_4ywtvt771rdc0000gn/T/XcodeDistPipeline.gwB/entitlementsmfOA46
2019-02-14 08:39:29 +0000 [MT] Running /usr/bin/codesign '-vvv' '--force' '--sign' '29FF050C25D160725D79E2E9E155B7EA73F5EB0B' '--entitlements' '/var/folders/fh/vrqs8wk55p9_4ywtvt771rdc0000gn/T/XcodeDistPipeline.gwB/entitlementsmfOA46' '--preserve-metadata=identifier,flags,runtime' '/var/folders/fh/vrqs8wk55p9_4ywtvt771rdc0000gn/T/XcodeDistPipeline.gwB/Root/Payload/MVVM.app/Frameworks/libswiftCore.dylib'
2019-02-14 08:39:29 +0000  /var/folders/fh/vrqs8wk55p9_4ywtvt771rdc0000gn/T/XcodeDistPipeline.gwB/Root/Payload/MVVM.app/Frameworks/libswiftCore.dylib: signed Mach-O universal (armv7 armv7s arm64) [com.apple.dt.runtime.swiftCore]
2019-02-14 08:39:29 +0000 [MT] /usr/bin/codesign exited with 0
2019-02-14 08:39:29 +0000 [MT] Entitlements for <IDEDistributionItem: 0x7feb398b7420 'com.apple.dt.runtime.swiftCoreData' '<DVTFilePath:0x7feb398558b0:'/Users/xingl/Desktop/Merchant_python/Code/MVVM/AutoBuild/Packge/Release/MVVM.xcarchive/Products/Applications/MVVM.app/Frameworks/libswiftCoreData.dylib'>'>: {
}
2019-02-14 08:39:29 +0000 [MT] Writing entitlements for <IDEDistributionItem: 0x7feb398b7420 'com.apple.dt.runtime.swiftCoreData' '<DVTFilePath:0x7feb398558b0:'/Users/xingl/Desktop/Merchant_python/Code/MVVM/AutoBuild/Packge/Release/MVVM.xcarchive/Products/Applications/MVVM.app/Frameworks/libswiftCoreData.dylib'>'> to: /var/folders/fh/vrqs8wk55p9_4ywtvt771rdc0000gn/T/XcodeDistPipeline.gwB/entitlementsYgZ2pD
2019-02-14 08:39:29 +0000 [MT] Running /usr/bin/codesign '-vvv' '--force' '--sign' '29FF050C25D160725D79E2E9E155B7EA73F5EB0B' '--entitlements' '/var/folders/fh/vrqs8wk55p9_4ywtvt771rdc0000gn/T/XcodeDistPipeline.gwB/entitlementsYgZ2pD' '--preserve-metadata=identifier,flags,runtime' '/var/folders/fh/vrqs8wk55p9_4ywtvt771rdc0000gn/T/XcodeDistPipeline.gwB/Root/Payload/MVVM.app/Frameworks/libswiftCoreData.dylib'
2019-02-14 08:39:30 +0000  /var/folders/fh/vrqs8wk55p9_4ywtvt771rdc0000gn/T/XcodeDistPipeline.gwB/Root/Payload/MVVM.app/Frameworks/libswiftCoreData.dylib: signed Mach-O universal (armv7 armv7s arm64) [com.apple.dt.runtime.swiftCoreData]
2019-02-14 08:39:30 +0000 [MT] /usr/bin/codesign exited with 0
2019-02-14 08:39:30 +0000 [MT] Entitlements for <IDEDistributionItem: 0x7feb3989bf90 'com.apple.dt.runtime.swiftCoreFoundation' '<DVTFilePath:0x7feb390eec40:'/Users/xingl/Desktop/Merchant_python/Code/MVVM/AutoBuild/Packge/Release/MVVM.xcarchive/Products/Applications/MVVM.app/Frameworks/libswiftCoreFoundation.dylib'>'>: {
}
2019-02-14 08:39:30 +0000 [MT] Writing entitlements for <IDEDistributionItem: 0x7feb3989bf90 'com.apple.dt.runtime.swiftCoreFoundation' '<DVTFilePath:0x7feb390eec40:'/Users/xingl/Desktop/Merchant_python/Code/MVVM/AutoBuild/Packge/Release/MVVM.xcarchive/Products/Applications/MVVM.app/Frameworks/libswiftCoreFoundation.dylib'>'> to: /var/folders/fh/vrqs8wk55p9_4ywtvt771rdc0000gn/T/XcodeDistPipeline.gwB/entitlementsN3Uz0Y
2019-02-14 08:39:30 +0000 [MT] Running /usr/bin/codesign '-vvv' '--force' '--sign' '29FF050C25D160725D79E2E9E155B7EA73F5EB0B' '--entitlements' '/var/folders/fh/vrqs8wk55p9_4ywtvt771rdc0000gn/T/XcodeDistPipeline.gwB/entitlementsN3Uz0Y' '--preserve-metadata=identifier,flags,runtime' '/var/folders/fh/vrqs8wk55p9_4ywtvt771rdc0000gn/T/XcodeDistPipeline.gwB/Root/Payload/MVVM.app/Frameworks/libswiftCoreFoundation.dylib'
2019-02-14 08:39:30 +0000  /var/folders/fh/vrqs8wk55p9_4ywtvt771rdc0000gn/T/XcodeDistPipeline.gwB/Root/Payload/MVVM.app/Frameworks/libswiftCoreFoundation.dylib: signed Mach-O universal (armv7 armv7s arm64) [com.apple.dt.runtime.swiftCoreFoundation]
2019-02-14 08:39:30 +0000 [MT] /usr/bin/codesign exited with 0
2019-02-14 08:39:30 +0000 [MT] Entitlements for <IDEDistributionItem: 0x7feb3994d3c0 'com.apple.dt.runtime.swiftCoreGraphics' '<DVTFilePath:0x7feb39852280:'/Users/xingl/Desktop/Merchant_python/Code/MVVM/AutoBuild/Packge/Release/MVVM.xcarchive/Products/Applications/MVVM.app/Frameworks/libswiftCoreGraphics.dylib'>'>: {
}
2019-02-14 08:39:30 +0000 [MT] Writing entitlements for <IDEDistributionItem: 0x7feb3994d3c0 'com.apple.dt.runtime.swiftCoreGraphics' '<DVTFilePath:0x7feb39852280:'/Users/xingl/Desktop/Merchant_python/Code/MVVM/AutoBuild/Packge/Release/MVVM.xcarchive/Products/Applications/MVVM.app/Frameworks/libswiftCoreGraphics.dylib'>'> to: /var/folders/fh/vrqs8wk55p9_4ywtvt771rdc0000gn/T/XcodeDistPipeline.gwB/entitlementshlHA1p
2019-02-14 08:39:30 +0000 [MT] Running /usr/bin/codesign '-vvv' '--force' '--sign' '29FF050C25D160725D79E2E9E155B7EA73F5EB0B' '--entitlements' '/var/folders/fh/vrqs8wk55p9_4ywtvt771rdc0000gn/T/XcodeDistPipeline.gwB/entitlementshlHA1p' '--preserve-metadata=identifier,flags,runtime' '/var/folders/fh/vrqs8wk55p9_4ywtvt771rdc0000gn/T/XcodeDistPipeline.gwB/Root/Payload/MVVM.app/Frameworks/libswiftCoreGraphics.dylib'
2019-02-14 08:39:30 +0000  /var/folders/fh/vrqs8wk55p9_4ywtvt771rdc0000gn/T/XcodeDistPipeline.gwB/Root/Payload/MVVM.app/Frameworks/libswiftCoreGraphics.dylib: signed Mach-O universal (armv7 armv7s arm64) [com.apple.dt.runtime.swiftCoreGraphics]
2019-02-14 08:39:30 +0000 [MT] /usr/bin/codesign exited with 0
2019-02-14 08:39:30 +0000 [MT] Entitlements for <IDEDistributionItem: 0x7feb398b4d40 'com.apple.dt.runtime.swiftCoreImage' '<DVTFilePath:0x7feb390eae80:'/Users/xingl/Desktop/Merchant_python/Code/MVVM/AutoBuild/Packge/Release/MVVM.xcarchive/Products/Applications/MVVM.app/Frameworks/libswiftCoreImage.dylib'>'>: {
}
2019-02-14 08:39:30 +0000 [MT] Writing entitlements for <IDEDistributionItem: 0x7feb398b4d40 'com.apple.dt.runtime.swiftCoreImage' '<DVTFilePath:0x7feb390eae80:'/Users/xingl/Desktop/Merchant_python/Code/MVVM/AutoBuild/Packge/Release/MVVM.xcarchive/Products/Applications/MVVM.app/Frameworks/libswiftCoreImage.dylib'>'> to: /var/folders/fh/vrqs8wk55p9_4ywtvt771rdc0000gn/T/XcodeDistPipeline.gwB/entitlementsNP3wrQ
2019-02-14 08:39:30 +0000 [MT] Running /usr/bin/codesign '-vvv' '--force' '--sign' '29FF050C25D160725D79E2E9E155B7EA73F5EB0B' '--entitlements' '/var/folders/fh/vrqs8wk55p9_4ywtvt771rdc0000gn/T/XcodeDistPipeline.gwB/entitlementsNP3wrQ' '--preserve-metadata=identifier,flags,runtime' '/var/folders/fh/vrqs8wk55p9_4ywtvt771rdc0000gn/T/XcodeDistPipeline.gwB/Root/Payload/MVVM.app/Frameworks/libswiftCoreImage.dylib'
2019-02-14 08:39:31 +0000  /var/folders/fh/vrqs8wk55p9_4ywtvt771rdc0000gn/T/XcodeDistPipeline.gwB/Root/Payload/MVVM.app/Frameworks/libswiftCoreImage.dylib: signed Mach-O universal (armv7 armv7s arm64) [com.apple.dt.runtime.swiftCoreImage]
2019-02-14 08:39:31 +0000 [MT] /usr/bin/codesign exited with 0
2019-02-14 08:39:31 +0000 [MT] Entitlements for <IDEDistributionItem: 0x7feb39ae5230 'com.apple.dt.runtime.swiftDarwin' '<DVTFilePath:0x7feb390f1140:'/Users/xingl/Desktop/Merchant_python/Code/MVVM/AutoBuild/Packge/Release/MVVM.xcarchive/Products/Applications/MVVM.app/Frameworks/libswiftDarwin.dylib'>'>: {
}
2019-02-14 08:39:31 +0000 [MT] Writing entitlements for <IDEDistributionItem: 0x7feb39ae5230 'com.apple.dt.runtime.swiftDarwin' '<DVTFilePath:0x7feb390f1140:'/Users/xingl/Desktop/Merchant_python/Code/MVVM/AutoBuild/Packge/Release/MVVM.xcarchive/Products/Applications/MVVM.app/Frameworks/libswiftDarwin.dylib'>'> to: /var/folders/fh/vrqs8wk55p9_4ywtvt771rdc0000gn/T/XcodeDistPipeline.gwB/entitlementstKE5FL
2019-02-14 08:39:31 +0000 [MT] Running /usr/bin/codesign '-vvv' '--force' '--sign' '29FF050C25D160725D79E2E9E155B7EA73F5EB0B' '--entitlements' '/var/folders/fh/vrqs8wk55p9_4ywtvt771rdc0000gn/T/XcodeDistPipeline.gwB/entitlementstKE5FL' '--preserve-metadata=identifier,flags,runtime' '/var/folders/fh/vrqs8wk55p9_4ywtvt771rdc0000gn/T/XcodeDistPipeline.gwB/Root/Payload/MVVM.app/Frameworks/libswiftDarwin.dylib'
2019-02-14 08:39:31 +0000  /var/folders/fh/vrqs8wk55p9_4ywtvt771rdc0000gn/T/XcodeDistPipeline.gwB/Root/Payload/MVVM.app/Frameworks/libswiftDarwin.dylib: signed Mach-O universal (armv7 armv7s arm64) [com.apple.dt.runtime.swiftDarwin]
2019-02-14 08:39:31 +0000 [MT] /usr/bin/codesign exited with 0
2019-02-14 08:39:31 +0000 [MT] Entitlements for <IDEDistributionItem: 0x7feb397e32f0 'com.apple.dt.runtime.swiftDispatch' '<DVTFilePath:0x7feb390ecf80:'/Users/xingl/Desktop/Merchant_python/Code/MVVM/AutoBuild/Packge/Release/MVVM.xcarchive/Products/Applications/MVVM.app/Frameworks/libswiftDispatch.dylib'>'>: {
}
2019-02-14 08:39:31 +0000 [MT] Writing entitlements for <IDEDistributionItem: 0x7feb397e32f0 'com.apple.dt.runtime.swiftDispatch' '<DVTFilePath:0x7feb390ecf80:'/Users/xingl/Desktop/Merchant_python/Code/MVVM/AutoBuild/Packge/Release/MVVM.xcarchive/Products/Applications/MVVM.app/Frameworks/libswiftDispatch.dylib'>'> to: /var/folders/fh/vrqs8wk55p9_4ywtvt771rdc0000gn/T/XcodeDistPipeline.gwB/entitlementsrBg3Ab
2019-02-14 08:39:31 +0000 [MT] Running /usr/bin/codesign '-vvv' '--force' '--sign' '29FF050C25D160725D79E2E9E155B7EA73F5EB0B' '--entitlements' '/var/folders/fh/vrqs8wk55p9_4ywtvt771rdc0000gn/T/XcodeDistPipeline.gwB/entitlementsrBg3Ab' '--preserve-metadata=identifier,flags,runtime' '/var/folders/fh/vrqs8wk55p9_4ywtvt771rdc0000gn/T/XcodeDistPipeline.gwB/Root/Payload/MVVM.app/Frameworks/libswiftDispatch.dylib'
2019-02-14 08:39:31 +0000  /var/folders/fh/vrqs8wk55p9_4ywtvt771rdc0000gn/T/XcodeDistPipeline.gwB/Root/Payload/MVVM.app/Frameworks/libswiftDispatch.dylib: signed Mach-O universal (armv7 armv7s arm64) [com.apple.dt.runtime.swiftDispatch]
2019-02-14 08:39:31 +0000 [MT] /usr/bin/codesign exited with 0
2019-02-14 08:39:31 +0000 [MT] Entitlements for <IDEDistributionItem: 0x7feb39954550 'com.apple.dt.runtime.swiftFoundation' '<DVTFilePath:0x7feb390f21a0:'/Users/xingl/Desktop/Merchant_python/Code/MVVM/AutoBuild/Packge/Release/MVVM.xcarchive/Products/Applications/MVVM.app/Frameworks/libswiftFoundation.dylib'>'>: {
}
2019-02-14 08:39:31 +0000 [MT] Writing entitlements for <IDEDistributionItem: 0x7feb39954550 'com.apple.dt.runtime.swiftFoundation' '<DVTFilePath:0x7feb390f21a0:'/Users/xingl/Desktop/Merchant_python/Code/MVVM/AutoBuild/Packge/Release/MVVM.xcarchive/Products/Applications/MVVM.app/Frameworks/libswiftFoundation.dylib'>'> to: /var/folders/fh/vrqs8wk55p9_4ywtvt771rdc0000gn/T/XcodeDistPipeline.gwB/entitlementszfOnAR
2019-02-14 08:39:31 +0000 [MT] Running /usr/bin/codesign '-vvv' '--force' '--sign' '29FF050C25D160725D79E2E9E155B7EA73F5EB0B' '--entitlements' '/var/folders/fh/vrqs8wk55p9_4ywtvt771rdc0000gn/T/XcodeDistPipeline.gwB/entitlementszfOnAR' '--preserve-metadata=identifier,flags,runtime' '/var/folders/fh/vrqs8wk55p9_4ywtvt771rdc0000gn/T/XcodeDistPipeline.gwB/Root/Payload/MVVM.app/Frameworks/libswiftFoundation.dylib'
2019-02-14 08:39:31 +0000  /var/folders/fh/vrqs8wk55p9_4ywtvt771rdc0000gn/T/XcodeDistPipeline.gwB/Root/Payload/MVVM.app/Frameworks/libswiftFoundation.dylib: signed Mach-O universal (armv7 armv7s arm64) [com.apple.dt.runtime.swiftFoundation]
2019-02-14 08:39:31 +0000 [MT] /usr/bin/codesign exited with 0
2019-02-14 08:39:31 +0000 [MT] Entitlements for <IDEDistributionItem: 0x7feb398995d0 'com.apple.dt.runtime.swiftMetal' '<DVTFilePath:0x7feb39936a40:'/Users/xingl/Desktop/Merchant_python/Code/MVVM/AutoBuild/Packge/Release/MVVM.xcarchive/Products/Applications/MVVM.app/Frameworks/libswiftMetal.dylib'>'>: {
}
2019-02-14 08:39:31 +0000 [MT] Writing entitlements for <IDEDistributionItem: 0x7feb398995d0 'com.apple.dt.runtime.swiftMetal' '<DVTFilePath:0x7feb39936a40:'/Users/xingl/Desktop/Merchant_python/Code/MVVM/AutoBuild/Packge/Release/MVVM.xcarchive/Products/Applications/MVVM.app/Frameworks/libswiftMetal.dylib'>'> to: /var/folders/fh/vrqs8wk55p9_4ywtvt771rdc0000gn/T/XcodeDistPipeline.gwB/entitlementsG4G3CH
2019-02-14 08:39:31 +0000 [MT] Running /usr/bin/codesign '-vvv' '--force' '--sign' '29FF050C25D160725D79E2E9E155B7EA73F5EB0B' '--entitlements' '/var/folders/fh/vrqs8wk55p9_4ywtvt771rdc0000gn/T/XcodeDistPipeline.gwB/entitlementsG4G3CH' '--preserve-metadata=identifier,flags,runtime' '/var/folders/fh/vrqs8wk55p9_4ywtvt771rdc0000gn/T/XcodeDistPipeline.gwB/Root/Payload/MVVM.app/Frameworks/libswiftMetal.dylib'
2019-02-14 08:39:32 +0000  /var/folders/fh/vrqs8wk55p9_4ywtvt771rdc0000gn/T/XcodeDistPipeline.gwB/Root/Payload/MVVM.app/Frameworks/libswiftMetal.dylib: signed Mach-O universal (armv7 armv7s arm64) [com.apple.dt.runtime.swiftMetal]
2019-02-14 08:39:32 +0000 [MT] /usr/bin/codesign exited with 0
2019-02-14 08:39:32 +0000 [MT] Entitlements for <IDEDistributionItem: 0x7feb3995bf30 'com.apple.dt.runtime.swiftObjectiveC' '<DVTFilePath:0x7feb397df000:'/Users/xingl/Desktop/Merchant_python/Code/MVVM/AutoBuild/Packge/Release/MVVM.xcarchive/Products/Applications/MVVM.app/Frameworks/libswiftObjectiveC.dylib'>'>: {
}
2019-02-14 08:39:32 +0000 [MT] Writing entitlements for <IDEDistributionItem: 0x7feb3995bf30 'com.apple.dt.runtime.swiftObjectiveC' '<DVTFilePath:0x7feb397df000:'/Users/xingl/Desktop/Merchant_python/Code/MVVM/AutoBuild/Packge/Release/MVVM.xcarchive/Products/Applications/MVVM.app/Frameworks/libswiftObjectiveC.dylib'>'> to: /var/folders/fh/vrqs8wk55p9_4ywtvt771rdc0000gn/T/XcodeDistPipeline.gwB/entitlements9wzDa1
2019-02-14 08:39:32 +0000 [MT] Running /usr/bin/codesign '-vvv' '--force' '--sign' '29FF050C25D160725D79E2E9E155B7EA73F5EB0B' '--entitlements' '/var/folders/fh/vrqs8wk55p9_4ywtvt771rdc0000gn/T/XcodeDistPipeline.gwB/entitlements9wzDa1' '--preserve-metadata=identifier,flags,runtime' '/var/folders/fh/vrqs8wk55p9_4ywtvt771rdc0000gn/T/XcodeDistPipeline.gwB/Root/Payload/MVVM.app/Frameworks/libswiftObjectiveC.dylib'
2019-02-14 08:39:32 +0000  /var/folders/fh/vrqs8wk55p9_4ywtvt771rdc0000gn/T/XcodeDistPipeline.gwB/Root/Payload/MVVM.app/Frameworks/libswiftObjectiveC.dylib: signed Mach-O universal (armv7 armv7s arm64) [com.apple.dt.runtime.swiftObjectiveC]
2019-02-14 08:39:32 +0000 [MT] /usr/bin/codesign exited with 0
2019-02-14 08:39:32 +0000 [MT] Entitlements for <IDEDistributionItem: 0x7feb398a27d0 'com.apple.dt.runtime.swiftQuartzCore' '<DVTFilePath:0x7feb390f0dc0:'/Users/xingl/Desktop/Merchant_python/Code/MVVM/AutoBuild/Packge/Release/MVVM.xcarchive/Products/Applications/MVVM.app/Frameworks/libswiftQuartzCore.dylib'>'>: {
}
2019-02-14 08:39:32 +0000 [MT] Writing entitlements for <IDEDistributionItem: 0x7feb398a27d0 'com.apple.dt.runtime.swiftQuartzCore' '<DVTFilePath:0x7feb390f0dc0:'/Users/xingl/Desktop/Merchant_python/Code/MVVM/AutoBuild/Packge/Release/MVVM.xcarchive/Products/Applications/MVVM.app/Frameworks/libswiftQuartzCore.dylib'>'> to: /var/folders/fh/vrqs8wk55p9_4ywtvt771rdc0000gn/T/XcodeDistPipeline.gwB/entitlements6iAVKP
2019-02-14 08:39:32 +0000 [MT] Running /usr/bin/codesign '-vvv' '--force' '--sign' '29FF050C25D160725D79E2E9E155B7EA73F5EB0B' '--entitlements' '/var/folders/fh/vrqs8wk55p9_4ywtvt771rdc0000gn/T/XcodeDistPipeline.gwB/entitlements6iAVKP' '--preserve-metadata=identifier,flags,runtime' '/var/folders/fh/vrqs8wk55p9_4ywtvt771rdc0000gn/T/XcodeDistPipeline.gwB/Root/Payload/MVVM.app/Frameworks/libswiftQuartzCore.dylib'
2019-02-14 08:39:32 +0000  /var/folders/fh/vrqs8wk55p9_4ywtvt771rdc0000gn/T/XcodeDistPipeline.gwB/Root/Payload/MVVM.app/Frameworks/libswiftQuartzCore.dylib: signed Mach-O universal (armv7 armv7s arm64) [com.apple.dt.runtime.swiftQuartzCore]
2019-02-14 08:39:32 +0000 [MT] /usr/bin/codesign exited with 0
2019-02-14 08:39:32 +0000 [MT] Entitlements for <IDEDistributionItem: 0x7feb398b9be0 'com.apple.dt.runtime.swiftUIKit' '<DVTFilePath:0x7feb39853950:'/Users/xingl/Desktop/Merchant_python/Code/MVVM/AutoBuild/Packge/Release/MVVM.xcarchive/Products/Applications/MVVM.app/Frameworks/libswiftUIKit.dylib'>'>: {
}
2019-02-14 08:39:32 +0000 [MT] Writing entitlements for <IDEDistributionItem: 0x7feb398b9be0 'com.apple.dt.runtime.swiftUIKit' '<DVTFilePath:0x7feb39853950:'/Users/xingl/Desktop/Merchant_python/Code/MVVM/AutoBuild/Packge/Release/MVVM.xcarchive/Products/Applications/MVVM.app/Frameworks/libswiftUIKit.dylib'>'> to: /var/folders/fh/vrqs8wk55p9_4ywtvt771rdc0000gn/T/XcodeDistPipeline.gwB/entitlementsRi6RDj
2019-02-14 08:39:32 +0000 [MT] Running /usr/bin/codesign '-vvv' '--force' '--sign' '29FF050C25D160725D79E2E9E155B7EA73F5EB0B' '--entitlements' '/var/folders/fh/vrqs8wk55p9_4ywtvt771rdc0000gn/T/XcodeDistPipeline.gwB/entitlementsRi6RDj' '--preserve-metadata=identifier,flags,runtime' '/var/folders/fh/vrqs8wk55p9_4ywtvt771rdc0000gn/T/XcodeDistPipeline.gwB/Root/Payload/MVVM.app/Frameworks/libswiftUIKit.dylib'
2019-02-14 08:39:32 +0000  /var/folders/fh/vrqs8wk55p9_4ywtvt771rdc0000gn/T/XcodeDistPipeline.gwB/Root/Payload/MVVM.app/Frameworks/libswiftUIKit.dylib: signed Mach-O universal (armv7 armv7s arm64) [com.apple.dt.runtime.swiftUIKit]
2019-02-14 08:39:32 +0000 [MT] /usr/bin/codesign exited with 0
2019-02-14 08:39:32 +0000 [MT] Entitlements for <IDEDistributionItem: 0x7feb398a6480 'com.apple.dt.runtime.swiftos' '<DVTFilePath:0x7feb390ee450:'/Users/xingl/Desktop/Merchant_python/Code/MVVM/AutoBuild/Packge/Release/MVVM.xcarchive/Products/Applications/MVVM.app/Frameworks/libswiftos.dylib'>'>: {
}
2019-02-14 08:39:32 +0000 [MT] Writing entitlements for <IDEDistributionItem: 0x7feb398a6480 'com.apple.dt.runtime.swiftos' '<DVTFilePath:0x7feb390ee450:'/Users/xingl/Desktop/Merchant_python/Code/MVVM/AutoBuild/Packge/Release/MVVM.xcarchive/Products/Applications/MVVM.app/Frameworks/libswiftos.dylib'>'> to: /var/folders/fh/vrqs8wk55p9_4ywtvt771rdc0000gn/T/XcodeDistPipeline.gwB/entitlementsnMFg53
2019-02-14 08:39:32 +0000 [MT] Running /usr/bin/codesign '-vvv' '--force' '--sign' '29FF050C25D160725D79E2E9E155B7EA73F5EB0B' '--entitlements' '/var/folders/fh/vrqs8wk55p9_4ywtvt771rdc0000gn/T/XcodeDistPipeline.gwB/entitlementsnMFg53' '--preserve-metadata=identifier,flags,runtime' '/var/folders/fh/vrqs8wk55p9_4ywtvt771rdc0000gn/T/XcodeDistPipeline.gwB/Root/Payload/MVVM.app/Frameworks/libswiftos.dylib'
2019-02-14 08:39:33 +0000  /var/folders/fh/vrqs8wk55p9_4ywtvt771rdc0000gn/T/XcodeDistPipeline.gwB/Root/Payload/MVVM.app/Frameworks/libswiftos.dylib: signed Mach-O universal (armv7 armv7s arm64) [com.apple.dt.runtime.swiftos]
2019-02-14 08:39:33 +0000 [MT] /usr/bin/codesign exited with 0
2019-02-14 08:39:33 +0000 [MT] Entitlements for <IDEDistributionItem: 0x7feb390fbea0 'com.xingl.xlt' '<DVTFilePath:0x7feb396b96d0:'/Users/xingl/Desktop/Merchant_python/Code/MVVM/AutoBuild/Packge/Release/MVVM.xcarchive/Products/Applications/MVVM.app'>'>: {
    "application-identifier" = "SEX9UQR699.com.xingl.xlt";
    "com.apple.developer.team-identifier" = SEX9UQR699;
    "get-task-allow" = 1;
    "keychain-access-groups" =     (
        "SEX9UQR699.com.xingl.xlt"
    );
}
2019-02-14 08:39:33 +0000 [MT] Writing entitlements for <IDEDistributionItem: 0x7feb390fbea0 'com.xingl.xlt' '<DVTFilePath:0x7feb396b96d0:'/Users/xingl/Desktop/Merchant_python/Code/MVVM/AutoBuild/Packge/Release/MVVM.xcarchive/Products/Applications/MVVM.app'>'> to: /var/folders/fh/vrqs8wk55p9_4ywtvt771rdc0000gn/T/XcodeDistPipeline.gwB/entitlementsRYivzc
2019-02-14 08:39:33 +0000 [MT] Running /usr/bin/codesign '-vvv' '--force' '--sign' '29FF050C25D160725D79E2E9E155B7EA73F5EB0B' '--entitlements' '/var/folders/fh/vrqs8wk55p9_4ywtvt771rdc0000gn/T/XcodeDistPipeline.gwB/entitlementsRYivzc' '--preserve-metadata=identifier,flags,runtime' '/var/folders/fh/vrqs8wk55p9_4ywtvt771rdc0000gn/T/XcodeDistPipeline.gwB/Root/Payload/MVVM.app'
2019-02-14 08:39:33 +0000  /var/folders/fh/vrqs8wk55p9_4ywtvt771rdc0000gn/T/XcodeDistPipeline.gwB/Root/Payload/MVVM.app: signed app bundle with Mach-O universal (armv7 arm64) [com.xingl.xlt]
2019-02-14 08:39:33 +0000 [MT] /usr/bin/codesign exited with 0
2019-02-14 08:39:33 +0000 [MT] Processing step: IDEDistributionZipODRItemStep
2019-02-14 08:39:33 +0000 [MT] Skipping step: IDEDistributionZipODRItemStep because it said so
2019-02-14 08:39:33 +0000 [MT] Skipping step: IDEDistributionZipODRItemStep because it said so
2019-02-14 08:39:33 +0000 [MT] Skipping step: IDEDistributionZipODRItemStep because it said so
2019-02-14 08:39:33 +0000 [MT] Skipping step: IDEDistributionZipODRItemStep because it said so
2019-02-14 08:39:33 +0000 [MT] Skipping step: IDEDistributionZipODRItemStep because it said so
2019-02-14 08:39:33 +0000 [MT] Skipping step: IDEDistributionZipODRItemStep because it said so
2019-02-14 08:39:33 +0000 [MT] Skipping step: IDEDistributionZipODRItemStep because it said so
2019-02-14 08:39:33 +0000 [MT] Skipping step: IDEDistributionZipODRItemStep because it said so
2019-02-14 08:39:33 +0000 [MT] Skipping step: IDEDistributionZipODRItemStep because it said so
2019-02-14 08:39:33 +0000 [MT] Skipping step: IDEDistributionZipODRItemStep because it said so
2019-02-14 08:39:33 +0000 [MT] Skipping step: IDEDistributionZipODRItemStep because it said so
2019-02-14 08:39:33 +0000 [MT] Skipping step: IDEDistributionZipODRItemStep because it said so
2019-02-14 08:39:33 +0000 [MT] Skipping step: IDEDistributionZipODRItemStep because it said so
2019-02-14 08:39:33 +0000 [MT] Skipping step: IDEDistributionZipODRItemStep because it said so
2019-02-14 08:39:33 +0000 [MT] Processing step: IDEDistributionCreateIPAStep
2019-02-14 08:39:33 +0000 [MT] Running /usr/bin/ditto '-V' '-c' '-k' '--norsrc' '/var/folders/fh/vrqs8wk55p9_4ywtvt771rdc0000gn/T/XcodeDistPipeline.gwB/Root' '/var/folders/fh/vrqs8wk55p9_4ywtvt771rdc0000gn/T/XcodeDistPipeline.gwB/Packages/MVVM.ipa'
2019-02-14 08:39:33 +0000  >>> Copying /var/folders/fh/vrqs8wk55p9_4ywtvt771rdc0000gn/T/XcodeDistPipeline.gwB/Root 
2019-02-14 08:39:33 +0000  copying file ./Payload/MVVM.app/_CodeSignature/CodeResources ... 
2019-02-14 08:39:33 +0000  9251 bytes for ./Payload/MVVM.app/_CodeSignature/CodeResources
2019-02-14 08:39:33 +0000  copying file ./Payload/MVVM.app/Base.lproj/Main.storyboardc/BYZ-38-t0r-view-8bC-Xf-vdC.nib ... 
2019-02-14 08:39:33 +0000  1987 bytes for ./Payload/MVVM.app/Base.lproj/Main.storyboardc/BYZ-38-t0r-view-8bC-Xf-vdC.nib
copying file ./Payload/MVVM.app/Base.lproj/Main.storyboardc/Info.plist ... 
2019-02-14 08:39:33 +0000  276 bytes for ./Payload/MVVM.app/Base.lproj/Main.storyboardc/Info.plist
2019-02-14 08:39:33 +0000  copying file ./Payload/MVVM.app/Base.lproj/Main.storyboardc/UINavigationController-HyD-sf-O6n.nib ... 
1650 bytes for ./Payload/MVVM.app/Base.lproj/Main.storyboardc/UINavigationController-HyD-sf-O6n.nib
2019-02-14 08:39:33 +0000  copying file ./Payload/MVVM.app/Base.lproj/LaunchScreen.storyboardc/01J-lp-oVM-view-Ze5-6b-2t3.nib ... 
2019-02-14 08:39:33 +0000  1986 bytes for ./Payload/MVVM.app/Base.lproj/LaunchScreen.storyboardc/01J-lp-oVM-view-Ze5-6b-2t3.nib
copying file ./Payload/MVVM.app/Base.lproj/LaunchScreen.storyboardc/UIViewController-01J-lp-oVM.nib ... 
2019-02-14 08:39:33 +0000  832 bytes for ./Payload/MVVM.app/Base.lproj/LaunchScreen.storyboardc/UIViewController-01J-lp-oVM.nib
copying file ./Payload/MVVM.app/Base.lproj/LaunchScreen.storyboardc/Info.plist ... 
2019-02-14 08:39:33 +0000  258 bytes for ./Payload/MVVM.app/Base.lproj/LaunchScreen.storyboardc/Info.plist
2019-02-14 08:39:33 +0000  copying file ./Payload/MVVM.app/CoreData.momd/VersionInfo.plist ... 
2019-02-14 08:39:33 +0000  144 bytes for ./Payload/MVVM.app/CoreData.momd/VersionInfo.plist
copying file ./Payload/MVVM.app/CoreData.momd/CoreData.mom ... 
2019-02-14 08:39:33 +0000  1383 bytes for ./Payload/MVVM.app/CoreData.momd/CoreData.mom
2019-02-14 08:39:33 +0000  copying file ./Payload/MVVM.app/Frameworks/libswiftCoreImage.dylib ... 
2019-02-14 08:39:33 +0000  251056 bytes for ./Payload/MVVM.app/Frameworks/libswiftCoreImage.dylib
copying file ./Payload/MVVM.app/Frameworks/libswiftObjectiveC.dylib ... 
2019-02-14 08:39:33 +0000  299600 bytes for ./Payload/MVVM.app/Frameworks/libswiftObjectiveC.dylib
copying file ./Payload/MVVM.app/Frameworks/libswiftCore.dylib ... 
2019-02-14 08:39:34 +0000  16705920 bytes for ./Payload/MVVM.app/Frameworks/libswiftCore.dylib
copying file ./Payload/MVVM.app/Frameworks/libswiftCoreGraphics.dylib ... 
2019-02-14 08:39:34 +0000  651792 bytes for ./Payload/MVVM.app/Frameworks/libswiftCoreGraphics.dylib
2019-02-14 08:39:34 +0000  copying file ./Payload/MVVM.app/Frameworks/libswiftUIKit.dylib ... 
2019-02-14 08:39:34 +0000  527088 bytes for ./Payload/MVVM.app/Frameworks/libswiftUIKit.dylib
2019-02-14 08:39:34 +0000  copying file ./Payload/MVVM.app/Frameworks/libswiftMetal.dylib ... 
2019-02-14 08:39:34 +0000  295696 bytes for ./Payload/MVVM.app/Frameworks/libswiftMetal.dylib
2019-02-14 08:39:34 +0000  copying file ./Payload/MVVM.app/Frameworks/libswiftCoreData.dylib ... 
2019-02-14 08:39:34 +0000  352656 bytes for ./Payload/MVVM.app/Frameworks/libswiftCoreData.dylib
copying file ./Payload/MVVM.app/Frameworks/libswiftDispatch.dylib ... 
2019-02-14 08:39:34 +0000  1059200 bytes for ./Payload/MVVM.app/Frameworks/libswiftDispatch.dylib
copying file ./Payload/MVVM.app/Frameworks/libswiftos.dylib ... 
2019-02-14 08:39:34 +0000  299936 bytes for ./Payload/MVVM.app/Frameworks/libswiftos.dylib
2019-02-14 08:39:34 +0000  copying file ./Payload/MVVM.app/Frameworks/libswiftCoreFoundation.dylib ... 
2019-02-14 08:39:34 +0000  250752 bytes for ./Payload/MVVM.app/Frameworks/libswiftCoreFoundation.dylib
copying file ./Payload/MVVM.app/Frameworks/libswiftDarwin.dylib ... 
2019-02-14 08:39:34 +0000  402976 bytes for ./Payload/MVVM.app/Frameworks/libswiftDarwin.dylib
copying file ./Payload/MVVM.app/Frameworks/libswiftQuartzCore.dylib ... 
2019-02-14 08:39:34 +0000  255088 bytes for ./Payload/MVVM.app/Frameworks/libswiftQuartzCore.dylib
2019-02-14 08:39:34 +0000  copying file ./Payload/MVVM.app/Frameworks/libswiftFoundation.dylib ... 
2019-02-14 08:39:34 +0000  8352688 bytes for ./Payload/MVVM.app/Frameworks/libswiftFoundation.dylib
2019-02-14 08:39:34 +0000  copying file ./Payload/MVVM.app/embedded.mobileprovision ... 
2019-02-14 08:39:34 +0000  19107 bytes for ./Payload/MVVM.app/embedded.mobileprovision
2019-02-14 08:39:34 +0000  copying file ./Payload/MVVM.app/Info.plist ... 
2019-02-14 08:39:34 +0000  1098 bytes for ./Payload/MVVM.app/Info.plist
copying file ./Payload/MVVM.app/MVVM ... 
2019-02-14 08:39:34 +0000  286208 bytes for ./Payload/MVVM.app/MVVM
copying file ./Payload/MVVM.app/PkgInfo ... 
2019-02-14 08:39:34 +0000  8 bytes for ./Payload/MVVM.app/PkgInfo
2019-02-14 08:39:34 +0000 [MT] /usr/bin/ditto exited with 0
2019-02-14 08:39:34 +0000 [MT] Processing step: IDEDistributionAppStoreInformationStep
2019-02-14 08:39:34 +0000 [MT] Skipping step: IDEDistributionAppStoreInformationStep because it said so
2019-02-14 08:39:34 +0000 [MT] Processing step: IDEDistributionCreateManifestStep
