2019-02-14 08:28:55 +0000 [MT] Initial pipeline context: <IDEDistributionProcessingPipelineContext: 0x7fac5e883b00; archive(resolved)='<IDEArchive: 0x7fac5e5ccd80>', distributionTask(resolved)='2', distributionDestination(resolved)='1', distributionMethod(resolved)='<IDEDistributionMethodDevelopmentSigned: 0x7fac5e5945e0>', team(resolved)='<IDEProvisioningBasicTeam: 0x7fac5e977d20; teamID='SEX9UQR699', teamName='(null)'>'>
	Chain (11, self inclusive):
	<IDEDistributionProcessingPipelineContext: 0x7fac5e883b00; archive = '<IDEArchive: 0x7fac5e5ccd80>', distributionMethod='<IDEDistributionMethodDevelopmentSigned: 0x7fac5e5945e0>', team='<IDEProvisioningBasicTeam: 0x7fac5e977d20; teamID='SEX9UQR699', teamName='(null)'>'>
	<IDEDistributionProcessingPipelineContext: 0x7fac5e4a55d0; archive = '<IDEArchive: 0x7fac5e5ccd80>', distributionMethod='<IDEDistributionMethodDevelopmentSigned: 0x7fac5e5945e0>', team='<IDEProvisioningBasicTeam: 0x7fac5e977d20; teamID='SEX9UQR699', teamName='(null)'>'>
	<IDEDistributionContext: 0x7fac5e887c70; archive = '<IDEArchive: 0x7fac5e5ccd80>', distributionMethod='<IDEDistributionMethodDevelopmentSigned: 0x7fac5e5945e0>', team='<IDEProvisioningBasicTeam: 0x7fac5e977d20; teamID='SEX9UQR699', teamName='(null)'>'>
	<IDEDistributionContext: 0x7fac5bd0b9e0; archive = '<IDEArchive: 0x7fac5e5ccd80>', distributionMethod='<IDEDistributionMethodDevelopmentSigned: 0x7fac5e5945e0>', team='<IDEProvisioningBasicTeam: 0x7fac5e977d20; teamID='SEX9UQR699', teamName='(null)'>'>
	<IDEDistributionContext: 0x7fac5e97bb80; archive = '<IDEArchive: 0x7fac5e5ccd80>', distributionMethod='<IDEDistributionMethodDevelopmentSigned: 0x7fac5e5945e0>', team='<IDEProvisioningBasicTeam: 0x7fac5e977d20; teamID='SEX9UQR699', teamName='(null)'>'>
	<IDEDistributionContext: 0x7fac5eb06e60; archive = '<IDEArchive: 0x7fac5e5ccd80>', distributionMethod='<IDEDistributionMethodDevelopmentSigned: 0x7fac5e5945e0>', team='<IDEProvisioningBasicTeam: 0x7fac5e977d20; teamID='SEX9UQR699', teamName='(null)'>'>
	<IDEDistributionContext: 0x7fac5e8804b0; archive = '<IDEArchive: 0x7fac5e5ccd80>', distributionMethod='<IDEDistributionMethodDevelopmentSigned: 0x7fac5e5945e0>', team='<IDEProvisioningBasicTeam: 0x7fac5e977d20; teamID='SEX9UQR699', teamName='(null)'>'>
	<IDEDistributionContext: 0x7fac5e87eed0; archive = '<IDEArchive: 0x7fac5e5ccd80>', distributionMethod='<IDEDistributionMethodDevelopmentSigned: 0x7fac5e5945e0>', team='<IDEProvisioningBasicTeam: 0x7fac5e977d20; teamID='SEX9UQR699', teamName='(null)'>'>
	<IDEDistributionContext: 0x7fac5e9135d0; archive = '<IDEArchive: 0x7fac5e5ccd80>', distributionMethod='<IDEDistributionMethodDevelopmentSigned: 0x7fac5e5945e0>', team='<IDEProvisioningBasicTeam: 0x7fac5e977d20; teamID='SEX9UQR699', teamName='(null)'>'>
	<IDEDistributionContext: 0x7fac5bf4aa70; archive = '<IDEArchive: 0x7fac5e5ccd80>', distributionMethod='<IDEDistributionMethodDevelopmentSigned: 0x7fac5e5945e0>', team='(null)'>
	<IDEDistributionContext: 0x7fac5e5cd990; archive = '<IDEArchive: 0x7fac5e5ccd80>', distributionMethod='(null)', team='(null)'>
</IDEDistributionProcessingPipelineContext: 0x7fac5e883b00>
2019-02-14 08:28:55 +0000 [MT] Processing step: IDEDistributionCreateDestRootStep
2019-02-14 08:28:55 +0000 [MT] Processing step: IDEDistributionCopyItemStep
2019-02-14 08:28:55 +0000 [MT] Running /usr/bin/ditto '-V' '/Users/xingl/Desktop/Merchant_python/Code/MVVM/AutoBuild/Packge/Release/MVVM.xcarchive/Products/Applications/MVVM.app' '/var/folders/fh/vrqs8wk55p9_4ywtvt771rdc0000gn/T/XcodeDistPipeline.NI2/Root/Payload/MVVM.app'
2019-02-14 08:28:55 +0000  >>> Copying /Users/xingl/Desktop/Merchant_python/Code/MVVM/AutoBuild/Packge/Release/MVVM.xcarchive/Products/Applications/MVVM.app 
2019-02-14 08:28:55 +0000  copying file ./_CodeSignature/CodeResources ... 
2019-02-14 08:28:55 +0000  9251 bytes for ./_CodeSignature/CodeResources
2019-02-14 08:28:55 +0000  copying file ./Base.lproj/Main.storyboardc/BYZ-38-t0r-view-8bC-Xf-vdC.nib ... 
2019-02-14 08:28:55 +0000  1985 bytes for ./Base.lproj/Main.storyboardc/BYZ-38-t0r-view-8bC-Xf-vdC.nib
2019-02-14 08:28:55 +0000  copying file ./Base.lproj/Main.storyboardc/Info.plist ... 
2019-02-14 08:28:55 +0000  276 bytes for ./Base.lproj/Main.storyboardc/Info.plist
copying file ./Base.lproj/Main.storyboardc/UINavigationController-HyD-sf-O6n.nib ... 
2019-02-14 08:28:55 +0000  1650 bytes for ./Base.lproj/Main.storyboardc/UINavigationController-HyD-sf-O6n.nib
2019-02-14 08:28:55 +0000  copying file ./Base.lproj/LaunchScreen.storyboardc/01J-lp-oVM-view-Ze5-6b-2t3.nib ... 
2019-02-14 08:28:55 +0000  1986 bytes for ./Base.lproj/LaunchScreen.storyboardc/01J-lp-oVM-view-Ze5-6b-2t3.nib
2019-02-14 08:28:55 +0000  copying file ./Base.lproj/LaunchScreen.storyboardc/UIViewController-01J-lp-oVM.nib ... 
2019-02-14 08:28:55 +0000  832 bytes for ./Base.lproj/LaunchScreen.storyboardc/UIViewController-01J-lp-oVM.nib
copying file ./Base.lproj/LaunchScreen.storyboardc/Info.plist ... 
2019-02-14 08:28:55 +0000  258 bytes for ./Base.lproj/LaunchScreen.storyboardc/Info.plist
2019-02-14 08:28:55 +0000  copying file ./CoreData.momd/VersionInfo.plist ... 
2019-02-14 08:28:55 +0000  144 bytes for ./CoreData.momd/VersionInfo.plist
2019-02-14 08:28:55 +0000  copying file ./CoreData.momd/CoreData.mom ... 
2019-02-14 08:28:55 +0000  1383 bytes for ./CoreData.momd/CoreData.mom
2019-02-14 08:28:55 +0000  copying file ./Frameworks/libswiftCoreImage.dylib ... 
2019-02-14 08:28:55 +0000  463984 bytes for ./Frameworks/libswiftCoreImage.dylib
2019-02-14 08:28:55 +0000  copying file ./Frameworks/libswiftObjectiveC.dylib ... 
2019-02-14 08:28:55 +0000  676704 bytes for ./Frameworks/libswiftObjectiveC.dylib
copying file ./Frameworks/libswiftCore.dylib ... 
2019-02-14 08:28:55 +0000  98312960 bytes for ./Frameworks/libswiftCore.dylib
2019-02-14 08:28:55 +0000  copying file ./Frameworks/libswiftCoreGraphics.dylib ... 
2019-02-14 08:28:55 +0000  2342512 bytes for ./Frameworks/libswiftCoreGraphics.dylib
2019-02-14 08:28:55 +0000  copying file ./Frameworks/libswiftUIKit.dylib ... 
2019-02-14 08:28:55 +0000  1987552 bytes for ./Frameworks/libswiftUIKit.dylib
copying file ./Frameworks/libswiftMetal.dylib ... 
2019-02-14 08:28:55 +0000  722032 bytes for ./Frameworks/libswiftMetal.dylib
2019-02-14 08:28:55 +0000  copying file ./Frameworks/libswiftCoreData.dylib ... 
2019-02-14 08:28:55 +0000  992624 bytes for ./Frameworks/libswiftCoreData.dylib
2019-02-14 08:28:55 +0000  copying file ./Frameworks/libswiftDispatch.dylib ... 
2019-02-14 08:28:55 +0000  4229072 bytes for ./Frameworks/libswiftDispatch.dylib
2019-02-14 08:28:55 +0000  copying file ./Frameworks/libswiftos.dylib ... 
2019-02-14 08:28:55 +0000  874288 bytes for ./Frameworks/libswiftos.dylib
2019-02-14 08:28:55 +0000  copying file ./Frameworks/libswiftCoreFoundation.dylib ... 
2019-02-14 08:28:55 +0000  398000 bytes for ./Frameworks/libswiftCoreFoundation.dylib
2019-02-14 08:28:55 +0000  copying file ./Frameworks/libswiftDarwin.dylib ... 
2019-02-14 08:28:55 +0000  1091872 bytes for ./Frameworks/libswiftDarwin.dylib
2019-02-14 08:28:55 +0000  copying file ./Frameworks/libswiftQuartzCore.dylib ... 
2019-02-14 08:28:55 +0000  467984 bytes for ./Frameworks/libswiftQuartzCore.dylib
2019-02-14 08:28:55 +0000  copying file ./Frameworks/libswiftFoundation.dylib ... 
2019-02-14 08:28:55 +0000  42507584 bytes for ./Frameworks/libswiftFoundation.dylib
2019-02-14 08:28:55 +0000  copying file ./embedded.mobileprovision ... 
19107 bytes for ./embedded.mobileprovision
copying file ./Info.plist ... 
1098 bytes for ./Info.plist
copying file ./MVVM ... 
1094016 bytes for ./MVVM
copying file ./PkgInfo ... 
8 bytes for ./PkgInfo
2019-02-14 08:28:55 +0000 [MT] /usr/bin/ditto exited with 0
2019-02-14 08:28:55 +0000 [MT] Processing step: IDEDistributionEmbedProfileStep
2019-02-14 08:28:55 +0000 [MT] Skipping profile for item: <IDEDistributionItem: 0x7fac5e94f270 'com.apple.dt.runtime.swiftCore' '<DVTFilePath:0x7fac5e859f40:'/Users/xingl/Desktop/Merchant_python/Code/MVVM/AutoBuild/Packge/Release/MVVM.xcarchive/Products/Applications/MVVM.app/Frameworks/libswiftCore.dylib'>'>
2019-02-14 08:28:55 +0000 [MT] Skipping profile for item: <IDEDistributionItem: 0x7fac5e963fa0 'com.apple.dt.runtime.swiftCoreData' '<DVTFilePath:0x7fac5e85c130:'/Users/xingl/Desktop/Merchant_python/Code/MVVM/AutoBuild/Packge/Release/MVVM.xcarchive/Products/Applications/MVVM.app/Frameworks/libswiftCoreData.dylib'>'>
2019-02-14 08:28:55 +0000 [MT] Skipping profile for item: <IDEDistributionItem: 0x7fac5e874750 'com.apple.dt.runtime.swiftCoreFoundation' '<DVTFilePath:0x7fac5e85f410:'/Users/xingl/Desktop/Merchant_python/Code/MVVM/AutoBuild/Packge/Release/MVVM.xcarchive/Products/Applications/MVVM.app/Frameworks/libswiftCoreFoundation.dylib'>'>
2019-02-14 08:28:55 +0000 [MT] Skipping profile for item: <IDEDistributionItem: 0x7fac5e88f8c0 'com.apple.dt.runtime.swiftCoreGraphics' '<DVTFilePath:0x7fac5e858cd0:'/Users/xingl/Desktop/Merchant_python/Code/MVVM/AutoBuild/Packge/Release/MVVM.xcarchive/Products/Applications/MVVM.app/Frameworks/libswiftCoreGraphics.dylib'>'>
2019-02-14 08:28:55 +0000 [MT] Skipping profile for item: <IDEDistributionItem: 0x7fac5e955590 'com.apple.dt.runtime.swiftCoreImage' '<DVTFilePath:0x7fac5bf47460:'/Users/xingl/Desktop/Merchant_python/Code/MVVM/AutoBuild/Packge/Release/MVVM.xcarchive/Products/Applications/MVVM.app/Frameworks/libswiftCoreImage.dylib'>'>
2019-02-14 08:28:55 +0000 [MT] Skipping profile for item: <IDEDistributionItem: 0x7fac5e969e00 'com.apple.dt.runtime.swiftDarwin' '<DVTFilePath:0x7fac5e8616e0:'/Users/xingl/Desktop/Merchant_python/Code/MVVM/AutoBuild/Packge/Release/MVVM.xcarchive/Products/Applications/MVVM.app/Frameworks/libswiftDarwin.dylib'>'>
2019-02-14 08:28:55 +0000 [MT] Skipping profile for item: <IDEDistributionItem: 0x7fac5bfee470 'com.apple.dt.runtime.swiftDispatch' '<DVTFilePath:0x7fac5e85d1e0:'/Users/xingl/Desktop/Merchant_python/Code/MVVM/AutoBuild/Packge/Release/MVVM.xcarchive/Products/Applications/MVVM.app/Frameworks/libswiftDispatch.dylib'>'>
2019-02-14 08:28:55 +0000 [MT] Skipping profile for item: <IDEDistributionItem: 0x7fac5e86b870 'com.apple.dt.runtime.swiftFoundation' '<DVTFilePath:0x7fac5bfd12b0:'/Users/xingl/Desktop/Merchant_python/Code/MVVM/AutoBuild/Packge/Release/MVVM.xcarchive/Products/Applications/MVVM.app/Frameworks/libswiftFoundation.dylib'>'>
2019-02-14 08:28:55 +0000 [MT] Skipping profile for item: <IDEDistributionItem: 0x7fac5e94a0c0 'com.apple.dt.runtime.swiftMetal' '<DVTFilePath:0x7fac5e85afb0:'/Users/xingl/Desktop/Merchant_python/Code/MVVM/AutoBuild/Packge/Release/MVVM.xcarchive/Products/Applications/MVVM.app/Frameworks/libswiftMetal.dylib'>'>
2019-02-14 08:28:55 +0000 [MT] Skipping profile for item: <IDEDistributionItem: 0x7fac5e8667a0 'com.apple.dt.runtime.swiftObjectiveC' '<DVTFilePath:0x7fac5e854110:'/Users/xingl/Desktop/Merchant_python/Code/MVVM/AutoBuild/Packge/Release/MVVM.xcarchive/Products/Applications/MVVM.app/Frameworks/libswiftObjectiveC.dylib'>'>
2019-02-14 08:28:55 +0000 [MT] Skipping profile for item: <IDEDistributionItem: 0x7fac5e93c450 'com.apple.dt.runtime.swiftQuartzCore' '<DVTFilePath:0x7fac5e861a80:'/Users/xingl/Desktop/Merchant_python/Code/MVVM/AutoBuild/Packge/Release/MVVM.xcarchive/Products/Applications/MVVM.app/Frameworks/libswiftQuartzCore.dylib'>'>
2019-02-14 08:28:55 +0000 [MT] Skipping profile for item: <IDEDistributionItem: 0x7fac5e952560 'com.apple.dt.runtime.swiftUIKit' '<DVTFilePath:0x7fac5e85a5e0:'/Users/xingl/Desktop/Merchant_python/Code/MVVM/AutoBuild/Packge/Release/MVVM.xcarchive/Products/Applications/MVVM.app/Frameworks/libswiftUIKit.dylib'>'>
2019-02-14 08:28:55 +0000 [MT] Skipping profile for item: <IDEDistributionItem: 0x7fac5e967b80 'com.apple.dt.runtime.swiftos' '<DVTFilePath:0x7fac5e85e390:'/Users/xingl/Desktop/Merchant_python/Code/MVVM/AutoBuild/Packge/Release/MVVM.xcarchive/Products/Applications/MVVM.app/Frameworks/libswiftos.dylib'>'>
2019-02-14 08:28:55 +0000 [MT] Processing step: IDEDistributionAppThinningPlistStep
2019-02-14 08:28:55 +0000 [MT] Skipping step: IDEDistributionAppThinningPlistStep because it said so
2019-02-14 08:28:55 +0000 [MT] Processing step: IDEDistributionCompileBitcodeStep
2019-02-14 08:28:55 +0000 [MT] Skipping step: IDEDistributionCompileBitcodeStep because it said so
2019-02-14 08:28:55 +0000 [MT] Processing step: IDEDistributionCodeSlimmingStep
2019-02-14 08:28:56 +0000 [MT] Processing step: IDEDistributionCopyBCSymbolMapsStep
2019-02-14 08:28:56 +0000 [MT] Skipping step: IDEDistributionCopyBCSymbolMapsStep because it said so
2019-02-14 08:28:56 +0000 [MT] Skipping step: IDEDistributionCopyBCSymbolMapsStep because it said so
2019-02-14 08:28:56 +0000 [MT] Skipping step: IDEDistributionCopyBCSymbolMapsStep because it said so
2019-02-14 08:28:56 +0000 [MT] Skipping step: IDEDistributionCopyBCSymbolMapsStep because it said so
2019-02-14 08:28:56 +0000 [MT] Skipping step: IDEDistributionCopyBCSymbolMapsStep because it said so
2019-02-14 08:28:56 +0000 [MT] Skipping step: IDEDistributionCopyBCSymbolMapsStep because it said so
2019-02-14 08:28:56 +0000 [MT] Skipping step: IDEDistributionCopyBCSymbolMapsStep because it said so
2019-02-14 08:28:56 +0000 [MT] Skipping step: IDEDistributionCopyBCSymbolMapsStep because it said so
2019-02-14 08:28:56 +0000 [MT] Skipping step: IDEDistributionCopyBCSymbolMapsStep because it said so
2019-02-14 08:28:56 +0000 [MT] Skipping step: IDEDistributionCopyBCSymbolMapsStep because it said so
2019-02-14 08:28:56 +0000 [MT] Skipping step: IDEDistributionCopyBCSymbolMapsStep because it said so
2019-02-14 08:28:56 +0000 [MT] Skipping step: IDEDistributionCopyBCSymbolMapsStep because it said so
2019-02-14 08:28:56 +0000 [MT] Skipping step: IDEDistributionCopyBCSymbolMapsStep because it said so
2019-02-14 08:28:56 +0000 [MT] Skipping step: IDEDistributionCopyBCSymbolMapsStep because it said so
2019-02-14 08:28:56 +0000 [MT] Processing step: IDEDistributionSymbolsStep
2019-02-14 08:28:56 +0000 [MT] Skipping step: IDEDistributionSymbolsStep because it said so
2019-02-14 08:28:56 +0000 [MT] Skipping step: IDEDistributionSymbolsStep because it said so
2019-02-14 08:28:56 +0000 [MT] Skipping step: IDEDistributionSymbolsStep because it said so
2019-02-14 08:28:56 +0000 [MT] Skipping step: IDEDistributionSymbolsStep because it said so
2019-02-14 08:28:56 +0000 [MT] Skipping step: IDEDistributionSymbolsStep because it said so
2019-02-14 08:28:56 +0000 [MT] Skipping step: IDEDistributionSymbolsStep because it said so
2019-02-14 08:28:56 +0000 [MT] Skipping step: IDEDistributionSymbolsStep because it said so
2019-02-14 08:28:56 +0000 [MT] Skipping step: IDEDistributionSymbolsStep because it said so
2019-02-14 08:28:56 +0000 [MT] Skipping step: IDEDistributionSymbolsStep because it said so
2019-02-14 08:28:56 +0000 [MT] Skipping step: IDEDistributionSymbolsStep because it said so
2019-02-14 08:28:56 +0000 [MT] Skipping step: IDEDistributionSymbolsStep because it said so
2019-02-14 08:28:56 +0000 [MT] Skipping step: IDEDistributionSymbolsStep because it said so
2019-02-14 08:28:56 +0000 [MT] Skipping step: IDEDistributionSymbolsStep because it said so
2019-02-14 08:28:56 +0000 [MT] Skipping step: IDEDistributionSymbolsStep because it said so
2019-02-14 08:28:56 +0000 [MT] Processing step: IDEDistributionAppThinningStep
2019-02-14 08:28:56 +0000 [MT] Skipping step: IDEDistributionAppThinningStep because it said so
2019-02-14 08:28:56 +0000 [MT] Processing step: IDEDistributionArchThinningStep
2019-02-14 08:28:56 +0000 [MT] Running /Applications/Xcode.app/Contents/Developer/Toolchains/XcodeDefault.xctoolchain/usr/bin/lipo '/var/folders/fh/vrqs8wk55p9_4ywtvt771rdc0000gn/T/XcodeDistPipeline.NI2/Root/Payload/MVVM.app/Frameworks/libswiftCore.dylib' '-verify_arch' 'arm64e'
2019-02-14 08:28:56 +0000 [MT] /Applications/Xcode.app/Contents/Developer/Toolchains/XcodeDefault.xctoolchain/usr/bin/lipo exited with 0
2019-02-14 08:28:56 +0000 [MT] Running /Applications/Xcode.app/Contents/Developer/Toolchains/XcodeDefault.xctoolchain/usr/bin/lipo '/var/folders/fh/vrqs8wk55p9_4ywtvt771rdc0000gn/T/XcodeDistPipeline.NI2/Root/Payload/MVVM.app/Frameworks/libswiftCore.dylib' '-remove' 'arm64e' '-output' '/var/folders/fh/vrqs8wk55p9_4ywtvt771rdc0000gn/T/XcodeDistPipeline.NI2/Root/Payload/MVVM.app/Frameworks/libswiftCore.dylib'
2019-02-14 08:28:56 +0000 [MT] /Applications/Xcode.app/Contents/Developer/Toolchains/XcodeDefault.xctoolchain/usr/bin/lipo exited with 0
2019-02-14 08:28:56 +0000 [MT] Successfully thinned item "libswiftCore.dylib", arch "arm64e"
2019-02-14 08:28:56 +0000 [MT] Running /Applications/Xcode.app/Contents/Developer/Toolchains/XcodeDefault.xctoolchain/usr/bin/lipo '/var/folders/fh/vrqs8wk55p9_4ywtvt771rdc0000gn/T/XcodeDistPipeline.NI2/Root/Payload/MVVM.app/Frameworks/libswiftCoreData.dylib' '-verify_arch' 'arm64e'
2019-02-14 08:28:56 +0000 [MT] /Applications/Xcode.app/Contents/Developer/Toolchains/XcodeDefault.xctoolchain/usr/bin/lipo exited with 0
2019-02-14 08:28:56 +0000 [MT] Running /Applications/Xcode.app/Contents/Developer/Toolchains/XcodeDefault.xctoolchain/usr/bin/lipo '/var/folders/fh/vrqs8wk55p9_4ywtvt771rdc0000gn/T/XcodeDistPipeline.NI2/Root/Payload/MVVM.app/Frameworks/libswiftCoreData.dylib' '-remove' 'arm64e' '-output' '/var/folders/fh/vrqs8wk55p9_4ywtvt771rdc0000gn/T/XcodeDistPipeline.NI2/Root/Payload/MVVM.app/Frameworks/libswiftCoreData.dylib'
2019-02-14 08:28:56 +0000 [MT] /Applications/Xcode.app/Contents/Developer/Toolchains/XcodeDefault.xctoolchain/usr/bin/lipo exited with 0
2019-02-14 08:28:56 +0000 [MT] Successfully thinned item "libswiftCoreData.dylib", arch "arm64e"
2019-02-14 08:28:56 +0000 [MT] Running /Applications/Xcode.app/Contents/Developer/Toolchains/XcodeDefault.xctoolchain/usr/bin/lipo '/var/folders/fh/vrqs8wk55p9_4ywtvt771rdc0000gn/T/XcodeDistPipeline.NI2/Root/Payload/MVVM.app/Frameworks/libswiftCoreFoundation.dylib' '-verify_arch' 'arm64e'
2019-02-14 08:28:56 +0000 [MT] /Applications/Xcode.app/Contents/Developer/Toolchains/XcodeDefault.xctoolchain/usr/bin/lipo exited with 0
2019-02-14 08:28:56 +0000 [MT] Running /Applications/Xcode.app/Contents/Developer/Toolchains/XcodeDefault.xctoolchain/usr/bin/lipo '/var/folders/fh/vrqs8wk55p9_4ywtvt771rdc0000gn/T/XcodeDistPipeline.NI2/Root/Payload/MVVM.app/Frameworks/libswiftCoreFoundation.dylib' '-remove' 'arm64e' '-output' '/var/folders/fh/vrqs8wk55p9_4ywtvt771rdc0000gn/T/XcodeDistPipeline.NI2/Root/Payload/MVVM.app/Frameworks/libswiftCoreFoundation.dylib'
2019-02-14 08:28:56 +0000 [MT] /Applications/Xcode.app/Contents/Developer/Toolchains/XcodeDefault.xctoolchain/usr/bin/lipo exited with 0
2019-02-14 08:28:56 +0000 [MT] Successfully thinned item "libswiftCoreFoundation.dylib", arch "arm64e"
2019-02-14 08:28:56 +0000 [MT] Running /Applications/Xcode.app/Contents/Developer/Toolchains/XcodeDefault.xctoolchain/usr/bin/lipo '/var/folders/fh/vrqs8wk55p9_4ywtvt771rdc0000gn/T/XcodeDistPipeline.NI2/Root/Payload/MVVM.app/Frameworks/libswiftCoreGraphics.dylib' '-verify_arch' 'arm64e'
2019-02-14 08:28:56 +0000 [MT] /Applications/Xcode.app/Contents/Developer/Toolchains/XcodeDefault.xctoolchain/usr/bin/lipo exited with 0
2019-02-14 08:28:56 +0000 [MT] Running /Applications/Xcode.app/Contents/Developer/Toolchains/XcodeDefault.xctoolchain/usr/bin/lipo '/var/folders/fh/vrqs8wk55p9_4ywtvt771rdc0000gn/T/XcodeDistPipeline.NI2/Root/Payload/MVVM.app/Frameworks/libswiftCoreGraphics.dylib' '-remove' 'arm64e' '-output' '/var/folders/fh/vrqs8wk55p9_4ywtvt771rdc0000gn/T/XcodeDistPipeline.NI2/Root/Payload/MVVM.app/Frameworks/libswiftCoreGraphics.dylib'
2019-02-14 08:28:56 +0000 [MT] /Applications/Xcode.app/Contents/Developer/Toolchains/XcodeDefault.xctoolchain/usr/bin/lipo exited with 0
2019-02-14 08:28:56 +0000 [MT] Successfully thinned item "libswiftCoreGraphics.dylib", arch "arm64e"
2019-02-14 08:28:56 +0000 [MT] Running /Applications/Xcode.app/Contents/Developer/Toolchains/XcodeDefault.xctoolchain/usr/bin/lipo '/var/folders/fh/vrqs8wk55p9_4ywtvt771rdc0000gn/T/XcodeDistPipeline.NI2/Root/Payload/MVVM.app/Frameworks/libswiftCoreImage.dylib' '-verify_arch' 'arm64e'
2019-02-14 08:28:56 +0000 [MT] /Applications/Xcode.app/Contents/Developer/Toolchains/XcodeDefault.xctoolchain/usr/bin/lipo exited with 0
2019-02-14 08:28:56 +0000 [MT] Running /Applications/Xcode.app/Contents/Developer/Toolchains/XcodeDefault.xctoolchain/usr/bin/lipo '/var/folders/fh/vrqs8wk55p9_4ywtvt771rdc0000gn/T/XcodeDistPipeline.NI2/Root/Payload/MVVM.app/Frameworks/libswiftCoreImage.dylib' '-remove' 'arm64e' '-output' '/var/folders/fh/vrqs8wk55p9_4ywtvt771rdc0000gn/T/XcodeDistPipeline.NI2/Root/Payload/MVVM.app/Frameworks/libswiftCoreImage.dylib'
2019-02-14 08:28:56 +0000 [MT] /Applications/Xcode.app/Contents/Developer/Toolchains/XcodeDefault.xctoolchain/usr/bin/lipo exited with 0
2019-02-14 08:28:56 +0000 [MT] Successfully thinned item "libswiftCoreImage.dylib", arch "arm64e"
2019-02-14 08:28:56 +0000 [MT] Running /Applications/Xcode.app/Contents/Developer/Toolchains/XcodeDefault.xctoolchain/usr/bin/lipo '/var/folders/fh/vrqs8wk55p9_4ywtvt771rdc0000gn/T/XcodeDistPipeline.NI2/Root/Payload/MVVM.app/Frameworks/libswiftDarwin.dylib' '-verify_arch' 'arm64e'
2019-02-14 08:28:56 +0000 [MT] /Applications/Xcode.app/Contents/Developer/Toolchains/XcodeDefault.xctoolchain/usr/bin/lipo exited with 0
2019-02-14 08:28:56 +0000 [MT] Running /Applications/Xcode.app/Contents/Developer/Toolchains/XcodeDefault.xctoolchain/usr/bin/lipo '/var/folders/fh/vrqs8wk55p9_4ywtvt771rdc0000gn/T/XcodeDistPipeline.NI2/Root/Payload/MVVM.app/Frameworks/libswiftDarwin.dylib' '-remove' 'arm64e' '-output' '/var/folders/fh/vrqs8wk55p9_4ywtvt771rdc0000gn/T/XcodeDistPipeline.NI2/Root/Payload/MVVM.app/Frameworks/libswiftDarwin.dylib'
2019-02-14 08:28:56 +0000 [MT] /Applications/Xcode.app/Contents/Developer/Toolchains/XcodeDefault.xctoolchain/usr/bin/lipo exited with 0
2019-02-14 08:28:56 +0000 [MT] Successfully thinned item "libswiftDarwin.dylib", arch "arm64e"
2019-02-14 08:28:56 +0000 [MT] Running /Applications/Xcode.app/Contents/Developer/Toolchains/XcodeDefault.xctoolchain/usr/bin/lipo '/var/folders/fh/vrqs8wk55p9_4ywtvt771rdc0000gn/T/XcodeDistPipeline.NI2/Root/Payload/MVVM.app/Frameworks/libswiftDispatch.dylib' '-verify_arch' 'arm64e'
2019-02-14 08:28:56 +0000 [MT] /Applications/Xcode.app/Contents/Developer/Toolchains/XcodeDefault.xctoolchain/usr/bin/lipo exited with 0
2019-02-14 08:28:56 +0000 [MT] Running /Applications/Xcode.app/Contents/Developer/Toolchains/XcodeDefault.xctoolchain/usr/bin/lipo '/var/folders/fh/vrqs8wk55p9_4ywtvt771rdc0000gn/T/XcodeDistPipeline.NI2/Root/Payload/MVVM.app/Frameworks/libswiftDispatch.dylib' '-remove' 'arm64e' '-output' '/var/folders/fh/vrqs8wk55p9_4ywtvt771rdc0000gn/T/XcodeDistPipeline.NI2/Root/Payload/MVVM.app/Frameworks/libswiftDispatch.dylib'
2019-02-14 08:28:56 +0000 [MT] /Applications/Xcode.app/Contents/Developer/Toolchains/XcodeDefault.xctoolchain/usr/bin/lipo exited with 0
2019-02-14 08:28:56 +0000 [MT] Successfully thinned item "libswiftDispatch.dylib", arch "arm64e"
2019-02-14 08:28:56 +0000 [MT] Running /Applications/Xcode.app/Contents/Developer/Toolchains/XcodeDefault.xctoolchain/usr/bin/lipo '/var/folders/fh/vrqs8wk55p9_4ywtvt771rdc0000gn/T/XcodeDistPipeline.NI2/Root/Payload/MVVM.app/Frameworks/libswiftFoundation.dylib' '-verify_arch' 'arm64e'
2019-02-14 08:28:56 +0000 [MT] /Applications/Xcode.app/Contents/Developer/Toolchains/XcodeDefault.xctoolchain/usr/bin/lipo exited with 0
2019-02-14 08:28:56 +0000 [MT] Running /Applications/Xcode.app/Contents/Developer/Toolchains/XcodeDefault.xctoolchain/usr/bin/lipo '/var/folders/fh/vrqs8wk55p9_4ywtvt771rdc0000gn/T/XcodeDistPipeline.NI2/Root/Payload/MVVM.app/Frameworks/libswiftFoundation.dylib' '-remove' 'arm64e' '-output' '/var/folders/fh/vrqs8wk55p9_4ywtvt771rdc0000gn/T/XcodeDistPipeline.NI2/Root/Payload/MVVM.app/Frameworks/libswiftFoundation.dylib'
2019-02-14 08:28:56 +0000 [MT] /Applications/Xcode.app/Contents/Developer/Toolchains/XcodeDefault.xctoolchain/usr/bin/lipo exited with 0
2019-02-14 08:28:56 +0000 [MT] Successfully thinned item "libswiftFoundation.dylib", arch "arm64e"
2019-02-14 08:28:56 +0000 [MT] Running /Applications/Xcode.app/Contents/Developer/Toolchains/XcodeDefault.xctoolchain/usr/bin/lipo '/var/folders/fh/vrqs8wk55p9_4ywtvt771rdc0000gn/T/XcodeDistPipeline.NI2/Root/Payload/MVVM.app/Frameworks/libswiftMetal.dylib' '-verify_arch' 'arm64e'
2019-02-14 08:28:56 +0000 [MT] /Applications/Xcode.app/Contents/Developer/Toolchains/XcodeDefault.xctoolchain/usr/bin/lipo exited with 0
2019-02-14 08:28:56 +0000 [MT] Running /Applications/Xcode.app/Contents/Developer/Toolchains/XcodeDefault.xctoolchain/usr/bin/lipo '/var/folders/fh/vrqs8wk55p9_4ywtvt771rdc0000gn/T/XcodeDistPipeline.NI2/Root/Payload/MVVM.app/Frameworks/libswiftMetal.dylib' '-remove' 'arm64e' '-output' '/var/folders/fh/vrqs8wk55p9_4ywtvt771rdc0000gn/T/XcodeDistPipeline.NI2/Root/Payload/MVVM.app/Frameworks/libswiftMetal.dylib'
2019-02-14 08:28:56 +0000 [MT] /Applications/Xcode.app/Contents/Developer/Toolchains/XcodeDefault.xctoolchain/usr/bin/lipo exited with 0
2019-02-14 08:28:56 +0000 [MT] Successfully thinned item "libswiftMetal.dylib", arch "arm64e"
2019-02-14 08:28:56 +0000 [MT] Running /Applications/Xcode.app/Contents/Developer/Toolchains/XcodeDefault.xctoolchain/usr/bin/lipo '/var/folders/fh/vrqs8wk55p9_4ywtvt771rdc0000gn/T/XcodeDistPipeline.NI2/Root/Payload/MVVM.app/Frameworks/libswiftObjectiveC.dylib' '-verify_arch' 'arm64e'
2019-02-14 08:28:56 +0000 [MT] /Applications/Xcode.app/Contents/Developer/Toolchains/XcodeDefault.xctoolchain/usr/bin/lipo exited with 0
2019-02-14 08:28:56 +0000 [MT] Running /Applications/Xcode.app/Contents/Developer/Toolchains/XcodeDefault.xctoolchain/usr/bin/lipo '/var/folders/fh/vrqs8wk55p9_4ywtvt771rdc0000gn/T/XcodeDistPipeline.NI2/Root/Payload/MVVM.app/Frameworks/libswiftObjectiveC.dylib' '-remove' 'arm64e' '-output' '/var/folders/fh/vrqs8wk55p9_4ywtvt771rdc0000gn/T/XcodeDistPipeline.NI2/Root/Payload/MVVM.app/Frameworks/libswiftObjectiveC.dylib'
2019-02-14 08:28:56 +0000 [MT] /Applications/Xcode.app/Contents/Developer/Toolchains/XcodeDefault.xctoolchain/usr/bin/lipo exited with 0
2019-02-14 08:28:56 +0000 [MT] Successfully thinned item "libswiftObjectiveC.dylib", arch "arm64e"
2019-02-14 08:28:56 +0000 [MT] Running /Applications/Xcode.app/Contents/Developer/Toolchains/XcodeDefault.xctoolchain/usr/bin/lipo '/var/folders/fh/vrqs8wk55p9_4ywtvt771rdc0000gn/T/XcodeDistPipeline.NI2/Root/Payload/MVVM.app/Frameworks/libswiftQuartzCore.dylib' '-verify_arch' 'arm64e'
2019-02-14 08:28:56 +0000 [MT] /Applications/Xcode.app/Contents/Developer/Toolchains/XcodeDefault.xctoolchain/usr/bin/lipo exited with 0
2019-02-14 08:28:56 +0000 [MT] Running /Applications/Xcode.app/Contents/Developer/Toolchains/XcodeDefault.xctoolchain/usr/bin/lipo '/var/folders/fh/vrqs8wk55p9_4ywtvt771rdc0000gn/T/XcodeDistPipeline.NI2/Root/Payload/MVVM.app/Frameworks/libswiftQuartzCore.dylib' '-remove' 'arm64e' '-output' '/var/folders/fh/vrqs8wk55p9_4ywtvt771rdc0000gn/T/XcodeDistPipeline.NI2/Root/Payload/MVVM.app/Frameworks/libswiftQuartzCore.dylib'
2019-02-14 08:28:56 +0000 [MT] /Applications/Xcode.app/Contents/Developer/Toolchains/XcodeDefault.xctoolchain/usr/bin/lipo exited with 0
2019-02-14 08:28:56 +0000 [MT] Successfully thinned item "libswiftQuartzCore.dylib", arch "arm64e"
2019-02-14 08:28:56 +0000 [MT] Running /Applications/Xcode.app/Contents/Developer/Toolchains/XcodeDefault.xctoolchain/usr/bin/lipo '/var/folders/fh/vrqs8wk55p9_4ywtvt771rdc0000gn/T/XcodeDistPipeline.NI2/Root/Payload/MVVM.app/Frameworks/libswiftUIKit.dylib' '-verify_arch' 'arm64e'
2019-02-14 08:28:56 +0000 [MT] /Applications/Xcode.app/Contents/Developer/Toolchains/XcodeDefault.xctoolchain/usr/bin/lipo exited with 0
2019-02-14 08:28:56 +0000 [MT] Running /Applications/Xcode.app/Contents/Developer/Toolchains/XcodeDefault.xctoolchain/usr/bin/lipo '/var/folders/fh/vrqs8wk55p9_4ywtvt771rdc0000gn/T/XcodeDistPipeline.NI2/Root/Payload/MVVM.app/Frameworks/libswiftUIKit.dylib' '-remove' 'arm64e' '-output' '/var/folders/fh/vrqs8wk55p9_4ywtvt771rdc0000gn/T/XcodeDistPipeline.NI2/Root/Payload/MVVM.app/Frameworks/libswiftUIKit.dylib'
2019-02-14 08:28:56 +0000 [MT] /Applications/Xcode.app/Contents/Developer/Toolchains/XcodeDefault.xctoolchain/usr/bin/lipo exited with 0
2019-02-14 08:28:56 +0000 [MT] Successfully thinned item "libswiftUIKit.dylib", arch "arm64e"
2019-02-14 08:28:56 +0000 [MT] Running /Applications/Xcode.app/Contents/Developer/Toolchains/XcodeDefault.xctoolchain/usr/bin/lipo '/var/folders/fh/vrqs8wk55p9_4ywtvt771rdc0000gn/T/XcodeDistPipeline.NI2/Root/Payload/MVVM.app/Frameworks/libswiftos.dylib' '-verify_arch' 'arm64e'
2019-02-14 08:28:56 +0000 [MT] /Applications/Xcode.app/Contents/Developer/Toolchains/XcodeDefault.xctoolchain/usr/bin/lipo exited with 0
2019-02-14 08:28:56 +0000 [MT] Running /Applications/Xcode.app/Contents/Developer/Toolchains/XcodeDefault.xctoolchain/usr/bin/lipo '/var/folders/fh/vrqs8wk55p9_4ywtvt771rdc0000gn/T/XcodeDistPipeline.NI2/Root/Payload/MVVM.app/Frameworks/libswiftos.dylib' '-remove' 'arm64e' '-output' '/var/folders/fh/vrqs8wk55p9_4ywtvt771rdc0000gn/T/XcodeDistPipeline.NI2/Root/Payload/MVVM.app/Frameworks/libswiftos.dylib'
2019-02-14 08:28:56 +0000 [MT] /Applications/Xcode.app/Contents/Developer/Toolchains/XcodeDefault.xctoolchain/usr/bin/lipo exited with 0
2019-02-14 08:28:56 +0000 [MT] Successfully thinned item "libswiftos.dylib", arch "arm64e"
2019-02-14 08:28:56 +0000 [MT] Running /Applications/Xcode.app/Contents/Developer/Toolchains/XcodeDefault.xctoolchain/usr/bin/lipo '/var/folders/fh/vrqs8wk55p9_4ywtvt771rdc0000gn/T/XcodeDistPipeline.NI2/Root/Payload/MVVM.app/MVVM' '-verify_arch' 'arm64e'
2019-02-14 08:28:56 +0000 [MT] /Applications/Xcode.app/Contents/Developer/Toolchains/XcodeDefault.xctoolchain/usr/bin/lipo exited with 1
2019-02-14 08:28:56 +0000 [MT] Skipping architecture thinning for item "MVVM" because arch "arm64e" wasn't found
2019-02-14 08:28:56 +0000 [MT] Processing step: IDEDistributionODRStep
2019-02-14 08:28:56 +0000 [MT] Processing step: IDEDistributionStripXattrsStep
2019-02-14 08:28:56 +0000 [MT] Skipping stripping extended attributes of item: <IDEDistributionItem: 0x7fac5e94f270 'com.apple.dt.runtime.swiftCore' '<DVTFilePath:0x7fac5e859f40:'/Users/xingl/Desktop/Merchant_python/Code/MVVM/AutoBuild/Packge/Release/MVVM.xcarchive/Products/Applications/MVVM.app/Frameworks/libswiftCore.dylib'>'>
2019-02-14 08:28:56 +0000 [MT] Skipping stripping extended attributes of item: <IDEDistributionItem: 0x7fac5e963fa0 'com.apple.dt.runtime.swiftCoreData' '<DVTFilePath:0x7fac5e85c130:'/Users/xingl/Desktop/Merchant_python/Code/MVVM/AutoBuild/Packge/Release/MVVM.xcarchive/Products/Applications/MVVM.app/Frameworks/libswiftCoreData.dylib'>'>
2019-02-14 08:28:56 +0000 [MT] Skipping stripping extended attributes of item: <IDEDistributionItem: 0x7fac5e874750 'com.apple.dt.runtime.swiftCoreFoundation' '<DVTFilePath:0x7fac5e85f410:'/Users/xingl/Desktop/Merchant_python/Code/MVVM/AutoBuild/Packge/Release/MVVM.xcarchive/Products/Applications/MVVM.app/Frameworks/libswiftCoreFoundation.dylib'>'>
2019-02-14 08:28:56 +0000 [MT] Skipping stripping extended attributes of item: <IDEDistributionItem: 0x7fac5e88f8c0 'com.apple.dt.runtime.swiftCoreGraphics' '<DVTFilePath:0x7fac5e858cd0:'/Users/xingl/Desktop/Merchant_python/Code/MVVM/AutoBuild/Packge/Release/MVVM.xcarchive/Products/Applications/MVVM.app/Frameworks/libswiftCoreGraphics.dylib'>'>
2019-02-14 08:28:56 +0000 [MT] Skipping stripping extended attributes of item: <IDEDistributionItem: 0x7fac5e955590 'com.apple.dt.runtime.swiftCoreImage' '<DVTFilePath:0x7fac5bf47460:'/Users/xingl/Desktop/Merchant_python/Code/MVVM/AutoBuild/Packge/Release/MVVM.xcarchive/Products/Applications/MVVM.app/Frameworks/libswiftCoreImage.dylib'>'>
2019-02-14 08:28:56 +0000 [MT] Skipping stripping extended attributes of item: <IDEDistributionItem: 0x7fac5e969e00 'com.apple.dt.runtime.swiftDarwin' '<DVTFilePath:0x7fac5e8616e0:'/Users/xingl/Desktop/Merchant_python/Code/MVVM/AutoBuild/Packge/Release/MVVM.xcarchive/Products/Applications/MVVM.app/Frameworks/libswiftDarwin.dylib'>'>
2019-02-14 08:28:56 +0000 [MT] Skipping stripping extended attributes of item: <IDEDistributionItem: 0x7fac5bfee470 'com.apple.dt.runtime.swiftDispatch' '<DVTFilePath:0x7fac5e85d1e0:'/Users/xingl/Desktop/Merchant_python/Code/MVVM/AutoBuild/Packge/Release/MVVM.xcarchive/Products/Applications/MVVM.app/Frameworks/libswiftDispatch.dylib'>'>
2019-02-14 08:28:56 +0000 [MT] Skipping stripping extended attributes of item: <IDEDistributionItem: 0x7fac5e86b870 'com.apple.dt.runtime.swiftFoundation' '<DVTFilePath:0x7fac5bfd12b0:'/Users/xingl/Desktop/Merchant_python/Code/MVVM/AutoBuild/Packge/Release/MVVM.xcarchive/Products/Applications/MVVM.app/Frameworks/libswiftFoundation.dylib'>'>
2019-02-14 08:28:56 +0000 [MT] Skipping stripping extended attributes of item: <IDEDistributionItem: 0x7fac5e94a0c0 'com.apple.dt.runtime.swiftMetal' '<DVTFilePath:0x7fac5e85afb0:'/Users/xingl/Desktop/Merchant_python/Code/MVVM/AutoBuild/Packge/Release/MVVM.xcarchive/Products/Applications/MVVM.app/Frameworks/libswiftMetal.dylib'>'>
2019-02-14 08:28:56 +0000 [MT] Skipping stripping extended attributes of item: <IDEDistributionItem: 0x7fac5e8667a0 'com.apple.dt.runtime.swiftObjectiveC' '<DVTFilePath:0x7fac5e854110:'/Users/xingl/Desktop/Merchant_python/Code/MVVM/AutoBuild/Packge/Release/MVVM.xcarchive/Products/Applications/MVVM.app/Frameworks/libswiftObjectiveC.dylib'>'>
2019-02-14 08:28:56 +0000 [MT] Skipping stripping extended attributes of item: <IDEDistributionItem: 0x7fac5e93c450 'com.apple.dt.runtime.swiftQuartzCore' '<DVTFilePath:0x7fac5e861a80:'/Users/xingl/Desktop/Merchant_python/Code/MVVM/AutoBuild/Packge/Release/MVVM.xcarchive/Products/Applications/MVVM.app/Frameworks/libswiftQuartzCore.dylib'>'>
2019-02-14 08:28:56 +0000 [MT] Skipping stripping extended attributes of item: <IDEDistributionItem: 0x7fac5e952560 'com.apple.dt.runtime.swiftUIKit' '<DVTFilePath:0x7fac5e85a5e0:'/Users/xingl/Desktop/Merchant_python/Code/MVVM/AutoBuild/Packge/Release/MVVM.xcarchive/Products/Applications/MVVM.app/Frameworks/libswiftUIKit.dylib'>'>
2019-02-14 08:28:56 +0000 [MT] Skipping stripping extended attributes of item: <IDEDistributionItem: 0x7fac5e967b80 'com.apple.dt.runtime.swiftos' '<DVTFilePath:0x7fac5e85e390:'/Users/xingl/Desktop/Merchant_python/Code/MVVM/AutoBuild/Packge/Release/MVVM.xcarchive/Products/Applications/MVVM.app/Frameworks/libswiftos.dylib'>'>
2019-02-14 08:28:56 +0000 [MT] Running /usr/bin/xattr '-crs' '/var/folders/fh/vrqs8wk55p9_4ywtvt771rdc0000gn/T/XcodeDistPipeline.NI2/Root/Payload/MVVM.app'
2019-02-14 08:28:57 +0000 [MT] /usr/bin/xattr exited with 0
2019-02-14 08:28:57 +0000 [MT] Processing step: IDEDistributionCodesignStep
2019-02-14 08:28:57 +0000 [MT] Entitlements for <IDEDistributionItem: 0x7fac5e94f270 'com.apple.dt.runtime.swiftCore' '<DVTFilePath:0x7fac5e859f40:'/Users/xingl/Desktop/Merchant_python/Code/MVVM/AutoBuild/Packge/Release/MVVM.xcarchive/Products/Applications/MVVM.app/Frameworks/libswiftCore.dylib'>'>: {
}
2019-02-14 08:28:57 +0000 [MT] Writing entitlements for <IDEDistributionItem: 0x7fac5e94f270 'com.apple.dt.runtime.swiftCore' '<DVTFilePath:0x7fac5e859f40:'/Users/xingl/Desktop/Merchant_python/Code/MVVM/AutoBuild/Packge/Release/MVVM.xcarchive/Products/Applications/MVVM.app/Frameworks/libswiftCore.dylib'>'> to: /var/folders/fh/vrqs8wk55p9_4ywtvt771rdc0000gn/T/XcodeDistPipeline.NI2/entitlementselLvQZ
2019-02-14 08:28:57 +0000 [MT] Running /usr/bin/codesign '-vvv' '--force' '--sign' '29FF050C25D160725D79E2E9E155B7EA73F5EB0B' '--entitlements' '/var/folders/fh/vrqs8wk55p9_4ywtvt771rdc0000gn/T/XcodeDistPipeline.NI2/entitlementselLvQZ' '--preserve-metadata=identifier,flags,runtime' '/var/folders/fh/vrqs8wk55p9_4ywtvt771rdc0000gn/T/XcodeDistPipeline.NI2/Root/Payload/MVVM.app/Frameworks/libswiftCore.dylib'
2019-02-14 08:28:57 +0000  /var/folders/fh/vrqs8wk55p9_4ywtvt771rdc0000gn/T/XcodeDistPipeline.NI2/Root/Payload/MVVM.app/Frameworks/libswiftCore.dylib: signed Mach-O universal (armv7 armv7s arm64) [com.apple.dt.runtime.swiftCore]
2019-02-14 08:28:57 +0000 [MT] /usr/bin/codesign exited with 0
2019-02-14 08:28:57 +0000 [MT] Entitlements for <IDEDistributionItem: 0x7fac5e963fa0 'com.apple.dt.runtime.swiftCoreData' '<DVTFilePath:0x7fac5e85c130:'/Users/xingl/Desktop/Merchant_python/Code/MVVM/AutoBuild/Packge/Release/MVVM.xcarchive/Products/Applications/MVVM.app/Frameworks/libswiftCoreData.dylib'>'>: {
}
2019-02-14 08:28:57 +0000 [MT] Writing entitlements for <IDEDistributionItem: 0x7fac5e963fa0 'com.apple.dt.runtime.swiftCoreData' '<DVTFilePath:0x7fac5e85c130:'/Users/xingl/Desktop/Merchant_python/Code/MVVM/AutoBuild/Packge/Release/MVVM.xcarchive/Products/Applications/MVVM.app/Frameworks/libswiftCoreData.dylib'>'> to: /var/folders/fh/vrqs8wk55p9_4ywtvt771rdc0000gn/T/XcodeDistPipeline.NI2/entitlementsirs6O1
2019-02-14 08:28:57 +0000 [MT] Running /usr/bin/codesign '-vvv' '--force' '--sign' '29FF050C25D160725D79E2E9E155B7EA73F5EB0B' '--entitlements' '/var/folders/fh/vrqs8wk55p9_4ywtvt771rdc0000gn/T/XcodeDistPipeline.NI2/entitlementsirs6O1' '--preserve-metadata=identifier,flags,runtime' '/var/folders/fh/vrqs8wk55p9_4ywtvt771rdc0000gn/T/XcodeDistPipeline.NI2/Root/Payload/MVVM.app/Frameworks/libswiftCoreData.dylib'
2019-02-14 08:28:57 +0000  /var/folders/fh/vrqs8wk55p9_4ywtvt771rdc0000gn/T/XcodeDistPipeline.NI2/Root/Payload/MVVM.app/Frameworks/libswiftCoreData.dylib: signed Mach-O universal (armv7 armv7s arm64) [com.apple.dt.runtime.swiftCoreData]
2019-02-14 08:28:57 +0000 [MT] /usr/bin/codesign exited with 0
2019-02-14 08:28:57 +0000 [MT] Entitlements for <IDEDistributionItem: 0x7fac5e874750 'com.apple.dt.runtime.swiftCoreFoundation' '<DVTFilePath:0x7fac5e85f410:'/Users/xingl/Desktop/Merchant_python/Code/MVVM/AutoBuild/Packge/Release/MVVM.xcarchive/Products/Applications/MVVM.app/Frameworks/libswiftCoreFoundation.dylib'>'>: {
}
2019-02-14 08:28:57 +0000 [MT] Writing entitlements for <IDEDistributionItem: 0x7fac5e874750 'com.apple.dt.runtime.swiftCoreFoundation' '<DVTFilePath:0x7fac5e85f410:'/Users/xingl/Desktop/Merchant_python/Code/MVVM/AutoBuild/Packge/Release/MVVM.xcarchive/Products/Applications/MVVM.app/Frameworks/libswiftCoreFoundation.dylib'>'> to: /var/folders/fh/vrqs8wk55p9_4ywtvt771rdc0000gn/T/XcodeDistPipeline.NI2/entitlementscRoeRv
2019-02-14 08:28:57 +0000 [MT] Running /usr/bin/codesign '-vvv' '--force' '--sign' '29FF050C25D160725D79E2E9E155B7EA73F5EB0B' '--entitlements' '/var/folders/fh/vrqs8wk55p9_4ywtvt771rdc0000gn/T/XcodeDistPipeline.NI2/entitlementscRoeRv' '--preserve-metadata=identifier,flags,runtime' '/var/folders/fh/vrqs8wk55p9_4ywtvt771rdc0000gn/T/XcodeDistPipeline.NI2/Root/Payload/MVVM.app/Frameworks/libswiftCoreFoundation.dylib'
2019-02-14 08:28:58 +0000  /var/folders/fh/vrqs8wk55p9_4ywtvt771rdc0000gn/T/XcodeDistPipeline.NI2/Root/Payload/MVVM.app/Frameworks/libswiftCoreFoundation.dylib: signed Mach-O universal (armv7 armv7s arm64) [com.apple.dt.runtime.swiftCoreFoundation]
2019-02-14 08:28:58 +0000 [MT] /usr/bin/codesign exited with 0
2019-02-14 08:28:58 +0000 [MT] Entitlements for <IDEDistributionItem: 0x7fac5e88f8c0 'com.apple.dt.runtime.swiftCoreGraphics' '<DVTFilePath:0x7fac5e858cd0:'/Users/xingl/Desktop/Merchant_python/Code/MVVM/AutoBuild/Packge/Release/MVVM.xcarchive/Products/Applications/MVVM.app/Frameworks/libswiftCoreGraphics.dylib'>'>: {
}
2019-02-14 08:28:58 +0000 [MT] Writing entitlements for <IDEDistributionItem: 0x7fac5e88f8c0 'com.apple.dt.runtime.swiftCoreGraphics' '<DVTFilePath:0x7fac5e858cd0:'/Users/xingl/Desktop/Merchant_python/Code/MVVM/AutoBuild/Packge/Release/MVVM.xcarchive/Products/Applications/MVVM.app/Frameworks/libswiftCoreGraphics.dylib'>'> to: /var/folders/fh/vrqs8wk55p9_4ywtvt771rdc0000gn/T/XcodeDistPipeline.NI2/entitlementsGbvOB0
2019-02-14 08:28:58 +0000 [MT] Running /usr/bin/codesign '-vvv' '--force' '--sign' '29FF050C25D160725D79E2E9E155B7EA73F5EB0B' '--entitlements' '/var/folders/fh/vrqs8wk55p9_4ywtvt771rdc0000gn/T/XcodeDistPipeline.NI2/entitlementsGbvOB0' '--preserve-metadata=identifier,flags,runtime' '/var/folders/fh/vrqs8wk55p9_4ywtvt771rdc0000gn/T/XcodeDistPipeline.NI2/Root/Payload/MVVM.app/Frameworks/libswiftCoreGraphics.dylib'
2019-02-14 08:28:58 +0000  /var/folders/fh/vrqs8wk55p9_4ywtvt771rdc0000gn/T/XcodeDistPipeline.NI2/Root/Payload/MVVM.app/Frameworks/libswiftCoreGraphics.dylib: signed Mach-O universal (armv7 armv7s arm64) [com.apple.dt.runtime.swiftCoreGraphics]
2019-02-14 08:28:58 +0000 [MT] /usr/bin/codesign exited with 0
2019-02-14 08:28:58 +0000 [MT] Entitlements for <IDEDistributionItem: 0x7fac5e955590 'com.apple.dt.runtime.swiftCoreImage' '<DVTFilePath:0x7fac5bf47460:'/Users/xingl/Desktop/Merchant_python/Code/MVVM/AutoBuild/Packge/Release/MVVM.xcarchive/Products/Applications/MVVM.app/Frameworks/libswiftCoreImage.dylib'>'>: {
}
2019-02-14 08:28:58 +0000 [MT] Writing entitlements for <IDEDistributionItem: 0x7fac5e955590 'com.apple.dt.runtime.swiftCoreImage' '<DVTFilePath:0x7fac5bf47460:'/Users/xingl/Desktop/Merchant_python/Code/MVVM/AutoBuild/Packge/Release/MVVM.xcarchive/Products/Applications/MVVM.app/Frameworks/libswiftCoreImage.dylib'>'> to: /var/folders/fh/vrqs8wk55p9_4ywtvt771rdc0000gn/T/XcodeDistPipeline.NI2/entitlementshm2eys
2019-02-14 08:28:58 +0000 [MT] Running /usr/bin/codesign '-vvv' '--force' '--sign' '29FF050C25D160725D79E2E9E155B7EA73F5EB0B' '--entitlements' '/var/folders/fh/vrqs8wk55p9_4ywtvt771rdc0000gn/T/XcodeDistPipeline.NI2/entitlementshm2eys' '--preserve-metadata=identifier,flags,runtime' '/var/folders/fh/vrqs8wk55p9_4ywtvt771rdc0000gn/T/XcodeDistPipeline.NI2/Root/Payload/MVVM.app/Frameworks/libswiftCoreImage.dylib'
2019-02-14 08:28:58 +0000  /var/folders/fh/vrqs8wk55p9_4ywtvt771rdc0000gn/T/XcodeDistPipeline.NI2/Root/Payload/MVVM.app/Frameworks/libswiftCoreImage.dylib: signed Mach-O universal (armv7 armv7s arm64) [com.apple.dt.runtime.swiftCoreImage]
2019-02-14 08:28:58 +0000 [MT] /usr/bin/codesign exited with 0
2019-02-14 08:28:58 +0000 [MT] Entitlements for <IDEDistributionItem: 0x7fac5e969e00 'com.apple.dt.runtime.swiftDarwin' '<DVTFilePath:0x7fac5e8616e0:'/Users/xingl/Desktop/Merchant_python/Code/MVVM/AutoBuild/Packge/Release/MVVM.xcarchive/Products/Applications/MVVM.app/Frameworks/libswiftDarwin.dylib'>'>: {
}
2019-02-14 08:28:58 +0000 [MT] Writing entitlements for <IDEDistributionItem: 0x7fac5e969e00 'com.apple.dt.runtime.swiftDarwin' '<DVTFilePath:0x7fac5e8616e0:'/Users/xingl/Desktop/Merchant_python/Code/MVVM/AutoBuild/Packge/Release/MVVM.xcarchive/Products/Applications/MVVM.app/Frameworks/libswiftDarwin.dylib'>'> to: /var/folders/fh/vrqs8wk55p9_4ywtvt771rdc0000gn/T/XcodeDistPipeline.NI2/entitlementsyulngm
2019-02-14 08:28:58 +0000 [MT] Running /usr/bin/codesign '-vvv' '--force' '--sign' '29FF050C25D160725D79E2E9E155B7EA73F5EB0B' '--entitlements' '/var/folders/fh/vrqs8wk55p9_4ywtvt771rdc0000gn/T/XcodeDistPipeline.NI2/entitlementsyulngm' '--preserve-metadata=identifier,flags,runtime' '/var/folders/fh/vrqs8wk55p9_4ywtvt771rdc0000gn/T/XcodeDistPipeline.NI2/Root/Payload/MVVM.app/Frameworks/libswiftDarwin.dylib'
2019-02-14 08:28:58 +0000  /var/folders/fh/vrqs8wk55p9_4ywtvt771rdc0000gn/T/XcodeDistPipeline.NI2/Root/Payload/MVVM.app/Frameworks/libswiftDarwin.dylib: signed Mach-O universal (armv7 armv7s arm64) [com.apple.dt.runtime.swiftDarwin]
2019-02-14 08:28:58 +0000 [MT] /usr/bin/codesign exited with 0
2019-02-14 08:28:58 +0000 [MT] Entitlements for <IDEDistributionItem: 0x7fac5bfee470 'com.apple.dt.runtime.swiftDispatch' '<DVTFilePath:0x7fac5e85d1e0:'/Users/xingl/Desktop/Merchant_python/Code/MVVM/AutoBuild/Packge/Release/MVVM.xcarchive/Products/Applications/MVVM.app/Frameworks/libswiftDispatch.dylib'>'>: {
}
2019-02-14 08:28:58 +0000 [MT] Writing entitlements for <IDEDistributionItem: 0x7fac5bfee470 'com.apple.dt.runtime.swiftDispatch' '<DVTFilePath:0x7fac5e85d1e0:'/Users/xingl/Desktop/Merchant_python/Code/MVVM/AutoBuild/Packge/Release/MVVM.xcarchive/Products/Applications/MVVM.app/Frameworks/libswiftDispatch.dylib'>'> to: /var/folders/fh/vrqs8wk55p9_4ywtvt771rdc0000gn/T/XcodeDistPipeline.NI2/entitlementsUESo6f
2019-02-14 08:28:58 +0000 [MT] Running /usr/bin/codesign '-vvv' '--force' '--sign' '29FF050C25D160725D79E2E9E155B7EA73F5EB0B' '--entitlements' '/var/folders/fh/vrqs8wk55p9_4ywtvt771rdc0000gn/T/XcodeDistPipeline.NI2/entitlementsUESo6f' '--preserve-metadata=identifier,flags,runtime' '/var/folders/fh/vrqs8wk55p9_4ywtvt771rdc0000gn/T/XcodeDistPipeline.NI2/Root/Payload/MVVM.app/Frameworks/libswiftDispatch.dylib'
2019-02-14 08:28:58 +0000  /var/folders/fh/vrqs8wk55p9_4ywtvt771rdc0000gn/T/XcodeDistPipeline.NI2/Root/Payload/MVVM.app/Frameworks/libswiftDispatch.dylib: signed Mach-O universal (armv7 armv7s arm64) [com.apple.dt.runtime.swiftDispatch]
2019-02-14 08:28:58 +0000 [MT] /usr/bin/codesign exited with 0
2019-02-14 08:28:58 +0000 [MT] Entitlements for <IDEDistributionItem: 0x7fac5e86b870 'com.apple.dt.runtime.swiftFoundation' '<DVTFilePath:0x7fac5bfd12b0:'/Users/xingl/Desktop/Merchant_python/Code/MVVM/AutoBuild/Packge/Release/MVVM.xcarchive/Products/Applications/MVVM.app/Frameworks/libswiftFoundation.dylib'>'>: {
}
2019-02-14 08:28:58 +0000 [MT] Writing entitlements for <IDEDistributionItem: 0x7fac5e86b870 'com.apple.dt.runtime.swiftFoundation' '<DVTFilePath:0x7fac5bfd12b0:'/Users/xingl/Desktop/Merchant_python/Code/MVVM/AutoBuild/Packge/Release/MVVM.xcarchive/Products/Applications/MVVM.app/Frameworks/libswiftFoundation.dylib'>'> to: /var/folders/fh/vrqs8wk55p9_4ywtvt771rdc0000gn/T/XcodeDistPipeline.NI2/entitlementsCYiXSu
2019-02-14 08:28:58 +0000 [MT] Running /usr/bin/codesign '-vvv' '--force' '--sign' '29FF050C25D160725D79E2E9E155B7EA73F5EB0B' '--entitlements' '/var/folders/fh/vrqs8wk55p9_4ywtvt771rdc0000gn/T/XcodeDistPipeline.NI2/entitlementsCYiXSu' '--preserve-metadata=identifier,flags,runtime' '/var/folders/fh/vrqs8wk55p9_4ywtvt771rdc0000gn/T/XcodeDistPipeline.NI2/Root/Payload/MVVM.app/Frameworks/libswiftFoundation.dylib'
2019-02-14 08:28:59 +0000  /var/folders/fh/vrqs8wk55p9_4ywtvt771rdc0000gn/T/XcodeDistPipeline.NI2/Root/Payload/MVVM.app/Frameworks/libswiftFoundation.dylib: signed Mach-O universal (armv7 armv7s arm64) [com.apple.dt.runtime.swiftFoundation]
2019-02-14 08:28:59 +0000 [MT] /usr/bin/codesign exited with 0
2019-02-14 08:28:59 +0000 [MT] Entitlements for <IDEDistributionItem: 0x7fac5e94a0c0 'com.apple.dt.runtime.swiftMetal' '<DVTFilePath:0x7fac5e85afb0:'/Users/xingl/Desktop/Merchant_python/Code/MVVM/AutoBuild/Packge/Release/MVVM.xcarchive/Products/Applications/MVVM.app/Frameworks/libswiftMetal.dylib'>'>: {
}
2019-02-14 08:28:59 +0000 [MT] Writing entitlements for <IDEDistributionItem: 0x7fac5e94a0c0 'com.apple.dt.runtime.swiftMetal' '<DVTFilePath:0x7fac5e85afb0:'/Users/xingl/Desktop/Merchant_python/Code/MVVM/AutoBuild/Packge/Release/MVVM.xcarchive/Products/Applications/MVVM.app/Frameworks/libswiftMetal.dylib'>'> to: /var/folders/fh/vrqs8wk55p9_4ywtvt771rdc0000gn/T/XcodeDistPipeline.NI2/entitlementsCZFR7n
2019-02-14 08:28:59 +0000 [MT] Running /usr/bin/codesign '-vvv' '--force' '--sign' '29FF050C25D160725D79E2E9E155B7EA73F5EB0B' '--entitlements' '/var/folders/fh/vrqs8wk55p9_4ywtvt771rdc0000gn/T/XcodeDistPipeline.NI2/entitlementsCZFR7n' '--preserve-metadata=identifier,flags,runtime' '/var/folders/fh/vrqs8wk55p9_4ywtvt771rdc0000gn/T/XcodeDistPipeline.NI2/Root/Payload/MVVM.app/Frameworks/libswiftMetal.dylib'
2019-02-14 08:28:59 +0000  /var/folders/fh/vrqs8wk55p9_4ywtvt771rdc0000gn/T/XcodeDistPipeline.NI2/Root/Payload/MVVM.app/Frameworks/libswiftMetal.dylib: signed Mach-O universal (armv7 armv7s arm64) [com.apple.dt.runtime.swiftMetal]
2019-02-14 08:28:59 +0000 [MT] /usr/bin/codesign exited with 0
2019-02-14 08:28:59 +0000 [MT] Entitlements for <IDEDistributionItem: 0x7fac5e8667a0 'com.apple.dt.runtime.swiftObjectiveC' '<DVTFilePath:0x7fac5e854110:'/Users/xingl/Desktop/Merchant_python/Code/MVVM/AutoBuild/Packge/Release/MVVM.xcarchive/Products/Applications/MVVM.app/Frameworks/libswiftObjectiveC.dylib'>'>: {
}
2019-02-14 08:28:59 +0000 [MT] Writing entitlements for <IDEDistributionItem: 0x7fac5e8667a0 'com.apple.dt.runtime.swiftObjectiveC' '<DVTFilePath:0x7fac5e854110:'/Users/xingl/Desktop/Merchant_python/Code/MVVM/AutoBuild/Packge/Release/MVVM.xcarchive/Products/Applications/MVVM.app/Frameworks/libswiftObjectiveC.dylib'>'> to: /var/folders/fh/vrqs8wk55p9_4ywtvt771rdc0000gn/T/XcodeDistPipeline.NI2/entitlementsufMWGd
2019-02-14 08:28:59 +0000 [MT] Running /usr/bin/codesign '-vvv' '--force' '--sign' '29FF050C25D160725D79E2E9E155B7EA73F5EB0B' '--entitlements' '/var/folders/fh/vrqs8wk55p9_4ywtvt771rdc0000gn/T/XcodeDistPipeline.NI2/entitlementsufMWGd' '--preserve-metadata=identifier,flags,runtime' '/var/folders/fh/vrqs8wk55p9_4ywtvt771rdc0000gn/T/XcodeDistPipeline.NI2/Root/Payload/MVVM.app/Frameworks/libswiftObjectiveC.dylib'
2019-02-14 08:28:59 +0000  /var/folders/fh/vrqs8wk55p9_4ywtvt771rdc0000gn/T/XcodeDistPipeline.NI2/Root/Payload/MVVM.app/Frameworks/libswiftObjectiveC.dylib: signed Mach-O universal (armv7 armv7s arm64) [com.apple.dt.runtime.swiftObjectiveC]
2019-02-14 08:28:59 +0000 [MT] /usr/bin/codesign exited with 0
2019-02-14 08:28:59 +0000 [MT] Entitlements for <IDEDistributionItem: 0x7fac5e93c450 'com.apple.dt.runtime.swiftQuartzCore' '<DVTFilePath:0x7fac5e861a80:'/Users/xingl/Desktop/Merchant_python/Code/MVVM/AutoBuild/Packge/Release/MVVM.xcarchive/Products/Applications/MVVM.app/Frameworks/libswiftQuartzCore.dylib'>'>: {
}
2019-02-14 08:28:59 +0000 [MT] Writing entitlements for <IDEDistributionItem: 0x7fac5e93c450 'com.apple.dt.runtime.swiftQuartzCore' '<DVTFilePath:0x7fac5e861a80:'/Users/xingl/Desktop/Merchant_python/Code/MVVM/AutoBuild/Packge/Release/MVVM.xcarchive/Products/Applications/MVVM.app/Frameworks/libswiftQuartzCore.dylib'>'> to: /var/folders/fh/vrqs8wk55p9_4ywtvt771rdc0000gn/T/XcodeDistPipeline.NI2/entitlementslkcYzR
2019-02-14 08:28:59 +0000 [MT] Running /usr/bin/codesign '-vvv' '--force' '--sign' '29FF050C25D160725D79E2E9E155B7EA73F5EB0B' '--entitlements' '/var/folders/fh/vrqs8wk55p9_4ywtvt771rdc0000gn/T/XcodeDistPipeline.NI2/entitlementslkcYzR' '--preserve-metadata=identifier,flags,runtime' '/var/folders/fh/vrqs8wk55p9_4ywtvt771rdc0000gn/T/XcodeDistPipeline.NI2/Root/Payload/MVVM.app/Frameworks/libswiftQuartzCore.dylib'
2019-02-14 08:29:00 +0000  /var/folders/fh/vrqs8wk55p9_4ywtvt771rdc0000gn/T/XcodeDistPipeline.NI2/Root/Payload/MVVM.app/Frameworks/libswiftQuartzCore.dylib: signed Mach-O universal (armv7 armv7s arm64) [com.apple.dt.runtime.swiftQuartzCore]
2019-02-14 08:29:00 +0000 [MT] /usr/bin/codesign exited with 0
2019-02-14 08:29:00 +0000 [MT] Entitlements for <IDEDistributionItem: 0x7fac5e952560 'com.apple.dt.runtime.swiftUIKit' '<DVTFilePath:0x7fac5e85a5e0:'/Users/xingl/Desktop/Merchant_python/Code/MVVM/AutoBuild/Packge/Release/MVVM.xcarchive/Products/Applications/MVVM.app/Frameworks/libswiftUIKit.dylib'>'>: {
}
2019-02-14 08:29:00 +0000 [MT] Writing entitlements for <IDEDistributionItem: 0x7fac5e952560 'com.apple.dt.runtime.swiftUIKit' '<DVTFilePath:0x7fac5e85a5e0:'/Users/xingl/Desktop/Merchant_python/Code/MVVM/AutoBuild/Packge/Release/MVVM.xcarchive/Products/Applications/MVVM.app/Frameworks/libswiftUIKit.dylib'>'> to: /var/folders/fh/vrqs8wk55p9_4ywtvt771rdc0000gn/T/XcodeDistPipeline.NI2/entitlementsrCcQw6
2019-02-14 08:29:00 +0000 [MT] Running /usr/bin/codesign '-vvv' '--force' '--sign' '29FF050C25D160725D79E2E9E155B7EA73F5EB0B' '--entitlements' '/var/folders/fh/vrqs8wk55p9_4ywtvt771rdc0000gn/T/XcodeDistPipeline.NI2/entitlementsrCcQw6' '--preserve-metadata=identifier,flags,runtime' '/var/folders/fh/vrqs8wk55p9_4ywtvt771rdc0000gn/T/XcodeDistPipeline.NI2/Root/Payload/MVVM.app/Frameworks/libswiftUIKit.dylib'
2019-02-14 08:29:00 +0000  /var/folders/fh/vrqs8wk55p9_4ywtvt771rdc0000gn/T/XcodeDistPipeline.NI2/Root/Payload/MVVM.app/Frameworks/libswiftUIKit.dylib: signed Mach-O universal (armv7 armv7s arm64) [com.apple.dt.runtime.swiftUIKit]
2019-02-14 08:29:00 +0000 [MT] /usr/bin/codesign exited with 0
2019-02-14 08:29:00 +0000 [MT] Entitlements for <IDEDistributionItem: 0x7fac5e967b80 'com.apple.dt.runtime.swiftos' '<DVTFilePath:0x7fac5e85e390:'/Users/xingl/Desktop/Merchant_python/Code/MVVM/AutoBuild/Packge/Release/MVVM.xcarchive/Products/Applications/MVVM.app/Frameworks/libswiftos.dylib'>'>: {
}
2019-02-14 08:29:00 +0000 [MT] Writing entitlements for <IDEDistributionItem: 0x7fac5e967b80 'com.apple.dt.runtime.swiftos' '<DVTFilePath:0x7fac5e85e390:'/Users/xingl/Desktop/Merchant_python/Code/MVVM/AutoBuild/Packge/Release/MVVM.xcarchive/Products/Applications/MVVM.app/Frameworks/libswiftos.dylib'>'> to: /var/folders/fh/vrqs8wk55p9_4ywtvt771rdc0000gn/T/XcodeDistPipeline.NI2/entitlementsTa1hPC
2019-02-14 08:29:00 +0000 [MT] Running /usr/bin/codesign '-vvv' '--force' '--sign' '29FF050C25D160725D79E2E9E155B7EA73F5EB0B' '--entitlements' '/var/folders/fh/vrqs8wk55p9_4ywtvt771rdc0000gn/T/XcodeDistPipeline.NI2/entitlementsTa1hPC' '--preserve-metadata=identifier,flags,runtime' '/var/folders/fh/vrqs8wk55p9_4ywtvt771rdc0000gn/T/XcodeDistPipeline.NI2/Root/Payload/MVVM.app/Frameworks/libswiftos.dylib'
2019-02-14 08:29:00 +0000  /var/folders/fh/vrqs8wk55p9_4ywtvt771rdc0000gn/T/XcodeDistPipeline.NI2/Root/Payload/MVVM.app/Frameworks/libswiftos.dylib: signed Mach-O universal (armv7 armv7s arm64) [com.apple.dt.runtime.swiftos]
2019-02-14 08:29:00 +0000 [MT] /usr/bin/codesign exited with 0
2019-02-14 08:29:00 +0000 [MT] Entitlements for <IDEDistributionItem: 0x7fac5e978740 'com.xingl.xlt' '<DVTFilePath:0x7fac5e5cd490:'/Users/xingl/Desktop/Merchant_python/Code/MVVM/AutoBuild/Packge/Release/MVVM.xcarchive/Products/Applications/MVVM.app'>'>: {
    "application-identifier" = "SEX9UQR699.com.xingl.xlt";
    "com.apple.developer.team-identifier" = SEX9UQR699;
    "get-task-allow" = 1;
    "keychain-access-groups" =     (
        "SEX9UQR699.com.xingl.xlt"
    );
}
2019-02-14 08:29:00 +0000 [MT] Writing entitlements for <IDEDistributionItem: 0x7fac5e978740 'com.xingl.xlt' '<DVTFilePath:0x7fac5e5cd490:'/Users/xingl/Desktop/Merchant_python/Code/MVVM/AutoBuild/Packge/Release/MVVM.xcarchive/Products/Applications/MVVM.app'>'> to: /var/folders/fh/vrqs8wk55p9_4ywtvt771rdc0000gn/T/XcodeDistPipeline.NI2/entitlementslEtL8o
2019-02-14 08:29:00 +0000 [MT] Running /usr/bin/codesign '-vvv' '--force' '--sign' '29FF050C25D160725D79E2E9E155B7EA73F5EB0B' '--entitlements' '/var/folders/fh/vrqs8wk55p9_4ywtvt771rdc0000gn/T/XcodeDistPipeline.NI2/entitlementslEtL8o' '--preserve-metadata=identifier,flags,runtime' '/var/folders/fh/vrqs8wk55p9_4ywtvt771rdc0000gn/T/XcodeDistPipeline.NI2/Root/Payload/MVVM.app'
2019-02-14 08:29:01 +0000  /var/folders/fh/vrqs8wk55p9_4ywtvt771rdc0000gn/T/XcodeDistPipeline.NI2/Root/Payload/MVVM.app: signed app bundle with Mach-O universal (armv7 arm64) [com.xingl.xlt]
2019-02-14 08:29:01 +0000 [MT] /usr/bin/codesign exited with 0
2019-02-14 08:29:01 +0000 [MT] Processing step: IDEDistributionZipODRItemStep
2019-02-14 08:29:01 +0000 [MT] Skipping step: IDEDistributionZipODRItemStep because it said so
2019-02-14 08:29:01 +0000 [MT] Skipping step: IDEDistributionZipODRItemStep because it said so
2019-02-14 08:29:01 +0000 [MT] Skipping step: IDEDistributionZipODRItemStep because it said so
2019-02-14 08:29:01 +0000 [MT] Skipping step: IDEDistributionZipODRItemStep because it said so
2019-02-14 08:29:01 +0000 [MT] Skipping step: IDEDistributionZipODRItemStep because it said so
2019-02-14 08:29:01 +0000 [MT] Skipping step: IDEDistributionZipODRItemStep because it said so
2019-02-14 08:29:01 +0000 [MT] Skipping step: IDEDistributionZipODRItemStep because it said so
2019-02-14 08:29:01 +0000 [MT] Skipping step: IDEDistributionZipODRItemStep because it said so
2019-02-14 08:29:01 +0000 [MT] Skipping step: IDEDistributionZipODRItemStep because it said so
2019-02-14 08:29:01 +0000 [MT] Skipping step: IDEDistributionZipODRItemStep because it said so
2019-02-14 08:29:01 +0000 [MT] Skipping step: IDEDistributionZipODRItemStep because it said so
2019-02-14 08:29:01 +0000 [MT] Skipping step: IDEDistributionZipODRItemStep because it said so
2019-02-14 08:29:01 +0000 [MT] Skipping step: IDEDistributionZipODRItemStep because it said so
2019-02-14 08:29:01 +0000 [MT] Skipping step: IDEDistributionZipODRItemStep because it said so
2019-02-14 08:29:01 +0000 [MT] Processing step: IDEDistributionCreateIPAStep
2019-02-14 08:29:01 +0000 [MT] Running /usr/bin/ditto '-V' '-c' '-k' '--norsrc' '/var/folders/fh/vrqs8wk55p9_4ywtvt771rdc0000gn/T/XcodeDistPipeline.NI2/Root' '/var/folders/fh/vrqs8wk55p9_4ywtvt771rdc0000gn/T/XcodeDistPipeline.NI2/Packages/MVVM.ipa'
2019-02-14 08:29:01 +0000  >>> Copying /var/folders/fh/vrqs8wk55p9_4ywtvt771rdc0000gn/T/XcodeDistPipeline.NI2/Root 
2019-02-14 08:29:01 +0000  copying file ./Payload/MVVM.app/_CodeSignature/CodeResources ... 
2019-02-14 08:29:01 +0000  9251 bytes for ./Payload/MVVM.app/_CodeSignature/CodeResources
2019-02-14 08:29:01 +0000  copying file ./Payload/MVVM.app/Base.lproj/Main.storyboardc/BYZ-38-t0r-view-8bC-Xf-vdC.nib ... 
2019-02-14 08:29:01 +0000  1985 bytes for ./Payload/MVVM.app/Base.lproj/Main.storyboardc/BYZ-38-t0r-view-8bC-Xf-vdC.nib
copying file ./Payload/MVVM.app/Base.lproj/Main.storyboardc/Info.plist ... 
2019-02-14 08:29:01 +0000  276 bytes for ./Payload/MVVM.app/Base.lproj/Main.storyboardc/Info.plist
copying file ./Payload/MVVM.app/Base.lproj/Main.storyboardc/UINavigationController-HyD-sf-O6n.nib ... 
2019-02-14 08:29:01 +0000  1650 bytes for ./Payload/MVVM.app/Base.lproj/Main.storyboardc/UINavigationController-HyD-sf-O6n.nib
copying file ./Payload/MVVM.app/Base.lproj/LaunchScreen.storyboardc/01J-lp-oVM-view-Ze5-6b-2t3.nib ... 
2019-02-14 08:29:01 +0000  1986 bytes for ./Payload/MVVM.app/Base.lproj/LaunchScreen.storyboardc/01J-lp-oVM-view-Ze5-6b-2t3.nib
2019-02-14 08:29:01 +0000  copying file ./Payload/MVVM.app/Base.lproj/LaunchScreen.storyboardc/UIViewController-01J-lp-oVM.nib ... 
832 bytes for ./Payload/MVVM.app/Base.lproj/LaunchScreen.storyboardc/UIViewController-01J-lp-oVM.nib
copying file ./Payload/MVVM.app/Base.lproj/LaunchScreen.storyboardc/Info.plist ... 
2019-02-14 08:29:01 +0000  258 bytes for ./Payload/MVVM.app/Base.lproj/LaunchScreen.storyboardc/Info.plist
2019-02-14 08:29:01 +0000  copying file ./Payload/MVVM.app/CoreData.momd/VersionInfo.plist ... 
2019-02-14 08:29:01 +0000  144 bytes for ./Payload/MVVM.app/CoreData.momd/VersionInfo.plist
copying file ./Payload/MVVM.app/CoreData.momd/CoreData.mom ... 
2019-02-14 08:29:01 +0000  1383 bytes for ./Payload/MVVM.app/CoreData.momd/CoreData.mom
2019-02-14 08:29:01 +0000  copying file ./Payload/MVVM.app/Frameworks/libswiftCoreImage.dylib ... 
2019-02-14 08:29:01 +0000  251056 bytes for ./Payload/MVVM.app/Frameworks/libswiftCoreImage.dylib
copying file ./Payload/MVVM.app/Frameworks/libswiftObjectiveC.dylib ... 
2019-02-14 08:29:01 +0000  299600 bytes for ./Payload/MVVM.app/Frameworks/libswiftObjectiveC.dylib
copying file ./Payload/MVVM.app/Frameworks/libswiftCore.dylib ... 
2019-02-14 08:29:01 +0000  16705920 bytes for ./Payload/MVVM.app/Frameworks/libswiftCore.dylib
2019-02-14 08:29:01 +0000  copying file ./Payload/MVVM.app/Frameworks/libswiftCoreGraphics.dylib ... 
2019-02-14 08:29:01 +0000  651792 bytes for ./Payload/MVVM.app/Frameworks/libswiftCoreGraphics.dylib
2019-02-14 08:29:01 +0000  copying file ./Payload/MVVM.app/Frameworks/libswiftUIKit.dylib ... 
2019-02-14 08:29:01 +0000  527088 bytes for ./Payload/MVVM.app/Frameworks/libswiftUIKit.dylib
copying file ./Payload/MVVM.app/Frameworks/libswiftMetal.dylib ... 
2019-02-14 08:29:01 +0000  295696 bytes for ./Payload/MVVM.app/Frameworks/libswiftMetal.dylib
copying file ./Payload/MVVM.app/Frameworks/libswiftCoreData.dylib ... 
2019-02-14 08:29:01 +0000  352656 bytes for ./Payload/MVVM.app/Frameworks/libswiftCoreData.dylib
copying file ./Payload/MVVM.app/Frameworks/libswiftDispatch.dylib ... 
2019-02-14 08:29:01 +0000  1059200 bytes for ./Payload/MVVM.app/Frameworks/libswiftDispatch.dylib
copying file ./Payload/MVVM.app/Frameworks/libswiftos.dylib ... 
2019-02-14 08:29:01 +0000  299936 bytes for ./Payload/MVVM.app/Frameworks/libswiftos.dylib
copying file ./Payload/MVVM.app/Frameworks/libswiftCoreFoundation.dylib ... 
2019-02-14 08:29:01 +0000  250752 bytes for ./Payload/MVVM.app/Frameworks/libswiftCoreFoundation.dylib
copying file ./Payload/MVVM.app/Frameworks/libswiftDarwin.dylib ... 
2019-02-14 08:29:01 +0000  402976 bytes for ./Payload/MVVM.app/Frameworks/libswiftDarwin.dylib
2019-02-14 08:29:01 +0000  copying file ./Payload/MVVM.app/Frameworks/libswiftQuartzCore.dylib ... 
2019-02-14 08:29:01 +0000  255088 bytes for ./Payload/MVVM.app/Frameworks/libswiftQuartzCore.dylib
copying file ./Payload/MVVM.app/Frameworks/libswiftFoundation.dylib ... 
2019-02-14 08:29:02 +0000  8352688 bytes for ./Payload/MVVM.app/Frameworks/libswiftFoundation.dylib
2019-02-14 08:29:02 +0000  copying file ./Payload/MVVM.app/embedded.mobileprovision ... 
2019-02-14 08:29:02 +0000  19107 bytes for ./Payload/MVVM.app/embedded.mobileprovision
copying file ./Payload/MVVM.app/Info.plist ... 
2019-02-14 08:29:02 +0000  1098 bytes for ./Payload/MVVM.app/Info.plist
copying file ./Payload/MVVM.app/MVVM ... 
2019-02-14 08:29:02 +0000  286208 bytes for ./Payload/MVVM.app/MVVM
copying file ./Payload/MVVM.app/PkgInfo ... 
2019-02-14 08:29:02 +0000  8 bytes for ./Payload/MVVM.app/PkgInfo
2019-02-14 08:29:02 +0000 [MT] /usr/bin/ditto exited with 0
2019-02-14 08:29:02 +0000 [MT] Processing step: IDEDistributionAppStoreInformationStep
2019-02-14 08:29:02 +0000 [MT] Skipping step: IDEDistributionAppStoreInformationStep because it said so
2019-02-14 08:29:02 +0000 [MT] Processing step: IDEDistributionCreateManifestStep
