2019-02-14 08:46:28 +0000 [MT] Initial pipeline context: <IDEDistributionProcessingPipelineContext: 0x7fcaff356010; archive(resolved)='<IDEArchive: 0x7fcafeea7cc0>', distributionTask(resolved)='2', distributionDestination(resolved)='1', distributionMethod(resolved)='<IDEDistributionMethodDevelopmentSigned: 0x7fcafecedb40>', team(resolved)='<IDEProvisioningBasicTeam: 0x7fcaff255130; teamID='SEX9UQR699', teamName='(null)'>'>
	Chain (11, self inclusive):
	<IDEDistributionProcessingPipelineContext: 0x7fcaff356010; archive = '<IDEArchive: 0x7fcafeea7cc0>', distributionMethod='<IDEDistributionMethodDevelopmentSigned: 0x7fcafecedb40>', team='<IDEProvisioningBasicTeam: 0x7fcaff255130; teamID='SEX9UQR699', teamName='(null)'>'>
	<IDEDistributionProcessingPipelineContext: 0x7fcaff349ee0; archive = '<IDEArchive: 0x7fcafeea7cc0>', distributionMethod='<IDEDistributionMethodDevelopmentSigned: 0x7fcafecedb40>', team='<IDEProvisioningBasicTeam: 0x7fcaff255130; teamID='SEX9UQR699', teamName='(null)'>'>
	<IDEDistributionContext: 0x7fcaff3599c0; archive = '<IDEArchive: 0x7fcafeea7cc0>', distributionMethod='<IDEDistributionMethodDevelopmentSigned: 0x7fcafecedb40>', team='<IDEProvisioningBasicTeam: 0x7fcaff255130; teamID='SEX9UQR699', teamName='(null)'>'>
	<IDEDistributionContext: 0x7fcafeff8630; archive = '<IDEArchive: 0x7fcafeea7cc0>', distributionMethod='<IDEDistributionMethodDevelopmentSigned: 0x7fcafecedb40>', team='<IDEProvisioningBasicTeam: 0x7fcaff255130; teamID='SEX9UQR699', teamName='(null)'>'>
	<IDEDistributionContext: 0x7fcafeff6ca0; archive = '<IDEArchive: 0x7fcafeea7cc0>', distributionMethod='<IDEDistributionMethodDevelopmentSigned: 0x7fcafecedb40>', team='<IDEProvisioningBasicTeam: 0x7fcaff255130; teamID='SEX9UQR699', teamName='(null)'>'>
	<IDEDistributionContext: 0x7fcafeff5160; archive = '<IDEArchive: 0x7fcafeea7cc0>', distributionMethod='<IDEDistributionMethodDevelopmentSigned: 0x7fcafecedb40>', team='<IDEProvisioningBasicTeam: 0x7fcaff255130; teamID='SEX9UQR699', teamName='(null)'>'>
	<IDEDistributionContext: 0x7fcaff0370f0; archive = '<IDEArchive: 0x7fcafeea7cc0>', distributionMethod='<IDEDistributionMethodDevelopmentSigned: 0x7fcafecedb40>', team='<IDEProvisioningBasicTeam: 0x7fcaff255130; teamID='SEX9UQR699', teamName='(null)'>'>
	<IDEDistributionContext: 0x7fcafeff1540; archive = '<IDEArchive: 0x7fcafeea7cc0>', distributionMethod='<IDEDistributionMethodDevelopmentSigned: 0x7fcafecedb40>', team='<IDEProvisioningBasicTeam: 0x7fcaff255130; teamID='SEX9UQR699', teamName='(null)'>'>
	<IDEDistributionContext: 0x7fcafefa9370; archive = '<IDEArchive: 0x7fcafeea7cc0>', distributionMethod='<IDEDistributionMethodDevelopmentSigned: 0x7fcafecedb40>', team='<IDEProvisioningBasicTeam: 0x7fcaff255130; teamID='SEX9UQR699', teamName='(null)'>'>
	<IDEDistributionContext: 0x7fcafeedaf60; archive = '<IDEArchive: 0x7fcafeea7cc0>', distributionMethod='<IDEDistributionMethodDevelopmentSigned: 0x7fcafecedb40>', team='(null)'>
	<IDEDistributionContext: 0x7fcafeea88d0; archive = '<IDEArchive: 0x7fcafeea7cc0>', distributionMethod='(null)', team='(null)'>
</IDEDistributionProcessingPipelineContext: 0x7fcaff356010>
2019-02-14 08:46:28 +0000 [MT] Processing step: IDEDistributionCreateDestRootStep
2019-02-14 08:46:28 +0000 [MT] Processing step: IDEDistributionCopyItemStep
2019-02-14 08:46:28 +0000 [MT] Running /usr/bin/ditto '-V' '/Users/xingl/Desktop/Merchant_python/Code/MVVM/AutoBuild/Packge/Release/MVVM.xcarchive/Products/Applications/MVVM.app' '/var/folders/fh/vrqs8wk55p9_4ywtvt771rdc0000gn/T/XcodeDistPipeline.kmO/Root/Payload/MVVM.app'
2019-02-14 08:46:28 +0000  >>> Copying /Users/xingl/Desktop/Merchant_python/Code/MVVM/AutoBuild/Packge/Release/MVVM.xcarchive/Products/Applications/MVVM.app 
2019-02-14 08:46:28 +0000  copying file ./_CodeSignature/CodeResources ... 
2019-02-14 08:46:28 +0000  9251 bytes for ./_CodeSignature/CodeResources
2019-02-14 08:46:28 +0000  copying file ./Base.lproj/Main.storyboardc/BYZ-38-t0r-view-8bC-Xf-vdC.nib ... 
2019-02-14 08:46:28 +0000  1987 bytes for ./Base.lproj/Main.storyboardc/BYZ-38-t0r-view-8bC-Xf-vdC.nib
2019-02-14 08:46:28 +0000  copying file ./Base.lproj/Main.storyboardc/Info.plist ... 
2019-02-14 08:46:28 +0000  276 bytes for ./Base.lproj/Main.storyboardc/Info.plist
copying file ./Base.lproj/Main.storyboardc/UINavigationController-HyD-sf-O6n.nib ... 
2019-02-14 08:46:28 +0000  1650 bytes for ./Base.lproj/Main.storyboardc/UINavigationController-HyD-sf-O6n.nib
2019-02-14 08:46:28 +0000  copying file ./Base.lproj/LaunchScreen.storyboardc/01J-lp-oVM-view-Ze5-6b-2t3.nib ... 
2019-02-14 08:46:28 +0000  1985 bytes for ./Base.lproj/LaunchScreen.storyboardc/01J-lp-oVM-view-Ze5-6b-2t3.nib
copying file ./Base.lproj/LaunchScreen.storyboardc/UIViewController-01J-lp-oVM.nib ... 
2019-02-14 08:46:28 +0000  832 bytes for ./Base.lproj/LaunchScreen.storyboardc/UIViewController-01J-lp-oVM.nib
2019-02-14 08:46:28 +0000  copying file ./Base.lproj/LaunchScreen.storyboardc/Info.plist ... 
2019-02-14 08:46:28 +0000  258 bytes for ./Base.lproj/LaunchScreen.storyboardc/Info.plist
2019-02-14 08:46:28 +0000  copying file ./CoreData.momd/VersionInfo.plist ... 
2019-02-14 08:46:28 +0000  144 bytes for ./CoreData.momd/VersionInfo.plist
copying file ./CoreData.momd/CoreData.mom ... 
2019-02-14 08:46:28 +0000  1383 bytes for ./CoreData.momd/CoreData.mom
2019-02-14 08:46:28 +0000  copying file ./Frameworks/libswiftCoreImage.dylib ... 
2019-02-14 08:46:28 +0000  463984 bytes for ./Frameworks/libswiftCoreImage.dylib
2019-02-14 08:46:28 +0000  copying file ./Frameworks/libswiftObjectiveC.dylib ... 
2019-02-14 08:46:28 +0000  676704 bytes for ./Frameworks/libswiftObjectiveC.dylib
copying file ./Frameworks/libswiftCore.dylib ... 
2019-02-14 08:46:28 +0000  98312960 bytes for ./Frameworks/libswiftCore.dylib
2019-02-14 08:46:28 +0000  copying file ./Frameworks/libswiftCoreGraphics.dylib ... 
2019-02-14 08:46:28 +0000  2342512 bytes for ./Frameworks/libswiftCoreGraphics.dylib
copying file ./Frameworks/libswiftUIKit.dylib ... 
2019-02-14 08:46:28 +0000  1987552 bytes for ./Frameworks/libswiftUIKit.dylib
2019-02-14 08:46:28 +0000  copying file ./Frameworks/libswiftMetal.dylib ... 
2019-02-14 08:46:28 +0000  722032 bytes for ./Frameworks/libswiftMetal.dylib
2019-02-14 08:46:28 +0000  copying file ./Frameworks/libswiftCoreData.dylib ... 
2019-02-14 08:46:28 +0000  992624 bytes for ./Frameworks/libswiftCoreData.dylib
2019-02-14 08:46:28 +0000  copying file ./Frameworks/libswiftDispatch.dylib ... 
2019-02-14 08:46:28 +0000  4229072 bytes for ./Frameworks/libswiftDispatch.dylib
2019-02-14 08:46:28 +0000  copying file ./Frameworks/libswiftos.dylib ... 
2019-02-14 08:46:28 +0000  874288 bytes for ./Frameworks/libswiftos.dylib
2019-02-14 08:46:28 +0000  copying file ./Frameworks/libswiftCoreFoundation.dylib ... 
2019-02-14 08:46:28 +0000  398000 bytes for ./Frameworks/libswiftCoreFoundation.dylib
2019-02-14 08:46:28 +0000  copying file ./Frameworks/libswiftDarwin.dylib ... 
2019-02-14 08:46:28 +0000  1091872 bytes for ./Frameworks/libswiftDarwin.dylib
2019-02-14 08:46:28 +0000  copying file ./Frameworks/libswiftQuartzCore.dylib ... 
2019-02-14 08:46:28 +0000  467984 bytes for ./Frameworks/libswiftQuartzCore.dylib
2019-02-14 08:46:28 +0000  copying file ./Frameworks/libswiftFoundation.dylib ... 
2019-02-14 08:46:28 +0000  42507584 bytes for ./Frameworks/libswiftFoundation.dylib
2019-02-14 08:46:28 +0000  copying file ./embedded.mobileprovision ... 
19107 bytes for ./embedded.mobileprovision
2019-02-14 08:46:28 +0000  copying file ./Info.plist ... 
2019-02-14 08:46:28 +0000  1098 bytes for ./Info.plist
2019-02-14 08:46:28 +0000  copying file ./MVVM ... 
2019-02-14 08:46:28 +0000  1094016 bytes for ./MVVM
2019-02-14 08:46:28 +0000  copying file ./PkgInfo ... 
2019-02-14 08:46:28 +0000  8 bytes for ./PkgInfo
2019-02-14 08:46:28 +0000 [MT] /usr/bin/ditto exited with 0
2019-02-14 08:46:28 +0000 [MT] Processing step: IDEDistributionEmbedProfileStep
2019-02-14 08:46:28 +0000 [MT] Skipping profile for item: <IDEDistributionItem: 0x7fcaff122e80 'com.apple.dt.runtime.swiftCore' '<DVTFilePath:0x7fcaff258ec0:'/Users/xingl/Desktop/Merchant_python/Code/MVVM/AutoBuild/Packge/Release/MVVM.xcarchive/Products/Applications/MVVM.app/Frameworks/libswiftCore.dylib'>'>
2019-02-14 08:46:28 +0000 [MT] Skipping profile for item: <IDEDistributionItem: 0x7fcaff1401a0 'com.apple.dt.runtime.swiftCoreData' '<DVTFilePath:0x7fcaff25c4a0:'/Users/xingl/Desktop/Merchant_python/Code/MVVM/AutoBuild/Packge/Release/MVVM.xcarchive/Products/Applications/MVVM.app/Frameworks/libswiftCoreData.dylib'>'>
2019-02-14 08:46:28 +0000 [MT] Skipping profile for item: <IDEDistributionItem: 0x7fcaff269060 'com.apple.dt.runtime.swiftCoreFoundation' '<DVTFilePath:0x7fcaff081a90:'/Users/xingl/Desktop/Merchant_python/Code/MVVM/AutoBuild/Packge/Release/MVVM.xcarchive/Products/Applications/MVVM.app/Frameworks/libswiftCoreFoundation.dylib'>'>
2019-02-14 08:46:28 +0000 [MT] Skipping profile for item: <IDEDistributionItem: 0x7fcaff3442e0 'com.apple.dt.runtime.swiftCoreGraphics' '<DVTFilePath:0x7fcaff258b50:'/Users/xingl/Desktop/Merchant_python/Code/MVVM/AutoBuild/Packge/Release/MVVM.xcarchive/Products/Applications/MVVM.app/Frameworks/libswiftCoreGraphics.dylib'>'>
2019-02-14 08:46:28 +0000 [MT] Skipping profile for item: <IDEDistributionItem: 0x7fcaff32d8c0 'com.apple.dt.runtime.swiftCoreImage' '<DVTFilePath:0x7fcaff255cc0:'/Users/xingl/Desktop/Merchant_python/Code/MVVM/AutoBuild/Packge/Release/MVVM.xcarchive/Products/Applications/MVVM.app/Frameworks/libswiftCoreImage.dylib'>'>
2019-02-14 08:46:28 +0000 [MT] Skipping profile for item: <IDEDistributionItem: 0x7fcaff11c5d0 'com.apple.dt.runtime.swiftDarwin' '<DVTFilePath:0x7fcaff268cf0:'/Users/xingl/Desktop/Merchant_python/Code/MVVM/AutoBuild/Packge/Release/MVVM.xcarchive/Products/Applications/MVVM.app/Frameworks/libswiftDarwin.dylib'>'>
2019-02-14 08:46:28 +0000 [MT] Skipping profile for item: <IDEDistributionItem: 0x7fcaff332490 'com.apple.dt.runtime.swiftDispatch' '<DVTFilePath:0x7fcaff25d220:'/Users/xingl/Desktop/Merchant_python/Code/MVVM/AutoBuild/Packge/Release/MVVM.xcarchive/Products/Applications/MVVM.app/Frameworks/libswiftDispatch.dylib'>'>
2019-02-14 08:46:28 +0000 [MT] Skipping profile for item: <IDEDistributionItem: 0x7fcaff32ed70 'com.apple.dt.runtime.swiftFoundation' '<DVTFilePath:0x7fcaff084e70:'/Users/xingl/Desktop/Merchant_python/Code/MVVM/AutoBuild/Packge/Release/MVVM.xcarchive/Products/Applications/MVVM.app/Frameworks/libswiftFoundation.dylib'>'>
2019-02-14 08:46:28 +0000 [MT] Skipping profile for item: <IDEDistributionItem: 0x7fcaff327e90 'com.apple.dt.runtime.swiftMetal' '<DVTFilePath:0x7fcaff25b350:'/Users/xingl/Desktop/Merchant_python/Code/MVVM/AutoBuild/Packge/Release/MVVM.xcarchive/Products/Applications/MVVM.app/Frameworks/libswiftMetal.dylib'>'>
2019-02-14 08:46:28 +0000 [MT] Skipping profile for item: <IDEDistributionItem: 0x7fcaff12c8f0 'com.apple.dt.runtime.swiftObjectiveC' '<DVTFilePath:0x7fcaff257400:'/Users/xingl/Desktop/Merchant_python/Code/MVVM/AutoBuild/Packge/Release/MVVM.xcarchive/Products/Applications/MVVM.app/Frameworks/libswiftObjectiveC.dylib'>'>
2019-02-14 08:46:28 +0000 [MT] Skipping profile for item: <IDEDistributionItem: 0x7fcafefe1ed0 'com.apple.dt.runtime.swiftQuartzCore' '<DVTFilePath:0x7fcaff2695c0:'/Users/xingl/Desktop/Merchant_python/Code/MVVM/AutoBuild/Packge/Release/MVVM.xcarchive/Products/Applications/MVVM.app/Frameworks/libswiftQuartzCore.dylib'>'>
2019-02-14 08:46:28 +0000 [MT] Skipping profile for item: <IDEDistributionItem: 0x7fcaff128cd0 'com.apple.dt.runtime.swiftUIKit' '<DVTFilePath:0x7fcaff25ab80:'/Users/xingl/Desktop/Merchant_python/Code/MVVM/AutoBuild/Packge/Release/MVVM.xcarchive/Products/Applications/MVVM.app/Frameworks/libswiftUIKit.dylib'>'>
2019-02-14 08:46:28 +0000 [MT] Skipping profile for item: <IDEDistributionItem: 0x7fcaff053b70 'com.apple.dt.runtime.swiftos' '<DVTFilePath:0x7fcaff25f2a0:'/Users/xingl/Desktop/Merchant_python/Code/MVVM/AutoBuild/Packge/Release/MVVM.xcarchive/Products/Applications/MVVM.app/Frameworks/libswiftos.dylib'>'>
2019-02-14 08:46:28 +0000 [MT] Processing step: IDEDistributionAppThinningPlistStep
2019-02-14 08:46:28 +0000 [MT] Skipping step: IDEDistributionAppThinningPlistStep because it said so
2019-02-14 08:46:28 +0000 [MT] Processing step: IDEDistributionCompileBitcodeStep
2019-02-14 08:46:28 +0000 [MT] Skipping step: IDEDistributionCompileBitcodeStep because it said so
2019-02-14 08:46:28 +0000 [MT] Processing step: IDEDistributionCodeSlimmingStep
2019-02-14 08:46:29 +0000 [MT] Processing step: IDEDistributionCopyBCSymbolMapsStep
2019-02-14 08:46:29 +0000 [MT] Skipping step: IDEDistributionCopyBCSymbolMapsStep because it said so
2019-02-14 08:46:29 +0000 [MT] Skipping step: IDEDistributionCopyBCSymbolMapsStep because it said so
2019-02-14 08:46:29 +0000 [MT] Skipping step: IDEDistributionCopyBCSymbolMapsStep because it said so
2019-02-14 08:46:29 +0000 [MT] Skipping step: IDEDistributionCopyBCSymbolMapsStep because it said so
2019-02-14 08:46:29 +0000 [MT] Skipping step: IDEDistributionCopyBCSymbolMapsStep because it said so
2019-02-14 08:46:29 +0000 [MT] Skipping step: IDEDistributionCopyBCSymbolMapsStep because it said so
2019-02-14 08:46:29 +0000 [MT] Skipping step: IDEDistributionCopyBCSymbolMapsStep because it said so
2019-02-14 08:46:29 +0000 [MT] Skipping step: IDEDistributionCopyBCSymbolMapsStep because it said so
2019-02-14 08:46:29 +0000 [MT] Skipping step: IDEDistributionCopyBCSymbolMapsStep because it said so
2019-02-14 08:46:29 +0000 [MT] Skipping step: IDEDistributionCopyBCSymbolMapsStep because it said so
2019-02-14 08:46:29 +0000 [MT] Skipping step: IDEDistributionCopyBCSymbolMapsStep because it said so
2019-02-14 08:46:29 +0000 [MT] Skipping step: IDEDistributionCopyBCSymbolMapsStep because it said so
2019-02-14 08:46:29 +0000 [MT] Skipping step: IDEDistributionCopyBCSymbolMapsStep because it said so
2019-02-14 08:46:29 +0000 [MT] Skipping step: IDEDistributionCopyBCSymbolMapsStep because it said so
2019-02-14 08:46:29 +0000 [MT] Processing step: IDEDistributionSymbolsStep
2019-02-14 08:46:29 +0000 [MT] Skipping step: IDEDistributionSymbolsStep because it said so
2019-02-14 08:46:29 +0000 [MT] Skipping step: IDEDistributionSymbolsStep because it said so
2019-02-14 08:46:29 +0000 [MT] Skipping step: IDEDistributionSymbolsStep because it said so
2019-02-14 08:46:29 +0000 [MT] Skipping step: IDEDistributionSymbolsStep because it said so
2019-02-14 08:46:29 +0000 [MT] Skipping step: IDEDistributionSymbolsStep because it said so
2019-02-14 08:46:29 +0000 [MT] Skipping step: IDEDistributionSymbolsStep because it said so
2019-02-14 08:46:29 +0000 [MT] Skipping step: IDEDistributionSymbolsStep because it said so
2019-02-14 08:46:29 +0000 [MT] Skipping step: IDEDistributionSymbolsStep because it said so
2019-02-14 08:46:29 +0000 [MT] Skipping step: IDEDistributionSymbolsStep because it said so
2019-02-14 08:46:29 +0000 [MT] Skipping step: IDEDistributionSymbolsStep because it said so
2019-02-14 08:46:29 +0000 [MT] Skipping step: IDEDistributionSymbolsStep because it said so
2019-02-14 08:46:29 +0000 [MT] Skipping step: IDEDistributionSymbolsStep because it said so
2019-02-14 08:46:29 +0000 [MT] Skipping step: IDEDistributionSymbolsStep because it said so
2019-02-14 08:46:29 +0000 [MT] Skipping step: IDEDistributionSymbolsStep because it said so
2019-02-14 08:46:29 +0000 [MT] Processing step: IDEDistributionAppThinningStep
2019-02-14 08:46:29 +0000 [MT] Skipping step: IDEDistributionAppThinningStep because it said so
2019-02-14 08:46:29 +0000 [MT] Processing step: IDEDistributionArchThinningStep
2019-02-14 08:46:29 +0000 [MT] Running /Applications/Xcode.app/Contents/Developer/Toolchains/XcodeDefault.xctoolchain/usr/bin/lipo '/var/folders/fh/vrqs8wk55p9_4ywtvt771rdc0000gn/T/XcodeDistPipeline.kmO/Root/Payload/MVVM.app/Frameworks/libswiftCore.dylib' '-verify_arch' 'arm64e'
2019-02-14 08:46:29 +0000 [MT] /Applications/Xcode.app/Contents/Developer/Toolchains/XcodeDefault.xctoolchain/usr/bin/lipo exited with 0
2019-02-14 08:46:29 +0000 [MT] Running /Applications/Xcode.app/Contents/Developer/Toolchains/XcodeDefault.xctoolchain/usr/bin/lipo '/var/folders/fh/vrqs8wk55p9_4ywtvt771rdc0000gn/T/XcodeDistPipeline.kmO/Root/Payload/MVVM.app/Frameworks/libswiftCore.dylib' '-remove' 'arm64e' '-output' '/var/folders/fh/vrqs8wk55p9_4ywtvt771rdc0000gn/T/XcodeDistPipeline.kmO/Root/Payload/MVVM.app/Frameworks/libswiftCore.dylib'
2019-02-14 08:46:29 +0000 [MT] /Applications/Xcode.app/Contents/Developer/Toolchains/XcodeDefault.xctoolchain/usr/bin/lipo exited with 0
2019-02-14 08:46:29 +0000 [MT] Successfully thinned item "libswiftCore.dylib", arch "arm64e"
2019-02-14 08:46:29 +0000 [MT] Running /Applications/Xcode.app/Contents/Developer/Toolchains/XcodeDefault.xctoolchain/usr/bin/lipo '/var/folders/fh/vrqs8wk55p9_4ywtvt771rdc0000gn/T/XcodeDistPipeline.kmO/Root/Payload/MVVM.app/Frameworks/libswiftCoreData.dylib' '-verify_arch' 'arm64e'
2019-02-14 08:46:29 +0000 [MT] /Applications/Xcode.app/Contents/Developer/Toolchains/XcodeDefault.xctoolchain/usr/bin/lipo exited with 0
2019-02-14 08:46:29 +0000 [MT] Running /Applications/Xcode.app/Contents/Developer/Toolchains/XcodeDefault.xctoolchain/usr/bin/lipo '/var/folders/fh/vrqs8wk55p9_4ywtvt771rdc0000gn/T/XcodeDistPipeline.kmO/Root/Payload/MVVM.app/Frameworks/libswiftCoreData.dylib' '-remove' 'arm64e' '-output' '/var/folders/fh/vrqs8wk55p9_4ywtvt771rdc0000gn/T/XcodeDistPipeline.kmO/Root/Payload/MVVM.app/Frameworks/libswiftCoreData.dylib'
2019-02-14 08:46:29 +0000 [MT] /Applications/Xcode.app/Contents/Developer/Toolchains/XcodeDefault.xctoolchain/usr/bin/lipo exited with 0
2019-02-14 08:46:29 +0000 [MT] Successfully thinned item "libswiftCoreData.dylib", arch "arm64e"
2019-02-14 08:46:29 +0000 [MT] Running /Applications/Xcode.app/Contents/Developer/Toolchains/XcodeDefault.xctoolchain/usr/bin/lipo '/var/folders/fh/vrqs8wk55p9_4ywtvt771rdc0000gn/T/XcodeDistPipeline.kmO/Root/Payload/MVVM.app/Frameworks/libswiftCoreFoundation.dylib' '-verify_arch' 'arm64e'
2019-02-14 08:46:29 +0000 [MT] /Applications/Xcode.app/Contents/Developer/Toolchains/XcodeDefault.xctoolchain/usr/bin/lipo exited with 0
2019-02-14 08:46:29 +0000 [MT] Running /Applications/Xcode.app/Contents/Developer/Toolchains/XcodeDefault.xctoolchain/usr/bin/lipo '/var/folders/fh/vrqs8wk55p9_4ywtvt771rdc0000gn/T/XcodeDistPipeline.kmO/Root/Payload/MVVM.app/Frameworks/libswiftCoreFoundation.dylib' '-remove' 'arm64e' '-output' '/var/folders/fh/vrqs8wk55p9_4ywtvt771rdc0000gn/T/XcodeDistPipeline.kmO/Root/Payload/MVVM.app/Frameworks/libswiftCoreFoundation.dylib'
2019-02-14 08:46:29 +0000 [MT] /Applications/Xcode.app/Contents/Developer/Toolchains/XcodeDefault.xctoolchain/usr/bin/lipo exited with 0
2019-02-14 08:46:29 +0000 [MT] Successfully thinned item "libswiftCoreFoundation.dylib", arch "arm64e"
2019-02-14 08:46:29 +0000 [MT] Running /Applications/Xcode.app/Contents/Developer/Toolchains/XcodeDefault.xctoolchain/usr/bin/lipo '/var/folders/fh/vrqs8wk55p9_4ywtvt771rdc0000gn/T/XcodeDistPipeline.kmO/Root/Payload/MVVM.app/Frameworks/libswiftCoreGraphics.dylib' '-verify_arch' 'arm64e'
2019-02-14 08:46:29 +0000 [MT] /Applications/Xcode.app/Contents/Developer/Toolchains/XcodeDefault.xctoolchain/usr/bin/lipo exited with 0
2019-02-14 08:46:29 +0000 [MT] Running /Applications/Xcode.app/Contents/Developer/Toolchains/XcodeDefault.xctoolchain/usr/bin/lipo '/var/folders/fh/vrqs8wk55p9_4ywtvt771rdc0000gn/T/XcodeDistPipeline.kmO/Root/Payload/MVVM.app/Frameworks/libswiftCoreGraphics.dylib' '-remove' 'arm64e' '-output' '/var/folders/fh/vrqs8wk55p9_4ywtvt771rdc0000gn/T/XcodeDistPipeline.kmO/Root/Payload/MVVM.app/Frameworks/libswiftCoreGraphics.dylib'
2019-02-14 08:46:29 +0000 [MT] /Applications/Xcode.app/Contents/Developer/Toolchains/XcodeDefault.xctoolchain/usr/bin/lipo exited with 0
2019-02-14 08:46:29 +0000 [MT] Successfully thinned item "libswiftCoreGraphics.dylib", arch "arm64e"
2019-02-14 08:46:29 +0000 [MT] Running /Applications/Xcode.app/Contents/Developer/Toolchains/XcodeDefault.xctoolchain/usr/bin/lipo '/var/folders/fh/vrqs8wk55p9_4ywtvt771rdc0000gn/T/XcodeDistPipeline.kmO/Root/Payload/MVVM.app/Frameworks/libswiftCoreImage.dylib' '-verify_arch' 'arm64e'
2019-02-14 08:46:29 +0000 [MT] /Applications/Xcode.app/Contents/Developer/Toolchains/XcodeDefault.xctoolchain/usr/bin/lipo exited with 0
2019-02-14 08:46:29 +0000 [MT] Running /Applications/Xcode.app/Contents/Developer/Toolchains/XcodeDefault.xctoolchain/usr/bin/lipo '/var/folders/fh/vrqs8wk55p9_4ywtvt771rdc0000gn/T/XcodeDistPipeline.kmO/Root/Payload/MVVM.app/Frameworks/libswiftCoreImage.dylib' '-remove' 'arm64e' '-output' '/var/folders/fh/vrqs8wk55p9_4ywtvt771rdc0000gn/T/XcodeDistPipeline.kmO/Root/Payload/MVVM.app/Frameworks/libswiftCoreImage.dylib'
2019-02-14 08:46:29 +0000 [MT] /Applications/Xcode.app/Contents/Developer/Toolchains/XcodeDefault.xctoolchain/usr/bin/lipo exited with 0
2019-02-14 08:46:29 +0000 [MT] Successfully thinned item "libswiftCoreImage.dylib", arch "arm64e"
2019-02-14 08:46:29 +0000 [MT] Running /Applications/Xcode.app/Contents/Developer/Toolchains/XcodeDefault.xctoolchain/usr/bin/lipo '/var/folders/fh/vrqs8wk55p9_4ywtvt771rdc0000gn/T/XcodeDistPipeline.kmO/Root/Payload/MVVM.app/Frameworks/libswiftDarwin.dylib' '-verify_arch' 'arm64e'
2019-02-14 08:46:29 +0000 [MT] /Applications/Xcode.app/Contents/Developer/Toolchains/XcodeDefault.xctoolchain/usr/bin/lipo exited with 0
2019-02-14 08:46:29 +0000 [MT] Running /Applications/Xcode.app/Contents/Developer/Toolchains/XcodeDefault.xctoolchain/usr/bin/lipo '/var/folders/fh/vrqs8wk55p9_4ywtvt771rdc0000gn/T/XcodeDistPipeline.kmO/Root/Payload/MVVM.app/Frameworks/libswiftDarwin.dylib' '-remove' 'arm64e' '-output' '/var/folders/fh/vrqs8wk55p9_4ywtvt771rdc0000gn/T/XcodeDistPipeline.kmO/Root/Payload/MVVM.app/Frameworks/libswiftDarwin.dylib'
2019-02-14 08:46:29 +0000 [MT] /Applications/Xcode.app/Contents/Developer/Toolchains/XcodeDefault.xctoolchain/usr/bin/lipo exited with 0
2019-02-14 08:46:29 +0000 [MT] Successfully thinned item "libswiftDarwin.dylib", arch "arm64e"
2019-02-14 08:46:29 +0000 [MT] Running /Applications/Xcode.app/Contents/Developer/Toolchains/XcodeDefault.xctoolchain/usr/bin/lipo '/var/folders/fh/vrqs8wk55p9_4ywtvt771rdc0000gn/T/XcodeDistPipeline.kmO/Root/Payload/MVVM.app/Frameworks/libswiftDispatch.dylib' '-verify_arch' 'arm64e'
2019-02-14 08:46:29 +0000 [MT] /Applications/Xcode.app/Contents/Developer/Toolchains/XcodeDefault.xctoolchain/usr/bin/lipo exited with 0
2019-02-14 08:46:29 +0000 [MT] Running /Applications/Xcode.app/Contents/Developer/Toolchains/XcodeDefault.xctoolchain/usr/bin/lipo '/var/folders/fh/vrqs8wk55p9_4ywtvt771rdc0000gn/T/XcodeDistPipeline.kmO/Root/Payload/MVVM.app/Frameworks/libswiftDispatch.dylib' '-remove' 'arm64e' '-output' '/var/folders/fh/vrqs8wk55p9_4ywtvt771rdc0000gn/T/XcodeDistPipeline.kmO/Root/Payload/MVVM.app/Frameworks/libswiftDispatch.dylib'
2019-02-14 08:46:29 +0000 [MT] /Applications/Xcode.app/Contents/Developer/Toolchains/XcodeDefault.xctoolchain/usr/bin/lipo exited with 0
2019-02-14 08:46:29 +0000 [MT] Successfully thinned item "libswiftDispatch.dylib", arch "arm64e"
2019-02-14 08:46:29 +0000 [MT] Running /Applications/Xcode.app/Contents/Developer/Toolchains/XcodeDefault.xctoolchain/usr/bin/lipo '/var/folders/fh/vrqs8wk55p9_4ywtvt771rdc0000gn/T/XcodeDistPipeline.kmO/Root/Payload/MVVM.app/Frameworks/libswiftFoundation.dylib' '-verify_arch' 'arm64e'
2019-02-14 08:46:29 +0000 [MT] /Applications/Xcode.app/Contents/Developer/Toolchains/XcodeDefault.xctoolchain/usr/bin/lipo exited with 0
2019-02-14 08:46:29 +0000 [MT] Running /Applications/Xcode.app/Contents/Developer/Toolchains/XcodeDefault.xctoolchain/usr/bin/lipo '/var/folders/fh/vrqs8wk55p9_4ywtvt771rdc0000gn/T/XcodeDistPipeline.kmO/Root/Payload/MVVM.app/Frameworks/libswiftFoundation.dylib' '-remove' 'arm64e' '-output' '/var/folders/fh/vrqs8wk55p9_4ywtvt771rdc0000gn/T/XcodeDistPipeline.kmO/Root/Payload/MVVM.app/Frameworks/libswiftFoundation.dylib'
2019-02-14 08:46:29 +0000 [MT] /Applications/Xcode.app/Contents/Developer/Toolchains/XcodeDefault.xctoolchain/usr/bin/lipo exited with 0
2019-02-14 08:46:29 +0000 [MT] Successfully thinned item "libswiftFoundation.dylib", arch "arm64e"
2019-02-14 08:46:29 +0000 [MT] Running /Applications/Xcode.app/Contents/Developer/Toolchains/XcodeDefault.xctoolchain/usr/bin/lipo '/var/folders/fh/vrqs8wk55p9_4ywtvt771rdc0000gn/T/XcodeDistPipeline.kmO/Root/Payload/MVVM.app/Frameworks/libswiftMetal.dylib' '-verify_arch' 'arm64e'
2019-02-14 08:46:29 +0000 [MT] /Applications/Xcode.app/Contents/Developer/Toolchains/XcodeDefault.xctoolchain/usr/bin/lipo exited with 0
2019-02-14 08:46:29 +0000 [MT] Running /Applications/Xcode.app/Contents/Developer/Toolchains/XcodeDefault.xctoolchain/usr/bin/lipo '/var/folders/fh/vrqs8wk55p9_4ywtvt771rdc0000gn/T/XcodeDistPipeline.kmO/Root/Payload/MVVM.app/Frameworks/libswiftMetal.dylib' '-remove' 'arm64e' '-output' '/var/folders/fh/vrqs8wk55p9_4ywtvt771rdc0000gn/T/XcodeDistPipeline.kmO/Root/Payload/MVVM.app/Frameworks/libswiftMetal.dylib'
2019-02-14 08:46:29 +0000 [MT] /Applications/Xcode.app/Contents/Developer/Toolchains/XcodeDefault.xctoolchain/usr/bin/lipo exited with 0
2019-02-14 08:46:29 +0000 [MT] Successfully thinned item "libswiftMetal.dylib", arch "arm64e"
2019-02-14 08:46:29 +0000 [MT] Running /Applications/Xcode.app/Contents/Developer/Toolchains/XcodeDefault.xctoolchain/usr/bin/lipo '/var/folders/fh/vrqs8wk55p9_4ywtvt771rdc0000gn/T/XcodeDistPipeline.kmO/Root/Payload/MVVM.app/Frameworks/libswiftObjectiveC.dylib' '-verify_arch' 'arm64e'
2019-02-14 08:46:29 +0000 [MT] /Applications/Xcode.app/Contents/Developer/Toolchains/XcodeDefault.xctoolchain/usr/bin/lipo exited with 0
2019-02-14 08:46:29 +0000 [MT] Running /Applications/Xcode.app/Contents/Developer/Toolchains/XcodeDefault.xctoolchain/usr/bin/lipo '/var/folders/fh/vrqs8wk55p9_4ywtvt771rdc0000gn/T/XcodeDistPipeline.kmO/Root/Payload/MVVM.app/Frameworks/libswiftObjectiveC.dylib' '-remove' 'arm64e' '-output' '/var/folders/fh/vrqs8wk55p9_4ywtvt771rdc0000gn/T/XcodeDistPipeline.kmO/Root/Payload/MVVM.app/Frameworks/libswiftObjectiveC.dylib'
2019-02-14 08:46:29 +0000 [MT] /Applications/Xcode.app/Contents/Developer/Toolchains/XcodeDefault.xctoolchain/usr/bin/lipo exited with 0
2019-02-14 08:46:29 +0000 [MT] Successfully thinned item "libswiftObjectiveC.dylib", arch "arm64e"
2019-02-14 08:46:29 +0000 [MT] Running /Applications/Xcode.app/Contents/Developer/Toolchains/XcodeDefault.xctoolchain/usr/bin/lipo '/var/folders/fh/vrqs8wk55p9_4ywtvt771rdc0000gn/T/XcodeDistPipeline.kmO/Root/Payload/MVVM.app/Frameworks/libswiftQuartzCore.dylib' '-verify_arch' 'arm64e'
2019-02-14 08:46:29 +0000 [MT] /Applications/Xcode.app/Contents/Developer/Toolchains/XcodeDefault.xctoolchain/usr/bin/lipo exited with 0
2019-02-14 08:46:29 +0000 [MT] Running /Applications/Xcode.app/Contents/Developer/Toolchains/XcodeDefault.xctoolchain/usr/bin/lipo '/var/folders/fh/vrqs8wk55p9_4ywtvt771rdc0000gn/T/XcodeDistPipeline.kmO/Root/Payload/MVVM.app/Frameworks/libswiftQuartzCore.dylib' '-remove' 'arm64e' '-output' '/var/folders/fh/vrqs8wk55p9_4ywtvt771rdc0000gn/T/XcodeDistPipeline.kmO/Root/Payload/MVVM.app/Frameworks/libswiftQuartzCore.dylib'
2019-02-14 08:46:29 +0000 [MT] /Applications/Xcode.app/Contents/Developer/Toolchains/XcodeDefault.xctoolchain/usr/bin/lipo exited with 0
2019-02-14 08:46:29 +0000 [MT] Successfully thinned item "libswiftQuartzCore.dylib", arch "arm64e"
2019-02-14 08:46:29 +0000 [MT] Running /Applications/Xcode.app/Contents/Developer/Toolchains/XcodeDefault.xctoolchain/usr/bin/lipo '/var/folders/fh/vrqs8wk55p9_4ywtvt771rdc0000gn/T/XcodeDistPipeline.kmO/Root/Payload/MVVM.app/Frameworks/libswiftUIKit.dylib' '-verify_arch' 'arm64e'
2019-02-14 08:46:29 +0000 [MT] /Applications/Xcode.app/Contents/Developer/Toolchains/XcodeDefault.xctoolchain/usr/bin/lipo exited with 0
2019-02-14 08:46:29 +0000 [MT] Running /Applications/Xcode.app/Contents/Developer/Toolchains/XcodeDefault.xctoolchain/usr/bin/lipo '/var/folders/fh/vrqs8wk55p9_4ywtvt771rdc0000gn/T/XcodeDistPipeline.kmO/Root/Payload/MVVM.app/Frameworks/libswiftUIKit.dylib' '-remove' 'arm64e' '-output' '/var/folders/fh/vrqs8wk55p9_4ywtvt771rdc0000gn/T/XcodeDistPipeline.kmO/Root/Payload/MVVM.app/Frameworks/libswiftUIKit.dylib'
2019-02-14 08:46:29 +0000 [MT] /Applications/Xcode.app/Contents/Developer/Toolchains/XcodeDefault.xctoolchain/usr/bin/lipo exited with 0
2019-02-14 08:46:29 +0000 [MT] Successfully thinned item "libswiftUIKit.dylib", arch "arm64e"
2019-02-14 08:46:29 +0000 [MT] Running /Applications/Xcode.app/Contents/Developer/Toolchains/XcodeDefault.xctoolchain/usr/bin/lipo '/var/folders/fh/vrqs8wk55p9_4ywtvt771rdc0000gn/T/XcodeDistPipeline.kmO/Root/Payload/MVVM.app/Frameworks/libswiftos.dylib' '-verify_arch' 'arm64e'
2019-02-14 08:46:29 +0000 [MT] /Applications/Xcode.app/Contents/Developer/Toolchains/XcodeDefault.xctoolchain/usr/bin/lipo exited with 0
2019-02-14 08:46:29 +0000 [MT] Running /Applications/Xcode.app/Contents/Developer/Toolchains/XcodeDefault.xctoolchain/usr/bin/lipo '/var/folders/fh/vrqs8wk55p9_4ywtvt771rdc0000gn/T/XcodeDistPipeline.kmO/Root/Payload/MVVM.app/Frameworks/libswiftos.dylib' '-remove' 'arm64e' '-output' '/var/folders/fh/vrqs8wk55p9_4ywtvt771rdc0000gn/T/XcodeDistPipeline.kmO/Root/Payload/MVVM.app/Frameworks/libswiftos.dylib'
2019-02-14 08:46:29 +0000 [MT] /Applications/Xcode.app/Contents/Developer/Toolchains/XcodeDefault.xctoolchain/usr/bin/lipo exited with 0
2019-02-14 08:46:29 +0000 [MT] Successfully thinned item "libswiftos.dylib", arch "arm64e"
2019-02-14 08:46:29 +0000 [MT] Running /Applications/Xcode.app/Contents/Developer/Toolchains/XcodeDefault.xctoolchain/usr/bin/lipo '/var/folders/fh/vrqs8wk55p9_4ywtvt771rdc0000gn/T/XcodeDistPipeline.kmO/Root/Payload/MVVM.app/MVVM' '-verify_arch' 'arm64e'
2019-02-14 08:46:29 +0000 [MT] /Applications/Xcode.app/Contents/Developer/Toolchains/XcodeDefault.xctoolchain/usr/bin/lipo exited with 1
2019-02-14 08:46:29 +0000 [MT] Skipping architecture thinning for item "MVVM" because arch "arm64e" wasn't found
2019-02-14 08:46:29 +0000 [MT] Processing step: IDEDistributionODRStep
2019-02-14 08:46:29 +0000 [MT] Processing step: IDEDistributionStripXattrsStep
2019-02-14 08:46:29 +0000 [MT] Skipping stripping extended attributes of item: <IDEDistributionItem: 0x7fcaff122e80 'com.apple.dt.runtime.swiftCore' '<DVTFilePath:0x7fcaff258ec0:'/Users/xingl/Desktop/Merchant_python/Code/MVVM/AutoBuild/Packge/Release/MVVM.xcarchive/Products/Applications/MVVM.app/Frameworks/libswiftCore.dylib'>'>
2019-02-14 08:46:29 +0000 [MT] Skipping stripping extended attributes of item: <IDEDistributionItem: 0x7fcaff1401a0 'com.apple.dt.runtime.swiftCoreData' '<DVTFilePath:0x7fcaff25c4a0:'/Users/xingl/Desktop/Merchant_python/Code/MVVM/AutoBuild/Packge/Release/MVVM.xcarchive/Products/Applications/MVVM.app/Frameworks/libswiftCoreData.dylib'>'>
2019-02-14 08:46:29 +0000 [MT] Skipping stripping extended attributes of item: <IDEDistributionItem: 0x7fcaff269060 'com.apple.dt.runtime.swiftCoreFoundation' '<DVTFilePath:0x7fcaff081a90:'/Users/xingl/Desktop/Merchant_python/Code/MVVM/AutoBuild/Packge/Release/MVVM.xcarchive/Products/Applications/MVVM.app/Frameworks/libswiftCoreFoundation.dylib'>'>
2019-02-14 08:46:29 +0000 [MT] Skipping stripping extended attributes of item: <IDEDistributionItem: 0x7fcaff3442e0 'com.apple.dt.runtime.swiftCoreGraphics' '<DVTFilePath:0x7fcaff258b50:'/Users/xingl/Desktop/Merchant_python/Code/MVVM/AutoBuild/Packge/Release/MVVM.xcarchive/Products/Applications/MVVM.app/Frameworks/libswiftCoreGraphics.dylib'>'>
2019-02-14 08:46:29 +0000 [MT] Skipping stripping extended attributes of item: <IDEDistributionItem: 0x7fcaff32d8c0 'com.apple.dt.runtime.swiftCoreImage' '<DVTFilePath:0x7fcaff255cc0:'/Users/xingl/Desktop/Merchant_python/Code/MVVM/AutoBuild/Packge/Release/MVVM.xcarchive/Products/Applications/MVVM.app/Frameworks/libswiftCoreImage.dylib'>'>
2019-02-14 08:46:29 +0000 [MT] Skipping stripping extended attributes of item: <IDEDistributionItem: 0x7fcaff11c5d0 'com.apple.dt.runtime.swiftDarwin' '<DVTFilePath:0x7fcaff268cf0:'/Users/xingl/Desktop/Merchant_python/Code/MVVM/AutoBuild/Packge/Release/MVVM.xcarchive/Products/Applications/MVVM.app/Frameworks/libswiftDarwin.dylib'>'>
2019-02-14 08:46:29 +0000 [MT] Skipping stripping extended attributes of item: <IDEDistributionItem: 0x7fcaff332490 'com.apple.dt.runtime.swiftDispatch' '<DVTFilePath:0x7fcaff25d220:'/Users/xingl/Desktop/Merchant_python/Code/MVVM/AutoBuild/Packge/Release/MVVM.xcarchive/Products/Applications/MVVM.app/Frameworks/libswiftDispatch.dylib'>'>
2019-02-14 08:46:29 +0000 [MT] Skipping stripping extended attributes of item: <IDEDistributionItem: 0x7fcaff32ed70 'com.apple.dt.runtime.swiftFoundation' '<DVTFilePath:0x7fcaff084e70:'/Users/xingl/Desktop/Merchant_python/Code/MVVM/AutoBuild/Packge/Release/MVVM.xcarchive/Products/Applications/MVVM.app/Frameworks/libswiftFoundation.dylib'>'>
2019-02-14 08:46:29 +0000 [MT] Skipping stripping extended attributes of item: <IDEDistributionItem: 0x7fcaff327e90 'com.apple.dt.runtime.swiftMetal' '<DVTFilePath:0x7fcaff25b350:'/Users/xingl/Desktop/Merchant_python/Code/MVVM/AutoBuild/Packge/Release/MVVM.xcarchive/Products/Applications/MVVM.app/Frameworks/libswiftMetal.dylib'>'>
2019-02-14 08:46:29 +0000 [MT] Skipping stripping extended attributes of item: <IDEDistributionItem: 0x7fcaff12c8f0 'com.apple.dt.runtime.swiftObjectiveC' '<DVTFilePath:0x7fcaff257400:'/Users/xingl/Desktop/Merchant_python/Code/MVVM/AutoBuild/Packge/Release/MVVM.xcarchive/Products/Applications/MVVM.app/Frameworks/libswiftObjectiveC.dylib'>'>
2019-02-14 08:46:29 +0000 [MT] Skipping stripping extended attributes of item: <IDEDistributionItem: 0x7fcafefe1ed0 'com.apple.dt.runtime.swiftQuartzCore' '<DVTFilePath:0x7fcaff2695c0:'/Users/xingl/Desktop/Merchant_python/Code/MVVM/AutoBuild/Packge/Release/MVVM.xcarchive/Products/Applications/MVVM.app/Frameworks/libswiftQuartzCore.dylib'>'>
2019-02-14 08:46:29 +0000 [MT] Skipping stripping extended attributes of item: <IDEDistributionItem: 0x7fcaff128cd0 'com.apple.dt.runtime.swiftUIKit' '<DVTFilePath:0x7fcaff25ab80:'/Users/xingl/Desktop/Merchant_python/Code/MVVM/AutoBuild/Packge/Release/MVVM.xcarchive/Products/Applications/MVVM.app/Frameworks/libswiftUIKit.dylib'>'>
2019-02-14 08:46:29 +0000 [MT] Skipping stripping extended attributes of item: <IDEDistributionItem: 0x7fcaff053b70 'com.apple.dt.runtime.swiftos' '<DVTFilePath:0x7fcaff25f2a0:'/Users/xingl/Desktop/Merchant_python/Code/MVVM/AutoBuild/Packge/Release/MVVM.xcarchive/Products/Applications/MVVM.app/Frameworks/libswiftos.dylib'>'>
2019-02-14 08:46:29 +0000 [MT] Running /usr/bin/xattr '-crs' '/var/folders/fh/vrqs8wk55p9_4ywtvt771rdc0000gn/T/XcodeDistPipeline.kmO/Root/Payload/MVVM.app'
2019-02-14 08:46:30 +0000 [MT] /usr/bin/xattr exited with 0
2019-02-14 08:46:30 +0000 [MT] Processing step: IDEDistributionCodesignStep
2019-02-14 08:46:30 +0000 [MT] Entitlements for <IDEDistributionItem: 0x7fcaff122e80 'com.apple.dt.runtime.swiftCore' '<DVTFilePath:0x7fcaff258ec0:'/Users/xingl/Desktop/Merchant_python/Code/MVVM/AutoBuild/Packge/Release/MVVM.xcarchive/Products/Applications/MVVM.app/Frameworks/libswiftCore.dylib'>'>: {
}
2019-02-14 08:46:30 +0000 [MT] Writing entitlements for <IDEDistributionItem: 0x7fcaff122e80 'com.apple.dt.runtime.swiftCore' '<DVTFilePath:0x7fcaff258ec0:'/Users/xingl/Desktop/Merchant_python/Code/MVVM/AutoBuild/Packge/Release/MVVM.xcarchive/Products/Applications/MVVM.app/Frameworks/libswiftCore.dylib'>'> to: /var/folders/fh/vrqs8wk55p9_4ywtvt771rdc0000gn/T/XcodeDistPipeline.kmO/entitlements6Zys6n
2019-02-14 08:46:30 +0000 [MT] Running /usr/bin/codesign '-vvv' '--force' '--sign' '29FF050C25D160725D79E2E9E155B7EA73F5EB0B' '--entitlements' '/var/folders/fh/vrqs8wk55p9_4ywtvt771rdc0000gn/T/XcodeDistPipeline.kmO/entitlements6Zys6n' '--preserve-metadata=identifier,flags,runtime' '/var/folders/fh/vrqs8wk55p9_4ywtvt771rdc0000gn/T/XcodeDistPipeline.kmO/Root/Payload/MVVM.app/Frameworks/libswiftCore.dylib'
2019-02-14 08:46:30 +0000  /var/folders/fh/vrqs8wk55p9_4ywtvt771rdc0000gn/T/XcodeDistPipeline.kmO/Root/Payload/MVVM.app/Frameworks/libswiftCore.dylib: signed Mach-O universal (armv7 armv7s arm64) [com.apple.dt.runtime.swiftCore]
2019-02-14 08:46:30 +0000 [MT] /usr/bin/codesign exited with 0
2019-02-14 08:46:30 +0000 [MT] Entitlements for <IDEDistributionItem: 0x7fcaff1401a0 'com.apple.dt.runtime.swiftCoreData' '<DVTFilePath:0x7fcaff25c4a0:'/Users/xingl/Desktop/Merchant_python/Code/MVVM/AutoBuild/Packge/Release/MVVM.xcarchive/Products/Applications/MVVM.app/Frameworks/libswiftCoreData.dylib'>'>: {
}
2019-02-14 08:46:30 +0000 [MT] Writing entitlements for <IDEDistributionItem: 0x7fcaff1401a0 'com.apple.dt.runtime.swiftCoreData' '<DVTFilePath:0x7fcaff25c4a0:'/Users/xingl/Desktop/Merchant_python/Code/MVVM/AutoBuild/Packge/Release/MVVM.xcarchive/Products/Applications/MVVM.app/Frameworks/libswiftCoreData.dylib'>'> to: /var/folders/fh/vrqs8wk55p9_4ywtvt771rdc0000gn/T/XcodeDistPipeline.kmO/entitlementsQ4pb5P
2019-02-14 08:46:30 +0000 [MT] Running /usr/bin/codesign '-vvv' '--force' '--sign' '29FF050C25D160725D79E2E9E155B7EA73F5EB0B' '--entitlements' '/var/folders/fh/vrqs8wk55p9_4ywtvt771rdc0000gn/T/XcodeDistPipeline.kmO/entitlementsQ4pb5P' '--preserve-metadata=identifier,flags,runtime' '/var/folders/fh/vrqs8wk55p9_4ywtvt771rdc0000gn/T/XcodeDistPipeline.kmO/Root/Payload/MVVM.app/Frameworks/libswiftCoreData.dylib'
2019-02-14 08:46:30 +0000  /var/folders/fh/vrqs8wk55p9_4ywtvt771rdc0000gn/T/XcodeDistPipeline.kmO/Root/Payload/MVVM.app/Frameworks/libswiftCoreData.dylib: signed Mach-O universal (armv7 armv7s arm64) [com.apple.dt.runtime.swiftCoreData]
2019-02-14 08:46:30 +0000 [MT] /usr/bin/codesign exited with 0
2019-02-14 08:46:30 +0000 [MT] Entitlements for <IDEDistributionItem: 0x7fcaff269060 'com.apple.dt.runtime.swiftCoreFoundation' '<DVTFilePath:0x7fcaff081a90:'/Users/xingl/Desktop/Merchant_python/Code/MVVM/AutoBuild/Packge/Release/MVVM.xcarchive/Products/Applications/MVVM.app/Frameworks/libswiftCoreFoundation.dylib'>'>: {
}
2019-02-14 08:46:30 +0000 [MT] Writing entitlements for <IDEDistributionItem: 0x7fcaff269060 'com.apple.dt.runtime.swiftCoreFoundation' '<DVTFilePath:0x7fcaff081a90:'/Users/xingl/Desktop/Merchant_python/Code/MVVM/AutoBuild/Packge/Release/MVVM.xcarchive/Products/Applications/MVVM.app/Frameworks/libswiftCoreFoundation.dylib'>'> to: /var/folders/fh/vrqs8wk55p9_4ywtvt771rdc0000gn/T/XcodeDistPipeline.kmO/entitlementsB6OIqa
2019-02-14 08:46:30 +0000 [MT] Running /usr/bin/codesign '-vvv' '--force' '--sign' '29FF050C25D160725D79E2E9E155B7EA73F5EB0B' '--entitlements' '/var/folders/fh/vrqs8wk55p9_4ywtvt771rdc0000gn/T/XcodeDistPipeline.kmO/entitlementsB6OIqa' '--preserve-metadata=identifier,flags,runtime' '/var/folders/fh/vrqs8wk55p9_4ywtvt771rdc0000gn/T/XcodeDistPipeline.kmO/Root/Payload/MVVM.app/Frameworks/libswiftCoreFoundation.dylib'
2019-02-14 08:46:31 +0000  /var/folders/fh/vrqs8wk55p9_4ywtvt771rdc0000gn/T/XcodeDistPipeline.kmO/Root/Payload/MVVM.app/Frameworks/libswiftCoreFoundation.dylib: signed Mach-O universal (armv7 armv7s arm64) [com.apple.dt.runtime.swiftCoreFoundation]
2019-02-14 08:46:31 +0000 [MT] /usr/bin/codesign exited with 0
2019-02-14 08:46:31 +0000 [MT] Entitlements for <IDEDistributionItem: 0x7fcaff3442e0 'com.apple.dt.runtime.swiftCoreGraphics' '<DVTFilePath:0x7fcaff258b50:'/Users/xingl/Desktop/Merchant_python/Code/MVVM/AutoBuild/Packge/Release/MVVM.xcarchive/Products/Applications/MVVM.app/Frameworks/libswiftCoreGraphics.dylib'>'>: {
}
2019-02-14 08:46:31 +0000 [MT] Writing entitlements for <IDEDistributionItem: 0x7fcaff3442e0 'com.apple.dt.runtime.swiftCoreGraphics' '<DVTFilePath:0x7fcaff258b50:'/Users/xingl/Desktop/Merchant_python/Code/MVVM/AutoBuild/Packge/Release/MVVM.xcarchive/Products/Applications/MVVM.app/Frameworks/libswiftCoreGraphics.dylib'>'> to: /var/folders/fh/vrqs8wk55p9_4ywtvt771rdc0000gn/T/XcodeDistPipeline.kmO/entitlementsMgwLfT
2019-02-14 08:46:31 +0000 [MT] Running /usr/bin/codesign '-vvv' '--force' '--sign' '29FF050C25D160725D79E2E9E155B7EA73F5EB0B' '--entitlements' '/var/folders/fh/vrqs8wk55p9_4ywtvt771rdc0000gn/T/XcodeDistPipeline.kmO/entitlementsMgwLfT' '--preserve-metadata=identifier,flags,runtime' '/var/folders/fh/vrqs8wk55p9_4ywtvt771rdc0000gn/T/XcodeDistPipeline.kmO/Root/Payload/MVVM.app/Frameworks/libswiftCoreGraphics.dylib'
2019-02-14 08:46:31 +0000  /var/folders/fh/vrqs8wk55p9_4ywtvt771rdc0000gn/T/XcodeDistPipeline.kmO/Root/Payload/MVVM.app/Frameworks/libswiftCoreGraphics.dylib: signed Mach-O universal (armv7 armv7s arm64) [com.apple.dt.runtime.swiftCoreGraphics]
2019-02-14 08:46:31 +0000 [MT] /usr/bin/codesign exited with 0
2019-02-14 08:46:31 +0000 [MT] Entitlements for <IDEDistributionItem: 0x7fcaff32d8c0 'com.apple.dt.runtime.swiftCoreImage' '<DVTFilePath:0x7fcaff255cc0:'/Users/xingl/Desktop/Merchant_python/Code/MVVM/AutoBuild/Packge/Release/MVVM.xcarchive/Products/Applications/MVVM.app/Frameworks/libswiftCoreImage.dylib'>'>: {
}
2019-02-14 08:46:31 +0000 [MT] Writing entitlements for <IDEDistributionItem: 0x7fcaff32d8c0 'com.apple.dt.runtime.swiftCoreImage' '<DVTFilePath:0x7fcaff255cc0:'/Users/xingl/Desktop/Merchant_python/Code/MVVM/AutoBuild/Packge/Release/MVVM.xcarchive/Products/Applications/MVVM.app/Frameworks/libswiftCoreImage.dylib'>'> to: /var/folders/fh/vrqs8wk55p9_4ywtvt771rdc0000gn/T/XcodeDistPipeline.kmO/entitlements2EfgNj
2019-02-14 08:46:31 +0000 [MT] Running /usr/bin/codesign '-vvv' '--force' '--sign' '29FF050C25D160725D79E2E9E155B7EA73F5EB0B' '--entitlements' '/var/folders/fh/vrqs8wk55p9_4ywtvt771rdc0000gn/T/XcodeDistPipeline.kmO/entitlements2EfgNj' '--preserve-metadata=identifier,flags,runtime' '/var/folders/fh/vrqs8wk55p9_4ywtvt771rdc0000gn/T/XcodeDistPipeline.kmO/Root/Payload/MVVM.app/Frameworks/libswiftCoreImage.dylib'
2019-02-14 08:46:31 +0000  /var/folders/fh/vrqs8wk55p9_4ywtvt771rdc0000gn/T/XcodeDistPipeline.kmO/Root/Payload/MVVM.app/Frameworks/libswiftCoreImage.dylib: signed Mach-O universal (armv7 armv7s arm64) [com.apple.dt.runtime.swiftCoreImage]
2019-02-14 08:46:31 +0000 [MT] /usr/bin/codesign exited with 0
2019-02-14 08:46:31 +0000 [MT] Entitlements for <IDEDistributionItem: 0x7fcaff11c5d0 'com.apple.dt.runtime.swiftDarwin' '<DVTFilePath:0x7fcaff268cf0:'/Users/xingl/Desktop/Merchant_python/Code/MVVM/AutoBuild/Packge/Release/MVVM.xcarchive/Products/Applications/MVVM.app/Frameworks/libswiftDarwin.dylib'>'>: {
}
2019-02-14 08:46:31 +0000 [MT] Writing entitlements for <IDEDistributionItem: 0x7fcaff11c5d0 'com.apple.dt.runtime.swiftDarwin' '<DVTFilePath:0x7fcaff268cf0:'/Users/xingl/Desktop/Merchant_python/Code/MVVM/AutoBuild/Packge/Release/MVVM.xcarchive/Products/Applications/MVVM.app/Frameworks/libswiftDarwin.dylib'>'> to: /var/folders/fh/vrqs8wk55p9_4ywtvt771rdc0000gn/T/XcodeDistPipeline.kmO/entitlementsHqE3N7
2019-02-14 08:46:31 +0000 [MT] Running /usr/bin/codesign '-vvv' '--force' '--sign' '29FF050C25D160725D79E2E9E155B7EA73F5EB0B' '--entitlements' '/var/folders/fh/vrqs8wk55p9_4ywtvt771rdc0000gn/T/XcodeDistPipeline.kmO/entitlementsHqE3N7' '--preserve-metadata=identifier,flags,runtime' '/var/folders/fh/vrqs8wk55p9_4ywtvt771rdc0000gn/T/XcodeDistPipeline.kmO/Root/Payload/MVVM.app/Frameworks/libswiftDarwin.dylib'
2019-02-14 08:46:31 +0000  /var/folders/fh/vrqs8wk55p9_4ywtvt771rdc0000gn/T/XcodeDistPipeline.kmO/Root/Payload/MVVM.app/Frameworks/libswiftDarwin.dylib: signed Mach-O universal (armv7 armv7s arm64) [com.apple.dt.runtime.swiftDarwin]
2019-02-14 08:46:31 +0000 [MT] /usr/bin/codesign exited with 0
2019-02-14 08:46:31 +0000 [MT] Entitlements for <IDEDistributionItem: 0x7fcaff332490 'com.apple.dt.runtime.swiftDispatch' '<DVTFilePath:0x7fcaff25d220:'/Users/xingl/Desktop/Merchant_python/Code/MVVM/AutoBuild/Packge/Release/MVVM.xcarchive/Products/Applications/MVVM.app/Frameworks/libswiftDispatch.dylib'>'>: {
}
2019-02-14 08:46:31 +0000 [MT] Writing entitlements for <IDEDistributionItem: 0x7fcaff332490 'com.apple.dt.runtime.swiftDispatch' '<DVTFilePath:0x7fcaff25d220:'/Users/xingl/Desktop/Merchant_python/Code/MVVM/AutoBuild/Packge/Release/MVVM.xcarchive/Products/Applications/MVVM.app/Frameworks/libswiftDispatch.dylib'>'> to: /var/folders/fh/vrqs8wk55p9_4ywtvt771rdc0000gn/T/XcodeDistPipeline.kmO/entitlementskrjguP
2019-02-14 08:46:31 +0000 [MT] Running /usr/bin/codesign '-vvv' '--force' '--sign' '29FF050C25D160725D79E2E9E155B7EA73F5EB0B' '--entitlements' '/var/folders/fh/vrqs8wk55p9_4ywtvt771rdc0000gn/T/XcodeDistPipeline.kmO/entitlementskrjguP' '--preserve-metadata=identifier,flags,runtime' '/var/folders/fh/vrqs8wk55p9_4ywtvt771rdc0000gn/T/XcodeDistPipeline.kmO/Root/Payload/MVVM.app/Frameworks/libswiftDispatch.dylib'
2019-02-14 08:46:32 +0000  /var/folders/fh/vrqs8wk55p9_4ywtvt771rdc0000gn/T/XcodeDistPipeline.kmO/Root/Payload/MVVM.app/Frameworks/libswiftDispatch.dylib: signed Mach-O universal (armv7 armv7s arm64) [com.apple.dt.runtime.swiftDispatch]
2019-02-14 08:46:32 +0000 [MT] /usr/bin/codesign exited with 0
2019-02-14 08:46:32 +0000 [MT] Entitlements for <IDEDistributionItem: 0x7fcaff32ed70 'com.apple.dt.runtime.swiftFoundation' '<DVTFilePath:0x7fcaff084e70:'/Users/xingl/Desktop/Merchant_python/Code/MVVM/AutoBuild/Packge/Release/MVVM.xcarchive/Products/Applications/MVVM.app/Frameworks/libswiftFoundation.dylib'>'>: {
}
2019-02-14 08:46:32 +0000 [MT] Writing entitlements for <IDEDistributionItem: 0x7fcaff32ed70 'com.apple.dt.runtime.swiftFoundation' '<DVTFilePath:0x7fcaff084e70:'/Users/xingl/Desktop/Merchant_python/Code/MVVM/AutoBuild/Packge/Release/MVVM.xcarchive/Products/Applications/MVVM.app/Frameworks/libswiftFoundation.dylib'>'> to: /var/folders/fh/vrqs8wk55p9_4ywtvt771rdc0000gn/T/XcodeDistPipeline.kmO/entitlementsiNrfk4
2019-02-14 08:46:32 +0000 [MT] Running /usr/bin/codesign '-vvv' '--force' '--sign' '29FF050C25D160725D79E2E9E155B7EA73F5EB0B' '--entitlements' '/var/folders/fh/vrqs8wk55p9_4ywtvt771rdc0000gn/T/XcodeDistPipeline.kmO/entitlementsiNrfk4' '--preserve-metadata=identifier,flags,runtime' '/var/folders/fh/vrqs8wk55p9_4ywtvt771rdc0000gn/T/XcodeDistPipeline.kmO/Root/Payload/MVVM.app/Frameworks/libswiftFoundation.dylib'
2019-02-14 08:46:32 +0000  /var/folders/fh/vrqs8wk55p9_4ywtvt771rdc0000gn/T/XcodeDistPipeline.kmO/Root/Payload/MVVM.app/Frameworks/libswiftFoundation.dylib: signed Mach-O universal (armv7 armv7s arm64) [com.apple.dt.runtime.swiftFoundation]
2019-02-14 08:46:32 +0000 [MT] /usr/bin/codesign exited with 0
2019-02-14 08:46:32 +0000 [MT] Entitlements for <IDEDistributionItem: 0x7fcaff327e90 'com.apple.dt.runtime.swiftMetal' '<DVTFilePath:0x7fcaff25b350:'/Users/xingl/Desktop/Merchant_python/Code/MVVM/AutoBuild/Packge/Release/MVVM.xcarchive/Products/Applications/MVVM.app/Frameworks/libswiftMetal.dylib'>'>: {
}
2019-02-14 08:46:32 +0000 [MT] Writing entitlements for <IDEDistributionItem: 0x7fcaff327e90 'com.apple.dt.runtime.swiftMetal' '<DVTFilePath:0x7fcaff25b350:'/Users/xingl/Desktop/Merchant_python/Code/MVVM/AutoBuild/Packge/Release/MVVM.xcarchive/Products/Applications/MVVM.app/Frameworks/libswiftMetal.dylib'>'> to: /var/folders/fh/vrqs8wk55p9_4ywtvt771rdc0000gn/T/XcodeDistPipeline.kmO/entitlementsCZfEiA
2019-02-14 08:46:32 +0000 [MT] Running /usr/bin/codesign '-vvv' '--force' '--sign' '29FF050C25D160725D79E2E9E155B7EA73F5EB0B' '--entitlements' '/var/folders/fh/vrqs8wk55p9_4ywtvt771rdc0000gn/T/XcodeDistPipeline.kmO/entitlementsCZfEiA' '--preserve-metadata=identifier,flags,runtime' '/var/folders/fh/vrqs8wk55p9_4ywtvt771rdc0000gn/T/XcodeDistPipeline.kmO/Root/Payload/MVVM.app/Frameworks/libswiftMetal.dylib'
2019-02-14 08:46:32 +0000  /var/folders/fh/vrqs8wk55p9_4ywtvt771rdc0000gn/T/XcodeDistPipeline.kmO/Root/Payload/MVVM.app/Frameworks/libswiftMetal.dylib: signed Mach-O universal (armv7 armv7s arm64) [com.apple.dt.runtime.swiftMetal]
2019-02-14 08:46:32 +0000 [MT] /usr/bin/codesign exited with 0
2019-02-14 08:46:32 +0000 [MT] Entitlements for <IDEDistributionItem: 0x7fcaff12c8f0 'com.apple.dt.runtime.swiftObjectiveC' '<DVTFilePath:0x7fcaff257400:'/Users/xingl/Desktop/Merchant_python/Code/MVVM/AutoBuild/Packge/Release/MVVM.xcarchive/Products/Applications/MVVM.app/Frameworks/libswiftObjectiveC.dylib'>'>: {
}
2019-02-14 08:46:32 +0000 [MT] Writing entitlements for <IDEDistributionItem: 0x7fcaff12c8f0 'com.apple.dt.runtime.swiftObjectiveC' '<DVTFilePath:0x7fcaff257400:'/Users/xingl/Desktop/Merchant_python/Code/MVVM/AutoBuild/Packge/Release/MVVM.xcarchive/Products/Applications/MVVM.app/Frameworks/libswiftObjectiveC.dylib'>'> to: /var/folders/fh/vrqs8wk55p9_4ywtvt771rdc0000gn/T/XcodeDistPipeline.kmO/entitlementsLn7gXI
2019-02-14 08:46:32 +0000 [MT] Running /usr/bin/codesign '-vvv' '--force' '--sign' '29FF050C25D160725D79E2E9E155B7EA73F5EB0B' '--entitlements' '/var/folders/fh/vrqs8wk55p9_4ywtvt771rdc0000gn/T/XcodeDistPipeline.kmO/entitlementsLn7gXI' '--preserve-metadata=identifier,flags,runtime' '/var/folders/fh/vrqs8wk55p9_4ywtvt771rdc0000gn/T/XcodeDistPipeline.kmO/Root/Payload/MVVM.app/Frameworks/libswiftObjectiveC.dylib'
2019-02-14 08:46:32 +0000  /var/folders/fh/vrqs8wk55p9_4ywtvt771rdc0000gn/T/XcodeDistPipeline.kmO/Root/Payload/MVVM.app/Frameworks/libswiftObjectiveC.dylib: signed Mach-O universal (armv7 armv7s arm64) [com.apple.dt.runtime.swiftObjectiveC]
2019-02-14 08:46:32 +0000 [MT] /usr/bin/codesign exited with 0
2019-02-14 08:46:32 +0000 [MT] Entitlements for <IDEDistributionItem: 0x7fcafefe1ed0 'com.apple.dt.runtime.swiftQuartzCore' '<DVTFilePath:0x7fcaff2695c0:'/Users/xingl/Desktop/Merchant_python/Code/MVVM/AutoBuild/Packge/Release/MVVM.xcarchive/Products/Applications/MVVM.app/Frameworks/libswiftQuartzCore.dylib'>'>: {
}
2019-02-14 08:46:32 +0000 [MT] Writing entitlements for <IDEDistributionItem: 0x7fcafefe1ed0 'com.apple.dt.runtime.swiftQuartzCore' '<DVTFilePath:0x7fcaff2695c0:'/Users/xingl/Desktop/Merchant_python/Code/MVVM/AutoBuild/Packge/Release/MVVM.xcarchive/Products/Applications/MVVM.app/Frameworks/libswiftQuartzCore.dylib'>'> to: /var/folders/fh/vrqs8wk55p9_4ywtvt771rdc0000gn/T/XcodeDistPipeline.kmO/entitlements9gXojy
2019-02-14 08:46:32 +0000 [MT] Running /usr/bin/codesign '-vvv' '--force' '--sign' '29FF050C25D160725D79E2E9E155B7EA73F5EB0B' '--entitlements' '/var/folders/fh/vrqs8wk55p9_4ywtvt771rdc0000gn/T/XcodeDistPipeline.kmO/entitlements9gXojy' '--preserve-metadata=identifier,flags,runtime' '/var/folders/fh/vrqs8wk55p9_4ywtvt771rdc0000gn/T/XcodeDistPipeline.kmO/Root/Payload/MVVM.app/Frameworks/libswiftQuartzCore.dylib'
2019-02-14 08:46:33 +0000  /var/folders/fh/vrqs8wk55p9_4ywtvt771rdc0000gn/T/XcodeDistPipeline.kmO/Root/Payload/MVVM.app/Frameworks/libswiftQuartzCore.dylib: signed Mach-O universal (armv7 armv7s arm64) [com.apple.dt.runtime.swiftQuartzCore]
2019-02-14 08:46:33 +0000 [MT] /usr/bin/codesign exited with 0
2019-02-14 08:46:33 +0000 [MT] Entitlements for <IDEDistributionItem: 0x7fcaff128cd0 'com.apple.dt.runtime.swiftUIKit' '<DVTFilePath:0x7fcaff25ab80:'/Users/xingl/Desktop/Merchant_python/Code/MVVM/AutoBuild/Packge/Release/MVVM.xcarchive/Products/Applications/MVVM.app/Frameworks/libswiftUIKit.dylib'>'>: {
}
2019-02-14 08:46:33 +0000 [MT] Writing entitlements for <IDEDistributionItem: 0x7fcaff128cd0 'com.apple.dt.runtime.swiftUIKit' '<DVTFilePath:0x7fcaff25ab80:'/Users/xingl/Desktop/Merchant_python/Code/MVVM/AutoBuild/Packge/Release/MVVM.xcarchive/Products/Applications/MVVM.app/Frameworks/libswiftUIKit.dylib'>'> to: /var/folders/fh/vrqs8wk55p9_4ywtvt771rdc0000gn/T/XcodeDistPipeline.kmO/entitlementsfn8M74
2019-02-14 08:46:33 +0000 [MT] Running /usr/bin/codesign '-vvv' '--force' '--sign' '29FF050C25D160725D79E2E9E155B7EA73F5EB0B' '--entitlements' '/var/folders/fh/vrqs8wk55p9_4ywtvt771rdc0000gn/T/XcodeDistPipeline.kmO/entitlementsfn8M74' '--preserve-metadata=identifier,flags,runtime' '/var/folders/fh/vrqs8wk55p9_4ywtvt771rdc0000gn/T/XcodeDistPipeline.kmO/Root/Payload/MVVM.app/Frameworks/libswiftUIKit.dylib'
2019-02-14 08:46:33 +0000  /var/folders/fh/vrqs8wk55p9_4ywtvt771rdc0000gn/T/XcodeDistPipeline.kmO/Root/Payload/MVVM.app/Frameworks/libswiftUIKit.dylib: signed Mach-O universal (armv7 armv7s arm64) [com.apple.dt.runtime.swiftUIKit]
2019-02-14 08:46:33 +0000 [MT] /usr/bin/codesign exited with 0
2019-02-14 08:46:33 +0000 [MT] Entitlements for <IDEDistributionItem: 0x7fcaff053b70 'com.apple.dt.runtime.swiftos' '<DVTFilePath:0x7fcaff25f2a0:'/Users/xingl/Desktop/Merchant_python/Code/MVVM/AutoBuild/Packge/Release/MVVM.xcarchive/Products/Applications/MVVM.app/Frameworks/libswiftos.dylib'>'>: {
}
2019-02-14 08:46:33 +0000 [MT] Writing entitlements for <IDEDistributionItem: 0x7fcaff053b70 'com.apple.dt.runtime.swiftos' '<DVTFilePath:0x7fcaff25f2a0:'/Users/xingl/Desktop/Merchant_python/Code/MVVM/AutoBuild/Packge/Release/MVVM.xcarchive/Products/Applications/MVVM.app/Frameworks/libswiftos.dylib'>'> to: /var/folders/fh/vrqs8wk55p9_4ywtvt771rdc0000gn/T/XcodeDistPipeline.kmO/entitlementssDDj6E
2019-02-14 08:46:33 +0000 [MT] Running /usr/bin/codesign '-vvv' '--force' '--sign' '29FF050C25D160725D79E2E9E155B7EA73F5EB0B' '--entitlements' '/var/folders/fh/vrqs8wk55p9_4ywtvt771rdc0000gn/T/XcodeDistPipeline.kmO/entitlementssDDj6E' '--preserve-metadata=identifier,flags,runtime' '/var/folders/fh/vrqs8wk55p9_4ywtvt771rdc0000gn/T/XcodeDistPipeline.kmO/Root/Payload/MVVM.app/Frameworks/libswiftos.dylib'
2019-02-14 08:46:33 +0000  /var/folders/fh/vrqs8wk55p9_4ywtvt771rdc0000gn/T/XcodeDistPipeline.kmO/Root/Payload/MVVM.app/Frameworks/libswiftos.dylib: signed Mach-O universal (armv7 armv7s arm64) [com.apple.dt.runtime.swiftos]
2019-02-14 08:46:33 +0000 [MT] /usr/bin/codesign exited with 0
2019-02-14 08:46:33 +0000 [MT] Entitlements for <IDEDistributionItem: 0x7fcaff0645f0 'com.xingl.xlt' '<DVTFilePath:0x7fcafeea83d0:'/Users/xingl/Desktop/Merchant_python/Code/MVVM/AutoBuild/Packge/Release/MVVM.xcarchive/Products/Applications/MVVM.app'>'>: {
    "application-identifier" = "SEX9UQR699.com.xingl.xlt";
    "com.apple.developer.team-identifier" = SEX9UQR699;
    "get-task-allow" = 1;
    "keychain-access-groups" =     (
        "SEX9UQR699.com.xingl.xlt"
    );
}
2019-02-14 08:46:33 +0000 [MT] Writing entitlements for <IDEDistributionItem: 0x7fcaff0645f0 'com.xingl.xlt' '<DVTFilePath:0x7fcafeea83d0:'/Users/xingl/Desktop/Merchant_python/Code/MVVM/AutoBuild/Packge/Release/MVVM.xcarchive/Products/Applications/MVVM.app'>'> to: /var/folders/fh/vrqs8wk55p9_4ywtvt771rdc0000gn/T/XcodeDistPipeline.kmO/entitlementsHTGRVe
2019-02-14 08:46:33 +0000 [MT] Running /usr/bin/codesign '-vvv' '--force' '--sign' '29FF050C25D160725D79E2E9E155B7EA73F5EB0B' '--entitlements' '/var/folders/fh/vrqs8wk55p9_4ywtvt771rdc0000gn/T/XcodeDistPipeline.kmO/entitlementsHTGRVe' '--preserve-metadata=identifier,flags,runtime' '/var/folders/fh/vrqs8wk55p9_4ywtvt771rdc0000gn/T/XcodeDistPipeline.kmO/Root/Payload/MVVM.app'
2019-02-14 08:46:33 +0000  /var/folders/fh/vrqs8wk55p9_4ywtvt771rdc0000gn/T/XcodeDistPipeline.kmO/Root/Payload/MVVM.app: signed app bundle with Mach-O universal (armv7 arm64) [com.xingl.xlt]
2019-02-14 08:46:33 +0000 [MT] /usr/bin/codesign exited with 0
2019-02-14 08:46:33 +0000 [MT] Processing step: IDEDistributionZipODRItemStep
2019-02-14 08:46:33 +0000 [MT] Skipping step: IDEDistributionZipODRItemStep because it said so
2019-02-14 08:46:33 +0000 [MT] Skipping step: IDEDistributionZipODRItemStep because it said so
2019-02-14 08:46:33 +0000 [MT] Skipping step: IDEDistributionZipODRItemStep because it said so
2019-02-14 08:46:33 +0000 [MT] Skipping step: IDEDistributionZipODRItemStep because it said so
2019-02-14 08:46:33 +0000 [MT] Skipping step: IDEDistributionZipODRItemStep because it said so
2019-02-14 08:46:33 +0000 [MT] Skipping step: IDEDistributionZipODRItemStep because it said so
2019-02-14 08:46:33 +0000 [MT] Skipping step: IDEDistributionZipODRItemStep because it said so
2019-02-14 08:46:33 +0000 [MT] Skipping step: IDEDistributionZipODRItemStep because it said so
2019-02-14 08:46:33 +0000 [MT] Skipping step: IDEDistributionZipODRItemStep because it said so
2019-02-14 08:46:33 +0000 [MT] Skipping step: IDEDistributionZipODRItemStep because it said so
2019-02-14 08:46:33 +0000 [MT] Skipping step: IDEDistributionZipODRItemStep because it said so
2019-02-14 08:46:33 +0000 [MT] Skipping step: IDEDistributionZipODRItemStep because it said so
2019-02-14 08:46:33 +0000 [MT] Skipping step: IDEDistributionZipODRItemStep because it said so
2019-02-14 08:46:33 +0000 [MT] Skipping step: IDEDistributionZipODRItemStep because it said so
2019-02-14 08:46:33 +0000 [MT] Processing step: IDEDistributionCreateIPAStep
2019-02-14 08:46:33 +0000 [MT] Running /usr/bin/ditto '-V' '-c' '-k' '--norsrc' '/var/folders/fh/vrqs8wk55p9_4ywtvt771rdc0000gn/T/XcodeDistPipeline.kmO/Root' '/var/folders/fh/vrqs8wk55p9_4ywtvt771rdc0000gn/T/XcodeDistPipeline.kmO/Packages/MVVM.ipa'
2019-02-14 08:46:33 +0000  >>> Copying /var/folders/fh/vrqs8wk55p9_4ywtvt771rdc0000gn/T/XcodeDistPipeline.kmO/Root 
2019-02-14 08:46:33 +0000  copying file ./Payload/MVVM.app/_CodeSignature/CodeResources ... 
2019-02-14 08:46:33 +0000  9251 bytes for ./Payload/MVVM.app/_CodeSignature/CodeResources
2019-02-14 08:46:33 +0000  copying file ./Payload/MVVM.app/Base.lproj/Main.storyboardc/BYZ-38-t0r-view-8bC-Xf-vdC.nib ... 
2019-02-14 08:46:33 +0000  1987 bytes for ./Payload/MVVM.app/Base.lproj/Main.storyboardc/BYZ-38-t0r-view-8bC-Xf-vdC.nib
copying file ./Payload/MVVM.app/Base.lproj/Main.storyboardc/Info.plist ... 
2019-02-14 08:46:33 +0000  276 bytes for ./Payload/MVVM.app/Base.lproj/Main.storyboardc/Info.plist
2019-02-14 08:46:33 +0000  copying file ./Payload/MVVM.app/Base.lproj/Main.storyboardc/UINavigationController-HyD-sf-O6n.nib ... 
2019-02-14 08:46:33 +0000  1650 bytes for ./Payload/MVVM.app/Base.lproj/Main.storyboardc/UINavigationController-HyD-sf-O6n.nib
2019-02-14 08:46:33 +0000  copying file ./Payload/MVVM.app/Base.lproj/LaunchScreen.storyboardc/01J-lp-oVM-view-Ze5-6b-2t3.nib ... 
2019-02-14 08:46:33 +0000  1985 bytes for ./Payload/MVVM.app/Base.lproj/LaunchScreen.storyboardc/01J-lp-oVM-view-Ze5-6b-2t3.nib
copying file ./Payload/MVVM.app/Base.lproj/LaunchScreen.storyboardc/UIViewController-01J-lp-oVM.nib ... 
2019-02-14 08:46:33 +0000  832 bytes for ./Payload/MVVM.app/Base.lproj/LaunchScreen.storyboardc/UIViewController-01J-lp-oVM.nib
2019-02-14 08:46:33 +0000  copying file ./Payload/MVVM.app/Base.lproj/LaunchScreen.storyboardc/Info.plist ... 
2019-02-14 08:46:33 +0000  258 bytes for ./Payload/MVVM.app/Base.lproj/LaunchScreen.storyboardc/Info.plist
2019-02-14 08:46:33 +0000  copying file ./Payload/MVVM.app/CoreData.momd/VersionInfo.plist ... 
2019-02-14 08:46:33 +0000  144 bytes for ./Payload/MVVM.app/CoreData.momd/VersionInfo.plist
2019-02-14 08:46:33 +0000  copying file ./Payload/MVVM.app/CoreData.momd/CoreData.mom ... 
2019-02-14 08:46:33 +0000  1383 bytes for ./Payload/MVVM.app/CoreData.momd/CoreData.mom
2019-02-14 08:46:33 +0000  copying file ./Payload/MVVM.app/Frameworks/libswiftCoreImage.dylib ... 
2019-02-14 08:46:33 +0000  251056 bytes for ./Payload/MVVM.app/Frameworks/libswiftCoreImage.dylib
copying file ./Payload/MVVM.app/Frameworks/libswiftObjectiveC.dylib ... 
2019-02-14 08:46:33 +0000  299600 bytes for ./Payload/MVVM.app/Frameworks/libswiftObjectiveC.dylib
copying file ./Payload/MVVM.app/Frameworks/libswiftCore.dylib ... 
2019-02-14 08:46:34 +0000  16705920 bytes for ./Payload/MVVM.app/Frameworks/libswiftCore.dylib
copying file ./Payload/MVVM.app/Frameworks/libswiftCoreGraphics.dylib ... 
2019-02-14 08:46:34 +0000  651792 bytes for ./Payload/MVVM.app/Frameworks/libswiftCoreGraphics.dylib
copying file ./Payload/MVVM.app/Frameworks/libswiftUIKit.dylib ... 
2019-02-14 08:46:34 +0000  527088 bytes for ./Payload/MVVM.app/Frameworks/libswiftUIKit.dylib
copying file ./Payload/MVVM.app/Frameworks/libswiftMetal.dylib ... 
2019-02-14 08:46:34 +0000  295696 bytes for ./Payload/MVVM.app/Frameworks/libswiftMetal.dylib
copying file ./Payload/MVVM.app/Frameworks/libswiftCoreData.dylib ... 
2019-02-14 08:46:34 +0000  352656 bytes for ./Payload/MVVM.app/Frameworks/libswiftCoreData.dylib
copying file ./Payload/MVVM.app/Frameworks/libswiftDispatch.dylib ... 
2019-02-14 08:46:34 +0000  1059200 bytes for ./Payload/MVVM.app/Frameworks/libswiftDispatch.dylib
copying file ./Payload/MVVM.app/Frameworks/libswiftos.dylib ... 
2019-02-14 08:46:34 +0000  299936 bytes for ./Payload/MVVM.app/Frameworks/libswiftos.dylib
copying file ./Payload/MVVM.app/Frameworks/libswiftCoreFoundation.dylib ... 
2019-02-14 08:46:34 +0000  250752 bytes for ./Payload/MVVM.app/Frameworks/libswiftCoreFoundation.dylib
copying file ./Payload/MVVM.app/Frameworks/libswiftDarwin.dylib ... 
2019-02-14 08:46:34 +0000  402976 bytes for ./Payload/MVVM.app/Frameworks/libswiftDarwin.dylib
copying file ./Payload/MVVM.app/Frameworks/libswiftQuartzCore.dylib ... 
2019-02-14 08:46:34 +0000  255088 bytes for ./Payload/MVVM.app/Frameworks/libswiftQuartzCore.dylib
copying file ./Payload/MVVM.app/Frameworks/libswiftFoundation.dylib ... 
2019-02-14 08:46:35 +0000  8352688 bytes for ./Payload/MVVM.app/Frameworks/libswiftFoundation.dylib
2019-02-14 08:46:35 +0000  copying file ./Payload/MVVM.app/embedded.mobileprovision ... 
2019-02-14 08:46:35 +0000  19107 bytes for ./Payload/MVVM.app/embedded.mobileprovision
copying file ./Payload/MVVM.app/Info.plist ... 
2019-02-14 08:46:35 +0000  1098 bytes for ./Payload/MVVM.app/Info.plist
2019-02-14 08:46:35 +0000  copying file ./Payload/MVVM.app/MVVM ... 
2019-02-14 08:46:35 +0000  286208 bytes for ./Payload/MVVM.app/MVVM
copying file ./Payload/MVVM.app/PkgInfo ... 
2019-02-14 08:46:35 +0000  8 bytes for ./Payload/MVVM.app/PkgInfo
2019-02-14 08:46:35 +0000 [MT] /usr/bin/ditto exited with 0
2019-02-14 08:46:35 +0000 [MT] Processing step: IDEDistributionAppStoreInformationStep
2019-02-14 08:46:35 +0000 [MT] Skipping step: IDEDistributionAppStoreInformationStep because it said so
2019-02-14 08:46:35 +0000 [MT] Processing step: IDEDistributionCreateManifestStep
