2018-04-10 04:28:41 +0000 [MT] Initial pipeline context: <IDEDistributionProcessingPipelineContext: 0x7fea247b55a0; archive(resolved)='<IDEArchive: 0x7fea2464e6e0>', distributionTask(resolved)='2', distributionMethod(resolved)='<IDEDistributionMethodDevelopmentSigned: 0x7fea21fd8f40>', team(resolved)='<IDEProvisioningBasicTeam: 0x7fea2479e1a0; teamID='9AQVJTZ5M6', teamName='Yiwu Goingtone Technology Service Co., Ltd.'>'>
	Chain (11, self inclusive):
	<IDEDistributionProcessingPipelineContext: 0x7fea247b55a0; archive = '<IDEArchive: 0x7fea2464e6e0>', distributionMethod='<IDEDistributionMethodDevelopmentSigned: 0x7fea21fd8f40>', team='<IDEProvisioningBasicTeam: 0x7fea2479e1a0; teamID='9AQVJTZ5M6', teamName='Yiwu Goingtone Technology Service Co., Ltd.'>'>
	<IDEDistributionProcessingPipelineContext: 0x7fea2492b500; archive = '<IDEArchive: 0x7fea2464e6e0>', distributionMethod='<IDEDistributionMethodDevelopmentSigned: 0x7fea21fd8f40>', team='<IDEProvisioningBasicTeam: 0x7fea2479e1a0; teamID='9AQVJTZ5M6', teamName='Yiwu Goingtone Technology Service Co., Ltd.'>'>
	<IDEDistributionContext: 0x7fea2497af10; archive = '<IDEArchive: 0x7fea2464e6e0>', distributionMethod='<IDEDistributionMethodDevelopmentSigned: 0x7fea21fd8f40>', team='<IDEProvisioningBasicTeam: 0x7fea2479e1a0; teamID='9AQVJTZ5M6', teamName='Yiwu Goingtone Technology Service Co., Ltd.'>'>
	<IDEDistributionContext: 0x7fea249c69a0; archive = '<IDEArchive: 0x7fea2464e6e0>', distributionMethod='<IDEDistributionMethodDevelopmentSigned: 0x7fea21fd8f40>', team='<IDEProvisioningBasicTeam: 0x7fea2479e1a0; teamID='9AQVJTZ5M6', teamName='Yiwu Goingtone Technology Service Co., Ltd.'>'>
	<IDEDistributionContext: 0x7fea249276a0; archive = '<IDEArchive: 0x7fea2464e6e0>', distributionMethod='<IDEDistributionMethodDevelopmentSigned: 0x7fea21fd8f40>', team='<IDEProvisioningBasicTeam: 0x7fea2479e1a0; teamID='9AQVJTZ5M6', teamName='Yiwu Goingtone Technology Service Co., Ltd.'>'>
	<IDEDistributionContext: 0x7fea2480f130; archive = '<IDEArchive: 0x7fea2464e6e0>', distributionMethod='<IDEDistributionMethodDevelopmentSigned: 0x7fea21fd8f40>', team='<IDEProvisioningBasicTeam: 0x7fea2479e1a0; teamID='9AQVJTZ5M6', teamName='Yiwu Goingtone Technology Service Co., Ltd.'>'>
	<IDEDistributionContext: 0x7fea2496d0b0; archive = '<IDEArchive: 0x7fea2464e6e0>', distributionMethod='<IDEDistributionMethodDevelopmentSigned: 0x7fea21fd8f40>', team='<IDEProvisioningBasicTeam: 0x7fea2479e1a0; teamID='9AQVJTZ5M6', teamName='Yiwu Goingtone Technology Service Co., Ltd.'>'>
	<IDEDistributionContext: 0x7fea2498c450; archive = '<IDEArchive: 0x7fea2464e6e0>', distributionMethod='<IDEDistributionMethodDevelopmentSigned: 0x7fea21fd8f40>', team='<IDEProvisioningBasicTeam: 0x7fea2479e1a0; teamID='9AQVJTZ5M6', teamName='Yiwu Goingtone Technology Service Co., Ltd.'>'>
	<IDEDistributionContext: 0x7fea24722560; archive = '<IDEArchive: 0x7fea2464e6e0>', distributionMethod='<IDEDistributionMethodDevelopmentSigned: 0x7fea21fd8f40>', team='<IDEProvisioningBasicTeam: 0x7fea2479e1a0; teamID='9AQVJTZ5M6', teamName='Yiwu Goingtone Technology Service Co., Ltd.'>'>
	<IDEDistributionContext: 0x7fea2465e600; archive = '<IDEArchive: 0x7fea2464e6e0>', distributionMethod='<IDEDistributionMethodDevelopmentSigned: 0x7fea21fd8f40>', team='(null)'>
	<IDEDistributionContext: 0x7fea2464f300; archive = '<IDEArchive: 0x7fea2464e6e0>', distributionMethod='(null)', team='(null)'>
</IDEDistributionProcessingPipelineContext: 0x7fea247b55a0>
2018-04-10 04:28:41 +0000 [MT] Processing step: IDEDistributionCreateDestRootStep
2018-04-10 04:28:41 +0000 [MT] Processing step: IDEDistributionCopyItemStep
2018-04-10 04:28:41 +0000 [MT] Running /usr/bin/ditto '-V' '/Users/xingl/Desktop/XL_git/OC_APP/OC_APP/Packge/Release/OC_APP-1.1.1/OC_APP1.1.1.xcarchive/Products/Applications/OC_APP.app' '/var/folders/fh/vrqs8wk55p9_4ywtvt771rdc0000gn/T/XcodeDistPipeline.0oZ/Root/Payload/OC_APP.app'
2018-04-10 04:28:41 +0000  >>> Copying /Users/xingl/Desktop/XL_git/OC_APP/OC_APP/Packge/Release/OC_APP-1.1.1/OC_APP1.1.1.xcarchive/Products/Applications/OC_APP.app 
2018-04-10 04:28:41 +0000  copying file ./FFRing.png ... 
2018-04-10 04:28:41 +0000  1913 bytes for ./FFRing.png
2018-04-10 04:28:41 +0000  copying file ./_CodeSignature/CodeResources ... 
2018-04-10 04:28:41 +0000  60954 bytes for ./_CodeSignature/CodeResources
2018-04-10 04:28:41 +0000  copying file ./002.jpg ... 
2018-04-10 04:28:41 +0000  111726 bytes for ./002.jpg
copying file ./003.jpg ... 
2018-04-10 04:28:41 +0000  97798 bytes for ./003.jpg
copying file ./LaunchImage-1100-Portrait-2436h@3x.png ... 
2018-04-10 04:28:41 +0000  1803819 bytes for ./LaunchImage-1100-Portrait-2436h@3x.png
2018-04-10 04:28:41 +0000  copying file ./darong.png ... 
2018-04-10 04:28:41 +0000  451943 bytes for ./darong.png
2018-04-10 04:28:41 +0000  copying file ./sunny@2x.png ... 
2018-04-10 04:28:41 +0000  2694 bytes for ./sunny@2x.png
2018-04-10 04:28:41 +0000  copying file ./AppIcon20x20@2x.png ... 
2018-04-10 04:28:41 +0000  5479 bytes for ./AppIcon20x20@2x.png
copying file ./bank.plist ... 
2018-04-10 04:28:41 +0000  43877 bytes for ./bank.plist
copying file ./page_top_4@2x.png ... 
2018-04-10 04:28:41 +0000  10774 bytes for ./page_top_4@2x.png
2018-04-10 04:28:41 +0000  copying file ./001.jpg ... 
2018-04-10 04:28:41 +0000  144869 bytes for ./001.jpg
2018-04-10 04:28:41 +0000  copying file ./000.jpg ... 
2018-04-10 04:28:41 +0000  35057 bytes for ./000.jpg
copying file ./cloudy@2x.png ... 
2018-04-10 04:28:41 +0000  4026 bytes for ./cloudy@2x.png
copying file ./AppIcon57x57.png ... 
2018-04-10 04:28:41 +0000  10469 bytes for ./AppIcon57x57.png
2018-04-10 04:28:41 +0000  copying file ./trade.bundle/number_bg@3x.png ... 
2018-04-10 04:28:41 +0000  2730 bytes for ./trade.bundle/number_bg@3x.png
copying file ./trade.bundle/password_ok_up@3x.png ... 
2018-04-10 04:28:41 +0000  4196 bytes for ./trade.bundle/password_ok_up@3x.png
2018-04-10 04:28:41 +0000  copying file ./trade.bundle/password_ok_up@2x.png ... 
2018-04-10 04:28:41 +0000  2634 bytes for ./trade.bundle/password_ok_up@2x.png
2018-04-10 04:28:41 +0000  copying file ./trade.bundle/number_bg@2x.png ... 
2018-04-10 04:28:41 +0000  1737 bytes for ./trade.bundle/number_bg@2x.png
2018-04-10 04:28:41 +0000  copying file ./trade.bundle/yuan@3x.png ... 
2018-04-10 04:28:41 +0000  1575 bytes for ./trade.bundle/yuan@3x.png
2018-04-10 04:28:41 +0000  copying file ./trade.bundle/password_cancel_down@2x.png ... 
2018-04-10 04:28:41 +0000  3181 bytes for ./trade.bundle/password_cancel_down@2x.png
copying file ./trade.bundle/password_in@2x.png ... 
2018-04-10 04:28:41 +0000  1692 bytes for ./trade.bundle/password_in@2x.png
copying file ./trade.bundle/password_in@3x.png ... 
2018-04-10 04:28:41 +0000  2896 bytes for ./trade.bundle/password_in@3x.png
2018-04-10 04:28:41 +0000  copying file ./trade.bundle/password_cancel_down@3x.png ... 
2018-04-10 04:28:41 +0000  5548 bytes for ./trade.bundle/password_cancel_down@3x.png
copying file ./trade.bundle/yuan@2x.png ... 
2018-04-10 04:28:41 +0000  1216 bytes for ./trade.bundle/yuan@2x.png
copying file ./trade.bundle/password_cancel_up@2x.png ... 
2018-04-10 04:28:41 +0000  3154 bytes for ./trade.bundle/password_cancel_up@2x.png
2018-04-10 04:28:41 +0000  copying file ./trade.bundle/pssword_bg@2x.png ... 
2018-04-10 04:28:41 +0000  2542 bytes for ./trade.bundle/pssword_bg@2x.png
copying file ./trade.bundle/pssword_bg@3x.png ... 
2018-04-10 04:28:41 +0000  6537 bytes for ./trade.bundle/pssword_bg@3x.png
2018-04-10 04:28:41 +0000  copying file ./trade.bundle/password_cancel_up@3x.png ... 
2018-04-10 04:28:41 +0000  5345 bytes for ./trade.bundle/password_cancel_up@3x.png
2018-04-10 04:28:41 +0000  copying file ./trade.bundle/password_ok_down@3x.png ... 
2018-04-10 04:28:41 +0000  4651 bytes for ./trade.bundle/password_ok_down@3x.png
copying file ./trade.bundle/password_ok_down@2x.png ... 
2018-04-10 04:28:41 +0000  2695 bytes for ./trade.bundle/password_ok_down@2x.png
2018-04-10 04:28:41 +0000  copying file ./scan_frame@3x.png ... 
2018-04-10 04:28:41 +0000  3854 bytes for ./scan_frame@3x.png
2018-04-10 04:28:41 +0000  copying file ./scan_frame@2x.png ... 
2018-04-10 04:28:41 +0000  2523 bytes for ./scan_frame@2x.png
2018-04-10 04:28:41 +0000  copying file ./cloudy@3x.png ... 
2018-04-10 04:28:41 +0000  6228 bytes for ./cloudy@3x.png
2018-04-10 04:28:41 +0000  copying file ./popMenvTopView.nib ... 
2018-04-10 04:28:41 +0000  4503 bytes for ./popMenvTopView.nib
2018-04-10 04:28:41 +0000  copying file ./004.jpg ... 
2018-04-10 04:28:41 +0000  202629 bytes for ./004.jpg
2018-04-10 04:28:41 +0000  copying file ./imagex.jpg ... 
2018-04-10 04:28:41 +0000  1807553 bytes for ./imagex.jpg
2018-04-10 04:28:41 +0000  copying file ./AppIcon20x20@3x.png ... 
2018-04-10 04:28:41 +0000  11557 bytes for ./AppIcon20x20@3x.png
copying file ./addressData.plist ... 
2018-04-10 04:28:41 +0000  47519 bytes for ./addressData.plist
copying file ./reflesh3_60x55.png ... 
2018-04-10 04:28:41 +0000  5193 bytes for ./reflesh3_60x55.png
2018-04-10 04:28:41 +0000  copying file ./sunny@3x.png ... 
2018-04-10 04:28:41 +0000  4088 bytes for ./sunny@3x.png
2018-04-10 04:28:41 +0000  copying file ./error@2x.png ... 
2018-04-10 04:28:41 +0000  523 bytes for ./error@2x.png
2018-04-10 04:28:41 +0000  copying file ./AppIcon29x29.png ... 
2018-04-10 04:28:41 +0000  3076 bytes for ./AppIcon29x29.png
2018-04-10 04:28:41 +0000  copying file ./MJRefresh.bundle/zh-Hans.lproj/Localizable.strings ... 
2018-04-10 04:28:41 +0000  1194 bytes for ./MJRefresh.bundle/zh-Hans.lproj/Localizable.strings
2018-04-10 04:28:41 +0000  copying file ./MJRefresh.bundle/en.lproj/Localizable.strings ... 
2018-04-10 04:28:41 +0000  1372 bytes for ./MJRefresh.bundle/en.lproj/Localizable.strings
2018-04-10 04:28:41 +0000  copying file ./MJRefresh.bundle/arrow@2x.png ... 
2018-04-10 04:28:41 +0000  1033 bytes for ./MJRefresh.bundle/arrow@2x.png
2018-04-10 04:28:41 +0000  copying file ./MJRefresh.bundle/zh-Hant.lproj/Localizable.strings ... 
2018-04-10 04:28:41 +0000  773 bytes for ./MJRefresh.bundle/zh-Hant.lproj/Localizable.strings
2018-04-10 04:28:41 +0000  copying file ./page_bg_35@2x.png ... 
2018-04-10 04:28:41 +0000  17067 bytes for ./page_bg_35@2x.png
2018-04-10 04:28:41 +0000  copying file ./CusView.nib ... 
2018-04-10 04:28:41 +0000  2797 bytes for ./CusView.nib
2018-04-10 04:28:41 +0000  copying file ./2_0000_up.png ... 
2018-04-10 04:28:41 +0000  479439 bytes for ./2_0000_up.png
2018-04-10 04:28:41 +0000  copying file ./OC_APP ... 
2018-04-10 04:28:41 +0000  36548400 bytes for ./OC_APP
2018-04-10 04:28:41 +0000  copying file ./weixuanzhong_icon@3x.png ... 
861 bytes for ./weixuanzhong_icon@3x.png
copying file ./AppIcon60x60@2x.png ... 
44587 bytes for ./AppIcon60x60@2x.png
copying file ./reflesh3_60x55@3x.png ... 
9958 bytes for ./reflesh3_60x55@3x.png
copying file ./xuanzhong_icon@3x.png ... 
882 bytes for ./xuanzhong_icon@3x.png
copying file ./page_top_2@2x.png ... 
2018-04-10 04:28:41 +0000  8026 bytes for ./page_top_2@2x.png
copying file ./AppIcon72x72@2x~ipad.png ... 
2018-04-10 04:28:41 +0000  63385 bytes for ./AppIcon72x72@2x~ipad.png
copying file ./01.png ... 
2018-04-10 04:28:41 +0000  521347 bytes for ./01.png
copying file ./ScanQR3@2x.png ... 
2018-04-10 04:28:41 +0000  106 bytes for ./ScanQR3@2x.png
2018-04-10 04:28:41 +0000  copying file ./sparkle.png ... 
2018-04-10 04:28:41 +0000  10883 bytes for ./sparkle.png
2018-04-10 04:28:41 +0000  copying file ./AppIcon29x29@2x.png ... 
2018-04-10 04:28:41 +0000  10869 bytes for ./AppIcon29x29@2x.png
2018-04-10 04:28:41 +0000  copying file ./2000.png ... 
2018-04-10 04:28:41 +0000  36933 bytes for ./2000.png
2018-04-10 04:28:41 +0000  copying file ./qiandao_0004_02.png ... 
2018-04-10 04:28:41 +0000  45315 bytes for ./qiandao_0004_02.png
2018-04-10 04:28:41 +0000  copying file ./LaunchImage-800-667h@2x.png ... 
2018-04-10 04:28:41 +0000  53452 bytes for ./LaunchImage-800-667h@2x.png
2018-04-10 04:28:41 +0000  copying file ./success@2x.png ... 
2018-04-10 04:28:41 +0000  671 bytes for ./success@2x.png
copying file ./AppIcon40x40@3x.png ... 
2018-04-10 04:28:41 +0000  44587 bytes for ./AppIcon40x40@3x.png
copying file ./AppIcon57x57@2x.png ... 
2018-04-10 04:28:41 +0000  40292 bytes for ./AppIcon57x57@2x.png
2018-04-10 04:28:41 +0000  copying file ./reflesh2_60x55@2x.png ... 
2018-04-10 04:28:41 +0000  6478 bytes for ./reflesh2_60x55@2x.png
2018-04-10 04:28:41 +0000  copying file ./TZImagePickerController.bundle/takePicture@2x.png ... 
2018-04-10 04:28:41 +0000  5924 bytes for ./TZImagePickerController.bundle/takePicture@2x.png
2018-04-10 04:28:41 +0000  copying file ./TZImagePickerController.bundle/zh-Hans.lproj/Localizable.strings ... 
2018-04-10 04:28:41 +0000  1902 bytes for ./TZImagePickerController.bundle/zh-Hans.lproj/Localizable.strings
2018-04-10 04:28:41 +0000  copying file ./TZImagePickerController.bundle/photo_sel_photoPickerVc@2x.png ... 
2018-04-10 04:28:41 +0000  1006 bytes for ./TZImagePickerController.bundle/photo_sel_photoPickerVc@2x.png
2018-04-10 04:28:41 +0000  copying file ./TZImagePickerController.bundle/en.lproj/Localizable.strings ... 
2018-04-10 04:28:41 +0000  2594 bytes for ./TZImagePickerController.bundle/en.lproj/Localizable.strings
2018-04-10 04:28:41 +0000  copying file ./TZImagePickerController.bundle/MMVideoPreviewPlayHL@2x.png ... 
2018-04-10 04:28:41 +0000  3645 bytes for ./TZImagePickerController.bundle/MMVideoPreviewPlayHL@2x.png
copying file ./TZImagePickerController.bundle/photo_sel_previewVc@2x.png ... 
2018-04-10 04:28:41 +0000  1183 bytes for ./TZImagePickerController.bundle/photo_sel_previewVc@2x.png
2018-04-10 04:28:41 +0000  copying file ./TZImagePickerController.bundle/MMVideoPreviewPlay@2x.png ... 
2018-04-10 04:28:41 +0000  3645 bytes for ./TZImagePickerController.bundle/MMVideoPreviewPlay@2x.png
copying file ./TZImagePickerController.bundle/preview_original_def@2x.png ... 
2018-04-10 04:28:41 +0000  392 bytes for ./TZImagePickerController.bundle/preview_original_def@2x.png
copying file ./TZImagePickerController.bundle/photo_def_previewVc@2x.png ... 
2018-04-10 04:28:41 +0000  1155 bytes for ./TZImagePickerController.bundle/photo_def_previewVc@2x.png
copying file ./TZImagePickerController.bundle/photo_original_sel@2x.png ... 
2018-04-10 04:28:41 +0000  620 bytes for ./TZImagePickerController.bundle/photo_original_sel@2x.png
copying file ./TZImagePickerController.bundle/photo_def_photoPickerVc@2x.png ... 
2018-04-10 04:28:41 +0000  1155 bytes for ./TZImagePickerController.bundle/photo_def_photoPickerVc@2x.png
copying file ./TZImagePickerController.bundle/preview_number_icon@2x.png ... 
2018-04-10 04:28:41 +0000  501 bytes for ./TZImagePickerController.bundle/preview_number_icon@2x.png
2018-04-10 04:28:41 +0000  copying file ./TZImagePickerController.bundle/navi_back@2x.png ... 
2018-04-10 04:28:41 +0000  116 bytes for ./TZImagePickerController.bundle/navi_back@2x.png
copying file ./TZImagePickerController.bundle/photo_original_def@2x.png ... 
2018-04-10 04:28:41 +0000  1602 bytes for ./TZImagePickerController.bundle/photo_original_def@2x.png
copying file ./TZImagePickerController.bundle/Root.plist ... 
2018-04-10 04:28:41 +0000  1456 bytes for ./TZImagePickerController.bundle/Root.plist
copying file ./TZImagePickerController.bundle/photo_number_icon@2x.png ... 
2018-04-10 04:28:41 +0000  501 bytes for ./TZImagePickerController.bundle/photo_number_icon@2x.png
2018-04-10 04:28:41 +0000  copying file ./TZImagePickerController.bundle/VideoSendIcon@2x.png ... 
2018-04-10 04:28:41 +0000  223 bytes for ./TZImagePickerController.bundle/VideoSendIcon@2x.png
2018-04-10 04:28:41 +0000  copying file ./AppIcon29x29~ipad.png ... 
2018-04-10 04:28:41 +0000  3076 bytes for ./AppIcon29x29~ipad.png
2018-04-10 04:28:41 +0000  copying file ./reflesh2_60x55@3x.png ... 
2018-04-10 04:28:41 +0000  10156 bytes for ./reflesh2_60x55@3x.png
copying file ./AppIcon40x40@2x.png ... 
2018-04-10 04:28:41 +0000  20419 bytes for ./AppIcon40x40@2x.png
2018-04-10 04:28:41 +0000  copying file ./AlbumAddBtn@2x.png ... 
2018-04-10 04:28:41 +0000  136 bytes for ./AlbumAddBtn@2x.png
2018-04-10 04:28:41 +0000  copying file ./emotion.plist ... 
2018-04-10 04:28:41 +0000  580 bytes for ./emotion.plist
2018-04-10 04:28:41 +0000  copying file ./reflesh2_60x55.png ... 
2018-04-10 04:28:41 +0000  5189 bytes for ./reflesh2_60x55.png
2018-04-10 04:28:41 +0000  copying file ./Steve.pdf ... 
2018-04-10 04:28:41 +0000  7691064 bytes for ./Steve.pdf
copying file ./AppIcon29x29@3x.png ... 
24063 bytes for ./AppIcon29x29@3x.png
copying file ./Default_image.png ... 
2018-04-10 04:28:41 +0000  12184 bytes for ./Default_image.png
copying file ./FFTspark.png ... 
2018-04-10 04:28:41 +0000  3642 bytes for ./FFTspark.png
2018-04-10 04:28:41 +0000  copying file ./IDCard.nib ... 
2018-04-10 04:28:41 +0000  3935 bytes for ./IDCard.nib
copying file ./aa.wav ... 
2018-04-10 04:28:41 +0000  438272 bytes for ./aa.wav
copying file ./whiteBG@2x.png ... 
2018-04-10 04:28:41 +0000  3593 bytes for ./whiteBG@2x.png
copying file ./xuanzhong_icon@2x.png ... 
2018-04-10 04:28:41 +0000  747 bytes for ./xuanzhong_icon@2x.png
2018-04-10 04:28:41 +0000  copying file ./reflesh3_60x55@2x.png ... 
2018-04-10 04:28:41 +0000  6687 bytes for ./reflesh3_60x55@2x.png
copying file ./weixuanzhong_icon@2x.png ... 
2018-04-10 04:28:41 +0000  741 bytes for ./weixuanzhong_icon@2x.png
2018-04-10 04:28:41 +0000  copying file ./AppIcon60x60@3x.png ... 
2018-04-10 04:28:41 +0000  97517 bytes for ./AppIcon60x60@3x.png
2018-04-10 04:28:41 +0000  copying file ./滚动图片.jpeg ... 
2018-04-10 04:28:41 +0000  850935 bytes for ./滚动图片.jpeg
2018-04-10 04:28:41 +0000  copying file ./SwitchCell.nib ... 
2018-04-10 04:28:41 +0000  3213 bytes for ./SwitchCell.nib
2018-04-10 04:28:41 +0000  copying file ./Base.lproj/Main.storyboardc/UIViewController-BYZ-38-t0r.nib ... 
2018-04-10 04:28:41 +0000  964 bytes for ./Base.lproj/Main.storyboardc/UIViewController-BYZ-38-t0r.nib
copying file ./Base.lproj/Main.storyboardc/BYZ-38-t0r-view-8bC-Xf-vdC.nib ... 
2018-04-10 04:28:41 +0000  2349 bytes for ./Base.lproj/Main.storyboardc/BYZ-38-t0r-view-8bC-Xf-vdC.nib
copying file ./Base.lproj/Main.storyboardc/Info.plist ... 
2018-04-10 04:28:41 +0000  258 bytes for ./Base.lproj/Main.storyboardc/Info.plist
2018-04-10 04:28:41 +0000  copying file ./Base.lproj/LaunchScreen.storyboardc/01J-lp-oVM-view-Ze5-6b-2t3.nib ... 
2018-04-10 04:28:41 +0000  1790 bytes for ./Base.lproj/LaunchScreen.storyboardc/01J-lp-oVM-view-Ze5-6b-2t3.nib
2018-04-10 04:28:41 +0000  copying file ./Base.lproj/LaunchScreen.storyboardc/UIViewController-01J-lp-oVM.nib ... 
2018-04-10 04:28:41 +0000  832 bytes for ./Base.lproj/LaunchScreen.storyboardc/UIViewController-01J-lp-oVM.nib
copying file ./Base.lproj/LaunchScreen.storyboardc/Info.plist ... 
2018-04-10 04:28:41 +0000  258 bytes for ./Base.lproj/LaunchScreen.storyboardc/Info.plist
2018-04-10 04:28:41 +0000  copying file ./page_top_0@2x.png ... 
2018-04-10 04:28:41 +0000  6688 bytes for ./page_top_0@2x.png
2018-04-10 04:28:41 +0000  copying file ./ScanQR1@2x.png ... 
2018-04-10 04:28:41 +0000  106 bytes for ./ScanQR1@2x.png
copying file ./weixin.png ... 
2018-04-10 04:28:41 +0000  184561 bytes for ./weixin.png
copying file ./ExampleApp.html ... 
2018-04-10 04:28:41 +0000  5470 bytes for ./ExampleApp.html
2018-04-10 04:28:41 +0000  copying file ./guider_pai_35@2x.png ... 
2018-04-10 04:28:41 +0000  84212 bytes for ./guider_pai_35@2x.png
2018-04-10 04:28:41 +0000  copying file ./qiandao_0003_01.png ... 
2018-04-10 04:28:41 +0000  43283 bytes for ./qiandao_0003_01.png
copying file ./scan_net@3x.png ... 
2018-04-10 04:28:41 +0000  65578 bytes for ./scan_net@3x.png
copying file ./sunny20x20@3x.png ... 
2018-04-10 04:28:41 +0000  1878 bytes for ./sunny20x20@3x.png
2018-04-10 04:28:41 +0000  copying file ./ScanQR4@2x.png ... 
2018-04-10 04:28:41 +0000  106 bytes for ./ScanQR4@2x.png
2018-04-10 04:28:41 +0000  copying file ./lightRain@3x.png ... 
2018-04-10 04:28:41 +0000  5143 bytes for ./lightRain@3x.png
copying file ./reflesh1_60x55@2x.png ... 
2018-04-10 04:28:41 +0000  6516 bytes for ./reflesh1_60x55@2x.png
2018-04-10 04:28:41 +0000  copying file ./liwushuo.json ... 
2018-04-10 04:28:41 +0000  63975 bytes for ./liwushuo.json
copying file ./delete_image@3x.png ... 
2018-04-10 04:28:41 +0000  3687 bytes for ./delete_image@3x.png
copying file ./ChatTwoViewController.nib ... 
2018-04-10 04:28:41 +0000  8282 bytes for ./ChatTwoViewController.nib
2018-04-10 04:28:41 +0000  copying file ./qiandao_0001_001.png ... 
2018-04-10 04:28:41 +0000  29442 bytes for ./qiandao_0001_001.png
copying file ./Assets.car ... 
2018-04-10 04:28:41 +0000  11918872 bytes for ./Assets.car
copying file ./AppIcon40x40@2x~ipad.png ... 
2018-04-10 04:28:41 +0000  20419 bytes for ./AppIcon40x40@2x~ipad.png
copying file ./error.png ... 
2018-04-10 04:28:41 +0000  366 bytes for ./error.png
copying file ./AppIcon76x76@2x~ipad.png ... 
2018-04-10 04:28:41 +0000  70278 bytes for ./AppIcon76x76@2x~ipad.png
2018-04-10 04:28:41 +0000  copying file ./LaunchImage-800-Portrait-736h@3x.png ... 
2018-04-10 04:28:41 +0000  92467 bytes for ./LaunchImage-800-Portrait-736h@3x.png
2018-04-10 04:28:41 +0000  copying file ./AppIcon72x72~ipad.png ... 
2018-04-10 04:28:41 +0000  16728 bytes for ./AppIcon72x72~ipad.png
copying file ./guider_qiu_35@2x.png ... 
2018-04-10 04:28:41 +0000  665168 bytes for ./guider_qiu_35@2x.png
copying file ./center_bg.jpg ... 
2018-04-10 04:28:41 +0000  1066358 bytes for ./center_bg.jpg
copying file ./reflesh1_60x55.png ... 
2018-04-10 04:28:41 +0000  5157 bytes for ./reflesh1_60x55.png
copying file ./qiandao_0000_000.png ... 
2018-04-10 04:28:41 +0000  17733 bytes for ./qiandao_0000_000.png
copying file ./activity.png ... 
2018-04-10 04:28:41 +0000  104430 bytes for ./activity.png
2018-04-10 04:28:41 +0000  copying file ./main.html ... 
2018-04-10 04:28:41 +0000  2416 bytes for ./main.html
2018-04-10 04:28:41 +0000  copying file ./LaunchImage-700@2x.png ... 
2018-04-10 04:28:41 +0000  50762 bytes for ./LaunchImage-700@2x.png
2018-04-10 04:28:41 +0000  copying file ./delete_image@2x.png ... 
2018-04-10 04:28:41 +0000  2772 bytes for ./delete_image@2x.png
copying file ./reflesh1_60x55@3x.png ... 
2018-04-10 04:28:41 +0000  9917 bytes for ./reflesh1_60x55@3x.png
2018-04-10 04:28:41 +0000  copying file ./lightRain@2x.png ... 
2018-04-10 04:28:41 +0000  3369 bytes for ./lightRain@2x.png
copying file ./AppIcon83.5x83.5@2x~ipad.png ... 
2018-04-10 04:28:41 +0000  84199 bytes for ./AppIcon83.5x83.5@2x~ipad.png
2018-04-10 04:28:41 +0000  copying file ./LaunchImage-700-568h@2x.png ... 
2018-04-10 04:28:41 +0000  51666 bytes for ./LaunchImage-700-568h@2x.png
copying file ./Swift.pdf ... 
2018-04-10 04:28:41 +0000  5518139 bytes for ./Swift.pdf
2018-04-10 04:28:41 +0000  copying file ./sunny20x20@2x.png ... 
1154 bytes for ./sunny20x20@2x.png
copying file ./CustomViewController.nib ... 
1625 bytes for ./CustomViewController.nib
copying file ./scan_net@2x.png ... 
2018-04-10 04:28:41 +0000  84782 bytes for ./scan_net@2x.png
copying file ./success.png ... 
2018-04-10 04:28:41 +0000  503 bytes for ./success.png
2018-04-10 04:28:41 +0000  copying file ./NextTableViewCell.nib ... 
2018-04-10 04:28:41 +0000  2996 bytes for ./NextTableViewCell.nib
copying file ./AppIcon50x50~ipad.png ... 
2018-04-10 04:28:41 +0000  8305 bytes for ./AppIcon50x50~ipad.png
2018-04-10 04:28:41 +0000  copying file ./face.plist ... 
2018-04-10 04:28:41 +0000  3019 bytes for ./face.plist
2018-04-10 04:28:41 +0000  copying file ./4.jpg ... 
2018-04-10 04:28:41 +0000  30273 bytes for ./4.jpg
2018-04-10 04:28:41 +0000  copying file ./sunny40x40@2x.png ... 
2018-04-10 04:28:41 +0000  2506 bytes for ./sunny40x40@2x.png
2018-04-10 04:28:41 +0000  copying file ./sunny29x29@3x.png ... 
2018-04-10 04:28:41 +0000  2582 bytes for ./sunny29x29@3x.png
copying file ./AppIcon29x29@2x~ipad.png ... 
2018-04-10 04:28:41 +0000  10869 bytes for ./AppIcon29x29@2x~ipad.png
2018-04-10 04:28:41 +0000  copying file ./praise_select@3x.png ... 
2018-04-10 04:28:41 +0000  888 bytes for ./praise_select@3x.png
2018-04-10 04:28:41 +0000  copying file ./snow@3x.png ... 
2018-04-10 04:28:41 +0000  8079 bytes for ./snow@3x.png
2018-04-10 04:28:41 +0000  copying file ./heavyRain@2x.png ... 
2018-04-10 04:28:41 +0000  4050 bytes for ./heavyRain@2x.png
copying file ./AppIcon50x50@2x~ipad.png ... 
2018-04-10 04:28:41 +0000  31327 bytes for ./AppIcon50x50@2x~ipad.png
copying file ./AppIcon40x40~ipad.png ... 
2018-04-10 04:28:41 +0000  5479 bytes for ./AppIcon40x40~ipad.png
2018-04-10 04:28:41 +0000  copying file ./ScanQR2@2x.png ... 
2018-04-10 04:28:41 +0000  105 bytes for ./ScanQR2@2x.png
2018-04-10 04:28:41 +0000  copying file ./page_top_3@2x.png ... 
2018-04-10 04:28:41 +0000  8159 bytes for ./page_top_3@2x.png
copying file ./AppIcon20x20~ipad.png ... 
2018-04-10 04:28:41 +0000  1631 bytes for ./AppIcon20x20~ipad.png
2018-04-10 04:28:41 +0000  copying file ./qiandao_0002_003.png ... 
2018-04-10 04:28:41 +0000  32213 bytes for ./qiandao_0002_003.png
copying file ./meituan.json ... 
2018-04-10 04:28:41 +0000  843223 bytes for ./meituan.json
2018-04-10 04:28:41 +0000  copying file ./embedded.mobileprovision ... 
2018-04-10 04:28:41 +0000  9035 bytes for ./embedded.mobileprovision
2018-04-10 04:28:41 +0000  copying file ./praise_default@3x.png ... 
2018-04-10 04:28:41 +0000  890 bytes for ./praise_default@3x.png
2018-04-10 04:28:41 +0000  copying file ./2.jpg ... 
2018-04-10 04:28:41 +0000  71223 bytes for ./2.jpg
copying file ./praise_default@2x.png ... 
2018-04-10 04:28:41 +0000  666 bytes for ./praise_default@2x.png
2018-04-10 04:28:41 +0000  copying file ./image1.png ... 
2018-04-10 04:28:41 +0000  135085 bytes for ./image1.png
copying file ./qiandao_0008_yy.png ... 
2018-04-10 04:28:41 +0000  1106760 bytes for ./qiandao_0008_yy.png
2018-04-10 04:28:41 +0000  copying file ./page_top_1@2x.png ... 
2018-04-10 04:28:41 +0000  6421 bytes for ./page_top_1@2x.png
2018-04-10 04:28:41 +0000  copying file ./html.bundle/css/nosingle.css ... 
2018-04-10 04:28:41 +0000  992 bytes for ./html.bundle/css/nosingle.css
2018-04-10 04:28:41 +0000  copying file ./html.bundle/js/jquery-2.1.1.min.js ... 
2018-04-10 04:28:41 +0000  84284 bytes for ./html.bundle/js/jquery-2.1.1.min.js
2018-04-10 04:28:41 +0000  copying file ./html.bundle/404.html ... 
2018-04-10 04:28:41 +0000  966 bytes for ./html.bundle/404.html
2018-04-10 04:28:41 +0000  copying file ./html.bundle/img/404.png ... 
2018-04-10 04:28:41 +0000  8150 bytes for ./html.bundle/img/404.png
2018-04-10 04:28:41 +0000  copying file ./html.bundle/img/nosingle.png ... 
2018-04-10 04:28:41 +0000  5970 bytes for ./html.bundle/img/nosingle.png
copying file ./html.bundle/neterror.html ... 
2018-04-10 04:28:41 +0000  1031 bytes for ./html.bundle/neterror.html
copying file ./AppIcon20x20@2x~ipad.png ... 
2018-04-10 04:28:41 +0000  5479 bytes for ./AppIcon20x20@2x~ipad.png
2018-04-10 04:28:41 +0000  copying file ./image0.png ... 
2018-04-10 04:28:41 +0000  113827 bytes for ./image0.png
copying file ./heavyRain@3x.png ... 
2018-04-10 04:28:41 +0000  6189 bytes for ./heavyRain@3x.png
copying file ./3.jpg ... 
2018-04-10 04:28:41 +0000  22454 bytes for ./3.jpg
copying file ./Info.plist ... 
2018-04-10 04:28:41 +0000  2975 bytes for ./Info.plist
2018-04-10 04:28:41 +0000  copying file ./1.jpg ... 
2018-04-10 04:28:41 +0000  38640 bytes for ./1.jpg
2018-04-10 04:28:41 +0000  copying file ./image2.png ... 
2018-04-10 04:28:41 +0000  84291 bytes for ./image2.png
2018-04-10 04:28:41 +0000  copying file ./1.png ... 
2018-04-10 04:28:41 +0000  2293 bytes for ./1.png
2018-04-10 04:28:41 +0000  copying file ./snow@2x.png ... 
2018-04-10 04:28:41 +0000  5034 bytes for ./snow@2x.png
copying file ./praise_select@2x.png ... 
2018-04-10 04:28:41 +0000  660 bytes for ./praise_select@2x.png
copying file ./sunny29x29@2x.png ... 
2018-04-10 04:28:41 +0000  1678 bytes for ./sunny29x29@2x.png
copying file ./PkgInfo ... 
2018-04-10 04:28:41 +0000  8 bytes for ./PkgInfo
2018-04-10 04:28:41 +0000  copying file ./wbBG.png ... 
2018-04-10 04:28:41 +0000  301728 bytes for ./wbBG.png
copying file ./turntable.jpeg ... 
2018-04-10 04:28:41 +0000  88674 bytes for ./turntable.jpeg
copying file ./0.png ... 
2018-04-10 04:28:41 +0000  541 bytes for ./0.png
2018-04-10 04:28:41 +0000  copying file ./AppIcon76x76~ipad.png ... 
2018-04-10 04:28:41 +0000  18567 bytes for ./AppIcon76x76~ipad.png
copying file ./sunny40x40@3x.png ... 
2018-04-10 04:28:41 +0000  3581 bytes for ./sunny40x40@3x.png
2018-04-10 04:28:41 +0000  copying file ./image3.png ... 
2018-04-10 04:28:41 +0000  160743 bytes for ./image3.png
2018-04-10 04:28:41 +0000  2018-04-10 04:28:41 +0000  

2018-04-10 04:28:41 +0000  2018-04-10 04:28:41 +0000 [MT] /usr/bin/ditto exited with 0
2018-04-10 04:28:41 +0000  

2018-04-10 04:28:41 +0000 [MT] Processing step: IDEDistributionEmbedProfileStep
2018-04-10 04:28:41 +0000 [MT] Processing step: IDEDistributionAppThinningPlistStep
2018-04-10 04:28:41 +0000 [MT] Skipping step: IDEDistributionAppThinningPlistStep because it said so
2018-04-10 04:28:41 +0000 [MT] Processing step: IDEDistributionCompileBitcodeStep
2018-04-10 04:28:41 +0000 [MT] Skipping step: IDEDistributionCompileBitcodeStep because it said so
2018-04-10 04:28:41 +0000 [MT] Processing step: IDEDistributionCodeSlimmingStep
2018-04-10 04:28:41 +0000 [MT] Processing step: IDEDistributionCopyBCSymbolMapsStep
2018-04-10 04:28:41 +0000 [MT] Skipping step: IDEDistributionCopyBCSymbolMapsStep because it said so
2018-04-10 04:28:41 +0000 [MT] Processing step: IDEDistributionSymbolsStep
2018-04-10 04:28:41 +0000 [MT] Skipping step: IDEDistributionSymbolsStep because it said so
2018-04-10 04:28:41 +0000 [MT] Processing step: IDEDistributionAppThinningStep
2018-04-10 04:28:41 +0000 [MT] Skipping step: IDEDistributionAppThinningStep because it said so
2018-04-10 04:28:41 +0000 [MT] Processing step: IDEDistributionODRStep
2018-04-10 04:28:41 +0000 [MT] Processing step: IDEDistributionStripXattrsStep
2018-04-10 04:28:41 +0000 [MT] Running /usr/bin/xattr '-crs' '/var/folders/fh/vrqs8wk55p9_4ywtvt771rdc0000gn/T/XcodeDistPipeline.0oZ/Root/Payload/OC_APP.app'
2018-04-10 04:28:41 +0000  2018-04-10 04:28:41 +0000  

2018-04-10 04:28:41 +0000 [MT] /usr/bin/xattr exited with 02018-04-10 04:28:41 +0000  
2018-04-10 04:28:41 +0000  
2018-04-10 04:28:41 +0000  

2018-04-10 04:28:41 +0000  2018-04-10 04:28:41 +0000  

2018-04-10 04:28:41 +0000 [MT] Processing step: IDEDistributionCodesignStep
2018-04-10 04:28:41 +0000 [MT] Entitlements for <IDEDistributionItem: 0x7fea24720c40 'com.xingl.OC-APP' '<DVTFilePath:0x7fea2464ef10:'/Users/xingl/Desktop/XL_git/OC_APP/OC_APP/Packge/Release/OC_APP-1.1.1/OC_APP1.1.1.xcarchive/Products/Applications/OC_APP.app'>'>: {
    "application-identifier" = "9AQVJTZ5M6.com.xingl.OC-APP";
    "com.apple.developer.team-identifier" = 9AQVJTZ5M6;
    "get-task-allow" = 1;
    "keychain-access-groups" =     (
        "9AQVJTZ5M6.com.xingl.OC-APP"
    );
}
2018-04-10 04:28:41 +0000 [MT] Writing entitlements for <IDEDistributionItem: 0x7fea24720c40 'com.xingl.OC-APP' '<DVTFilePath:0x7fea2464ef10:'/Users/xingl/Desktop/XL_git/OC_APP/OC_APP/Packge/Release/OC_APP-1.1.1/OC_APP1.1.1.xcarchive/Products/Applications/OC_APP.app'>'> to: /var/folders/fh/vrqs8wk55p9_4ywtvt771rdc0000gn/T/XcodeDistPipeline.0oZ/entitlementsEvidKb
2018-04-10 04:28:41 +0000 [MT] Running /usr/bin/codesign '-vvv' '--force' '--sign' 'F0070F68D84F1C43B458DC7435BD3303309EA1B9' '--preserve-metadata=identifier,flags' '--entitlements' '/var/folders/fh/vrqs8wk55p9_4ywtvt771rdc0000gn/T/XcodeDistPipeline.0oZ/entitlementsEvidKb' '/var/folders/fh/vrqs8wk55p9_4ywtvt771rdc0000gn/T/XcodeDistPipeline.0oZ/Root/Payload/OC_APP.app'
2018-04-10 04:28:42 +0000  /var/folders/fh/vrqs8wk55p9_4ywtvt771rdc0000gn/T/XcodeDistPipeline.0oZ/Root/Payload/OC_APP.app: signed app bundle with Mach-O universal (armv7 arm64) [com.xingl.OC-APP]
2018-04-10 04:28:42 +0000  2018-04-10 04:28:42 +0000  

2018-04-10 04:28:42 +0000  
2018-04-10 04:28:42 +0000  
2018-04-10 04:28:42 +0000  2018-04-10 04:28:42 +0000  

2018-04-10 04:28:42 +0000 [MT] /usr/bin/codesign exited with 02018-04-10 04:28:42 +0000  
2018-04-10 04:28:42 +0000  

2018-04-10 04:28:42 +0000 [MT] Processing step: IDEDistributionStreamingZipItemStep
2018-04-10 04:28:42 +0000 [MT] Skipping step: IDEDistributionStreamingZipItemStep because it said so
2018-04-10 04:28:42 +0000 [MT] Processing step: IDEDistributionCreateIPAStep
2018-04-10 04:28:42 +0000 [MT] Running /usr/bin/ditto '-V' '-c' '-k' '--norsrc' '/var/folders/fh/vrqs8wk55p9_4ywtvt771rdc0000gn/T/XcodeDistPipeline.0oZ/Root' '/var/folders/fh/vrqs8wk55p9_4ywtvt771rdc0000gn/T/XcodeDistPipeline.0oZ/Packages/OC_APP.ipa'
2018-04-10 04:28:42 +0000  >>> Copying /var/folders/fh/vrqs8wk55p9_4ywtvt771rdc0000gn/T/XcodeDistPipeline.0oZ/Root 
2018-04-10 04:28:42 +0000  copying file ./Payload/OC_APP.app/FFRing.png ... 
2018-04-10 04:28:42 +0000  1913 bytes for ./Payload/OC_APP.app/FFRing.png
2018-04-10 04:28:42 +0000  copying file ./Payload/OC_APP.app/_CodeSignature/CodeResources ... 
2018-04-10 04:28:42 +0000  60954 bytes for ./Payload/OC_APP.app/_CodeSignature/CodeResources
2018-04-10 04:28:42 +0000  copying file ./Payload/OC_APP.app/002.jpg ... 
2018-04-10 04:28:42 +0000  111726 bytes for ./Payload/OC_APP.app/002.jpg
copying file ./Payload/OC_APP.app/003.jpg ... 
2018-04-10 04:28:42 +0000  97798 bytes for ./Payload/OC_APP.app/003.jpg
copying file ./Payload/OC_APP.app/LaunchImage-1100-Portrait-2436h@3x.png ... 
2018-04-10 04:28:42 +0000  1803819 bytes for ./Payload/OC_APP.app/LaunchImage-1100-Portrait-2436h@3x.png
2018-04-10 04:28:42 +0000  copying file ./Payload/OC_APP.app/darong.png ... 
2018-04-10 04:28:42 +0000  451943 bytes for ./Payload/OC_APP.app/darong.png
copying file ./Payload/OC_APP.app/sunny@2x.png ... 
2018-04-10 04:28:42 +0000  2694 bytes for ./Payload/OC_APP.app/sunny@2x.png
copying file ./Payload/OC_APP.app/AppIcon20x20@2x.png ... 
2018-04-10 04:28:42 +0000  5479 bytes for ./Payload/OC_APP.app/AppIcon20x20@2x.png
copying file ./Payload/OC_APP.app/bank.plist ... 
2018-04-10 04:28:42 +0000  43877 bytes for ./Payload/OC_APP.app/bank.plist
copying file ./Payload/OC_APP.app/page_top_4@2x.png ... 
2018-04-10 04:28:42 +0000  10774 bytes for ./Payload/OC_APP.app/page_top_4@2x.png
copying file ./Payload/OC_APP.app/001.jpg ... 
2018-04-10 04:28:42 +0000  144869 bytes for ./Payload/OC_APP.app/001.jpg
2018-04-10 04:28:42 +0000  copying file ./Payload/OC_APP.app/000.jpg ... 
2018-04-10 04:28:42 +0000  35057 bytes for ./Payload/OC_APP.app/000.jpg
copying file ./Payload/OC_APP.app/cloudy@2x.png ... 
2018-04-10 04:28:42 +0000  4026 bytes for ./Payload/OC_APP.app/cloudy@2x.png
copying file ./Payload/OC_APP.app/AppIcon57x57.png ... 
2018-04-10 04:28:42 +0000  10469 bytes for ./Payload/OC_APP.app/AppIcon57x57.png
2018-04-10 04:28:42 +0000  copying file ./Payload/OC_APP.app/trade.bundle/number_bg@3x.png ... 
2018-04-10 04:28:42 +0000  2730 bytes for ./Payload/OC_APP.app/trade.bundle/number_bg@3x.png
copying file ./Payload/OC_APP.app/trade.bundle/password_ok_up@3x.png ... 
2018-04-10 04:28:42 +0000  4196 bytes for ./Payload/OC_APP.app/trade.bundle/password_ok_up@3x.png
copying file ./Payload/OC_APP.app/trade.bundle/password_ok_up@2x.png ... 
2018-04-10 04:28:42 +0000  2634 bytes for ./Payload/OC_APP.app/trade.bundle/password_ok_up@2x.png
2018-04-10 04:28:42 +0000  copying file ./Payload/OC_APP.app/trade.bundle/number_bg@2x.png ... 
2018-04-10 04:28:42 +0000  1737 bytes for ./Payload/OC_APP.app/trade.bundle/number_bg@2x.png
copying file ./Payload/OC_APP.app/trade.bundle/yuan@3x.png ... 
2018-04-10 04:28:42 +0000  1575 bytes for ./Payload/OC_APP.app/trade.bundle/yuan@3x.png
copying file ./Payload/OC_APP.app/trade.bundle/password_cancel_down@2x.png ... 
2018-04-10 04:28:42 +0000  3181 bytes for ./Payload/OC_APP.app/trade.bundle/password_cancel_down@2x.png
2018-04-10 04:28:42 +0000  copying file ./Payload/OC_APP.app/trade.bundle/password_in@2x.png ... 
2018-04-10 04:28:42 +0000  1692 bytes for ./Payload/OC_APP.app/trade.bundle/password_in@2x.png
copying file ./Payload/OC_APP.app/trade.bundle/password_in@3x.png ... 
2018-04-10 04:28:42 +0000  2896 bytes for ./Payload/OC_APP.app/trade.bundle/password_in@3x.png
2018-04-10 04:28:42 +0000  copying file ./Payload/OC_APP.app/trade.bundle/password_cancel_down@3x.png ... 
2018-04-10 04:28:42 +0000  5548 bytes for ./Payload/OC_APP.app/trade.bundle/password_cancel_down@3x.png
2018-04-10 04:28:42 +0000  copying file ./Payload/OC_APP.app/trade.bundle/yuan@2x.png ... 
1216 bytes for ./Payload/OC_APP.app/trade.bundle/yuan@2x.png
2018-04-10 04:28:42 +0000  copying file ./Payload/OC_APP.app/trade.bundle/password_cancel_up@2x.png ... 
2018-04-10 04:28:42 +0000  3154 bytes for ./Payload/OC_APP.app/trade.bundle/password_cancel_up@2x.png
copying file ./Payload/OC_APP.app/trade.bundle/pssword_bg@2x.png ... 
2018-04-10 04:28:42 +0000  2542 bytes for ./Payload/OC_APP.app/trade.bundle/pssword_bg@2x.png
copying file ./Payload/OC_APP.app/trade.bundle/pssword_bg@3x.png ... 
2018-04-10 04:28:42 +0000  6537 bytes for ./Payload/OC_APP.app/trade.bundle/pssword_bg@3x.png
copying file ./Payload/OC_APP.app/trade.bundle/password_cancel_up@3x.png ... 
2018-04-10 04:28:42 +0000  5345 bytes for ./Payload/OC_APP.app/trade.bundle/password_cancel_up@3x.png
copying file ./Payload/OC_APP.app/trade.bundle/password_ok_down@3x.png ... 
2018-04-10 04:28:42 +0000  4651 bytes for ./Payload/OC_APP.app/trade.bundle/password_ok_down@3x.png
copying file ./Payload/OC_APP.app/trade.bundle/password_ok_down@2x.png ... 
2018-04-10 04:28:42 +0000  2695 bytes for ./Payload/OC_APP.app/trade.bundle/password_ok_down@2x.png
2018-04-10 04:28:42 +0000  copying file ./Payload/OC_APP.app/scan_frame@3x.png ... 
2018-04-10 04:28:42 +0000  3854 bytes for ./Payload/OC_APP.app/scan_frame@3x.png
copying file ./Payload/OC_APP.app/scan_frame@2x.png ... 
2018-04-10 04:28:42 +0000  2523 bytes for ./Payload/OC_APP.app/scan_frame@2x.png
copying file ./Payload/OC_APP.app/cloudy@3x.png ... 
2018-04-10 04:28:42 +0000  6228 bytes for ./Payload/OC_APP.app/cloudy@3x.png
copying file ./Payload/OC_APP.app/popMenvTopView.nib ... 
2018-04-10 04:28:42 +0000  4503 bytes for ./Payload/OC_APP.app/popMenvTopView.nib
copying file ./Payload/OC_APP.app/004.jpg ... 
2018-04-10 04:28:42 +0000  202629 bytes for ./Payload/OC_APP.app/004.jpg
copying file ./Payload/OC_APP.app/imagex.jpg ... 
2018-04-10 04:28:42 +0000  1807553 bytes for ./Payload/OC_APP.app/imagex.jpg
copying file ./Payload/OC_APP.app/AppIcon20x20@3x.png ... 
2018-04-10 04:28:42 +0000  11557 bytes for ./Payload/OC_APP.app/AppIcon20x20@3x.png
copying file ./Payload/OC_APP.app/addressData.plist ... 
2018-04-10 04:28:42 +0000  47519 bytes for ./Payload/OC_APP.app/addressData.plist
2018-04-10 04:28:42 +0000  copying file ./Payload/OC_APP.app/reflesh3_60x55.png ... 
2018-04-10 04:28:42 +0000  5193 bytes for ./Payload/OC_APP.app/reflesh3_60x55.png
copying file ./Payload/OC_APP.app/sunny@3x.png ... 
2018-04-10 04:28:42 +0000  4088 bytes for ./Payload/OC_APP.app/sunny@3x.png
2018-04-10 04:28:42 +0000  copying file ./Payload/OC_APP.app/error@2x.png ... 
523 bytes for ./Payload/OC_APP.app/error@2x.png
copying file ./Payload/OC_APP.app/AppIcon29x29.png ... 
2018-04-10 04:28:42 +0000  3076 bytes for ./Payload/OC_APP.app/AppIcon29x29.png
2018-04-10 04:28:42 +0000  copying file ./Payload/OC_APP.app/MJRefresh.bundle/zh-Hans.lproj/Localizable.strings ... 
2018-04-10 04:28:42 +0000  1194 bytes for ./Payload/OC_APP.app/MJRefresh.bundle/zh-Hans.lproj/Localizable.strings
2018-04-10 04:28:42 +0000  copying file ./Payload/OC_APP.app/MJRefresh.bundle/en.lproj/Localizable.strings ... 
2018-04-10 04:28:42 +0000  1372 bytes for ./Payload/OC_APP.app/MJRefresh.bundle/en.lproj/Localizable.strings
copying file ./Payload/OC_APP.app/MJRefresh.bundle/arrow@2x.png ... 
2018-04-10 04:28:42 +0000  1033 bytes for ./Payload/OC_APP.app/MJRefresh.bundle/arrow@2x.png
2018-04-10 04:28:42 +0000  copying file ./Payload/OC_APP.app/MJRefresh.bundle/zh-Hant.lproj/Localizable.strings ... 
2018-04-10 04:28:42 +0000  773 bytes for ./Payload/OC_APP.app/MJRefresh.bundle/zh-Hant.lproj/Localizable.strings
copying file ./Payload/OC_APP.app/page_bg_35@2x.png ... 
2018-04-10 04:28:42 +0000  17067 bytes for ./Payload/OC_APP.app/page_bg_35@2x.png
2018-04-10 04:28:42 +0000  copying file ./Payload/OC_APP.app/CusView.nib ... 
2018-04-10 04:28:42 +0000  2797 bytes for ./Payload/OC_APP.app/CusView.nib
2018-04-10 04:28:42 +0000  copying file ./Payload/OC_APP.app/2_0000_up.png ... 
2018-04-10 04:28:42 +0000  479439 bytes for ./Payload/OC_APP.app/2_0000_up.png
copying file ./Payload/OC_APP.app/OC_APP ... 
2018-04-10 04:28:42 +0000  4744816 bytes for ./Payload/OC_APP.app/OC_APP
copying file ./Payload/OC_APP.app/weixuanzhong_icon@3x.png ... 
2018-04-10 04:28:42 +0000  861 bytes for ./Payload/OC_APP.app/weixuanzhong_icon@3x.png
copying file ./Payload/OC_APP.app/AppIcon60x60@2x.png ... 
2018-04-10 04:28:42 +0000  44587 bytes for ./Payload/OC_APP.app/AppIcon60x60@2x.png
2018-04-10 04:28:42 +0000  copying file ./Payload/OC_APP.app/reflesh3_60x55@3x.png ... 
2018-04-10 04:28:42 +0000  9958 bytes for ./Payload/OC_APP.app/reflesh3_60x55@3x.png
copying file ./Payload/OC_APP.app/xuanzhong_icon@3x.png ... 
2018-04-10 04:28:42 +0000  882 bytes for ./Payload/OC_APP.app/xuanzhong_icon@3x.png
copying file ./Payload/OC_APP.app/page_top_2@2x.png ... 
2018-04-10 04:28:42 +0000  8026 bytes for ./Payload/OC_APP.app/page_top_2@2x.png
2018-04-10 04:28:42 +0000  copying file ./Payload/OC_APP.app/AppIcon72x72@2x~ipad.png ... 
2018-04-10 04:28:42 +0000  63385 bytes for ./Payload/OC_APP.app/AppIcon72x72@2x~ipad.png
2018-04-10 04:28:42 +0000  copying file ./Payload/OC_APP.app/01.png ... 
2018-04-10 04:28:42 +0000  521347 bytes for ./Payload/OC_APP.app/01.png
copying file ./Payload/OC_APP.app/ScanQR3@2x.png ... 
2018-04-10 04:28:42 +0000  106 bytes for ./Payload/OC_APP.app/ScanQR3@2x.png
copying file ./Payload/OC_APP.app/sparkle.png ... 
2018-04-10 04:28:42 +0000  10883 bytes for ./Payload/OC_APP.app/sparkle.png
copying file ./Payload/OC_APP.app/AppIcon29x29@2x.png ... 
2018-04-10 04:28:42 +0000  10869 bytes for ./Payload/OC_APP.app/AppIcon29x29@2x.png
2018-04-10 04:28:42 +0000  copying file ./Payload/OC_APP.app/2000.png ... 
2018-04-10 04:28:42 +0000  36933 bytes for ./Payload/OC_APP.app/2000.png
2018-04-10 04:28:42 +0000  copying file ./Payload/OC_APP.app/qiandao_0004_02.png ... 
2018-04-10 04:28:42 +0000  45315 bytes for ./Payload/OC_APP.app/qiandao_0004_02.png
copying file ./Payload/OC_APP.app/LaunchImage-800-667h@2x.png ... 
2018-04-10 04:28:42 +0000  53452 bytes for ./Payload/OC_APP.app/LaunchImage-800-667h@2x.png
copying file ./Payload/OC_APP.app/success@2x.png ... 
2018-04-10 04:28:42 +0000  671 bytes for ./Payload/OC_APP.app/success@2x.png
copying file ./Payload/OC_APP.app/AppIcon40x40@3x.png ... 
2018-04-10 04:28:42 +0000  44587 bytes for ./Payload/OC_APP.app/AppIcon40x40@3x.png
copying file ./Payload/OC_APP.app/AppIcon57x57@2x.png ... 
2018-04-10 04:28:42 +0000  40292 bytes for ./Payload/OC_APP.app/AppIcon57x57@2x.png
copying file ./Payload/OC_APP.app/reflesh2_60x55@2x.png ... 
2018-04-10 04:28:42 +0000  6478 bytes for ./Payload/OC_APP.app/reflesh2_60x55@2x.png
2018-04-10 04:28:42 +0000  copying file ./Payload/OC_APP.app/TZImagePickerController.bundle/takePicture@2x.png ... 
2018-04-10 04:28:42 +0000  5924 bytes for ./Payload/OC_APP.app/TZImagePickerController.bundle/takePicture@2x.png
2018-04-10 04:28:42 +0000  copying file ./Payload/OC_APP.app/TZImagePickerController.bundle/zh-Hans.lproj/Localizable.strings ... 
2018-04-10 04:28:42 +0000  1902 bytes for ./Payload/OC_APP.app/TZImagePickerController.bundle/zh-Hans.lproj/Localizable.strings
copying file ./Payload/OC_APP.app/TZImagePickerController.bundle/photo_sel_photoPickerVc@2x.png ... 
2018-04-10 04:28:42 +0000  1006 bytes for ./Payload/OC_APP.app/TZImagePickerController.bundle/photo_sel_photoPickerVc@2x.png
copying file ./Payload/OC_APP.app/TZImagePickerController.bundle/en.lproj/Localizable.strings ... 
2018-04-10 04:28:42 +0000  2594 bytes for ./Payload/OC_APP.app/TZImagePickerController.bundle/en.lproj/Localizable.strings
copying file ./Payload/OC_APP.app/TZImagePickerController.bundle/MMVideoPreviewPlayHL@2x.png ... 
2018-04-10 04:28:42 +0000  3645 bytes for ./Payload/OC_APP.app/TZImagePickerController.bundle/MMVideoPreviewPlayHL@2x.png
copying file ./Payload/OC_APP.app/TZImagePickerController.bundle/photo_sel_previewVc@2x.png ... 
2018-04-10 04:28:42 +0000  1183 bytes for ./Payload/OC_APP.app/TZImagePickerController.bundle/photo_sel_previewVc@2x.png
copying file ./Payload/OC_APP.app/TZImagePickerController.bundle/MMVideoPreviewPlay@2x.png ... 
2018-04-10 04:28:42 +0000  3645 bytes for ./Payload/OC_APP.app/TZImagePickerController.bundle/MMVideoPreviewPlay@2x.png
copying file ./Payload/OC_APP.app/TZImagePickerController.bundle/preview_original_def@2x.png ... 
2018-04-10 04:28:42 +0000  392 bytes for ./Payload/OC_APP.app/TZImagePickerController.bundle/preview_original_def@2x.png
copying file ./Payload/OC_APP.app/TZImagePickerController.bundle/photo_def_previewVc@2x.png ... 
2018-04-10 04:28:42 +0000  1155 bytes for ./Payload/OC_APP.app/TZImagePickerController.bundle/photo_def_previewVc@2x.png
copying file ./Payload/OC_APP.app/TZImagePickerController.bundle/photo_original_sel@2x.png ... 
2018-04-10 04:28:42 +0000  620 bytes for ./Payload/OC_APP.app/TZImagePickerController.bundle/photo_original_sel@2x.png
copying file ./Payload/OC_APP.app/TZImagePickerController.bundle/photo_def_photoPickerVc@2x.png ... 
2018-04-10 04:28:42 +0000  1155 bytes for ./Payload/OC_APP.app/TZImagePickerController.bundle/photo_def_photoPickerVc@2x.png
copying file ./Payload/OC_APP.app/TZImagePickerController.bundle/preview_number_icon@2x.png ... 
2018-04-10 04:28:42 +0000  501 bytes for ./Payload/OC_APP.app/TZImagePickerController.bundle/preview_number_icon@2x.png
copying file ./Payload/OC_APP.app/TZImagePickerController.bundle/navi_back@2x.png ... 
2018-04-10 04:28:42 +0000  116 bytes for ./Payload/OC_APP.app/TZImagePickerController.bundle/navi_back@2x.png
copying file ./Payload/OC_APP.app/TZImagePickerController.bundle/photo_original_def@2x.png ... 
2018-04-10 04:28:42 +0000  1602 bytes for ./Payload/OC_APP.app/TZImagePickerController.bundle/photo_original_def@2x.png
copying file ./Payload/OC_APP.app/TZImagePickerController.bundle/Root.plist ... 
2018-04-10 04:28:42 +0000  1456 bytes for ./Payload/OC_APP.app/TZImagePickerController.bundle/Root.plist
copying file ./Payload/OC_APP.app/TZImagePickerController.bundle/photo_number_icon@2x.png ... 
2018-04-10 04:28:42 +0000  501 bytes for ./Payload/OC_APP.app/TZImagePickerController.bundle/photo_number_icon@2x.png
copying file ./Payload/OC_APP.app/TZImagePickerController.bundle/VideoSendIcon@2x.png ... 
2018-04-10 04:28:42 +0000  223 bytes for ./Payload/OC_APP.app/TZImagePickerController.bundle/VideoSendIcon@2x.png
copying file ./Payload/OC_APP.app/AppIcon29x29~ipad.png ... 
2018-04-10 04:28:42 +0000  3076 bytes for ./Payload/OC_APP.app/AppIcon29x29~ipad.png
2018-04-10 04:28:42 +0000  copying file ./Payload/OC_APP.app/reflesh2_60x55@3x.png ... 
2018-04-10 04:28:42 +0000  10156 bytes for ./Payload/OC_APP.app/reflesh2_60x55@3x.png
copying file ./Payload/OC_APP.app/AppIcon40x40@2x.png ... 
2018-04-10 04:28:42 +0000  20419 bytes for ./Payload/OC_APP.app/AppIcon40x40@2x.png
copying file ./Payload/OC_APP.app/AlbumAddBtn@2x.png ... 
2018-04-10 04:28:42 +0000  136 bytes for ./Payload/OC_APP.app/AlbumAddBtn@2x.png
copying file ./Payload/OC_APP.app/emotion.plist ... 
2018-04-10 04:28:42 +0000  580 bytes for ./Payload/OC_APP.app/emotion.plist
copying file ./Payload/OC_APP.app/reflesh2_60x55.png ... 
2018-04-10 04:28:42 +0000  5189 bytes for ./Payload/OC_APP.app/reflesh2_60x55.png
copying file ./Payload/OC_APP.app/Steve.pdf ... 
2018-04-10 04:28:43 +0000  7691064 bytes for ./Payload/OC_APP.app/Steve.pdf
2018-04-10 04:28:43 +0000  copying file ./Payload/OC_APP.app/AppIcon29x29@3x.png ... 
2018-04-10 04:28:43 +0000  24063 bytes for ./Payload/OC_APP.app/AppIcon29x29@3x.png
2018-04-10 04:28:43 +0000  copying file ./Payload/OC_APP.app/Default_image.png ... 
2018-04-10 04:28:43 +0000  12184 bytes for ./Payload/OC_APP.app/Default_image.png
copying file ./Payload/OC_APP.app/FFTspark.png ... 
2018-04-10 04:28:43 +0000  3642 bytes for ./Payload/OC_APP.app/FFTspark.png
copying file ./Payload/OC_APP.app/IDCard.nib ... 
2018-04-10 04:28:43 +0000  3935 bytes for ./Payload/OC_APP.app/IDCard.nib
copying file ./Payload/OC_APP.app/aa.wav ... 
2018-04-10 04:28:43 +0000  438272 bytes for ./Payload/OC_APP.app/aa.wav
2018-04-10 04:28:43 +0000  copying file ./Payload/OC_APP.app/whiteBG@2x.png ... 
2018-04-10 04:28:43 +0000  3593 bytes for ./Payload/OC_APP.app/whiteBG@2x.png
copying file ./Payload/OC_APP.app/xuanzhong_icon@2x.png ... 
2018-04-10 04:28:43 +0000  747 bytes for ./Payload/OC_APP.app/xuanzhong_icon@2x.png
copying file ./Payload/OC_APP.app/reflesh3_60x55@2x.png ... 
2018-04-10 04:28:43 +0000  6687 bytes for ./Payload/OC_APP.app/reflesh3_60x55@2x.png
2018-04-10 04:28:43 +0000  copying file ./Payload/OC_APP.app/weixuanzhong_icon@2x.png ... 
2018-04-10 04:28:43 +0000  741 bytes for ./Payload/OC_APP.app/weixuanzhong_icon@2x.png
copying file ./Payload/OC_APP.app/AppIcon60x60@3x.png ... 
2018-04-10 04:28:43 +0000  97517 bytes for ./Payload/OC_APP.app/AppIcon60x60@3x.png
2018-04-10 04:28:43 +0000  copying file ./Payload/OC_APP.app/滚动图片.jpeg ... 
2018-04-10 04:28:43 +0000  850935 bytes for ./Payload/OC_APP.app/滚动图片.jpeg
2018-04-10 04:28:43 +0000  copying file ./Payload/OC_APP.app/SwitchCell.nib ... 
2018-04-10 04:28:43 +0000  3213 bytes for ./Payload/OC_APP.app/SwitchCell.nib
2018-04-10 04:28:43 +0000  copying file ./Payload/OC_APP.app/Base.lproj/Main.storyboardc/UIViewController-BYZ-38-t0r.nib ... 
2018-04-10 04:28:43 +0000  964 bytes for ./Payload/OC_APP.app/Base.lproj/Main.storyboardc/UIViewController-BYZ-38-t0r.nib
copying file ./Payload/OC_APP.app/Base.lproj/Main.storyboardc/BYZ-38-t0r-view-8bC-Xf-vdC.nib ... 
2018-04-10 04:28:43 +0000  2349 bytes for ./Payload/OC_APP.app/Base.lproj/Main.storyboardc/BYZ-38-t0r-view-8bC-Xf-vdC.nib
2018-04-10 04:28:43 +0000  copying file ./Payload/OC_APP.app/Base.lproj/Main.storyboardc/Info.plist ... 
258 bytes for ./Payload/OC_APP.app/Base.lproj/Main.storyboardc/Info.plist
2018-04-10 04:28:43 +0000  copying file ./Payload/OC_APP.app/Base.lproj/LaunchScreen.storyboardc/01J-lp-oVM-view-Ze5-6b-2t3.nib ... 
2018-04-10 04:28:43 +0000  1790 bytes for ./Payload/OC_APP.app/Base.lproj/LaunchScreen.storyboardc/01J-lp-oVM-view-Ze5-6b-2t3.nib
2018-04-10 04:28:43 +0000  copying file ./Payload/OC_APP.app/Base.lproj/LaunchScreen.storyboardc/UIViewController-01J-lp-oVM.nib ... 
2018-04-10 04:28:43 +0000  832 bytes for ./Payload/OC_APP.app/Base.lproj/LaunchScreen.storyboardc/UIViewController-01J-lp-oVM.nib
copying file ./Payload/OC_APP.app/Base.lproj/LaunchScreen.storyboardc/Info.plist ... 
2018-04-10 04:28:43 +0000  258 bytes for ./Payload/OC_APP.app/Base.lproj/LaunchScreen.storyboardc/Info.plist
copying file ./Payload/OC_APP.app/page_top_0@2x.png ... 
2018-04-10 04:28:43 +0000  6688 bytes for ./Payload/OC_APP.app/page_top_0@2x.png
copying file ./Payload/OC_APP.app/ScanQR1@2x.png ... 
2018-04-10 04:28:43 +0000  106 bytes for ./Payload/OC_APP.app/ScanQR1@2x.png
copying file ./Payload/OC_APP.app/weixin.png ... 
2018-04-10 04:28:43 +0000  184561 bytes for ./Payload/OC_APP.app/weixin.png
copying file ./Payload/OC_APP.app/ExampleApp.html ... 
2018-04-10 04:28:43 +0000  5470 bytes for ./Payload/OC_APP.app/ExampleApp.html
copying file ./Payload/OC_APP.app/guider_pai_35@2x.png ... 
2018-04-10 04:28:43 +0000  84212 bytes for ./Payload/OC_APP.app/guider_pai_35@2x.png
copying file ./Payload/OC_APP.app/qiandao_0003_01.png ... 
2018-04-10 04:28:43 +0000  43283 bytes for ./Payload/OC_APP.app/qiandao_0003_01.png
copying file ./Payload/OC_APP.app/scan_net@3x.png ... 
2018-04-10 04:28:43 +0000  65578 bytes for ./Payload/OC_APP.app/scan_net@3x.png
copying file ./Payload/OC_APP.app/sunny20x20@3x.png ... 
2018-04-10 04:28:43 +0000  1878 bytes for ./Payload/OC_APP.app/sunny20x20@3x.png
2018-04-10 04:28:43 +0000  copying file ./Payload/OC_APP.app/ScanQR4@2x.png ... 
106 bytes for ./Payload/OC_APP.app/ScanQR4@2x.png
copying file ./Payload/OC_APP.app/lightRain@3x.png ... 
2018-04-10 04:28:43 +0000  5143 bytes for ./Payload/OC_APP.app/lightRain@3x.png
copying file ./Payload/OC_APP.app/reflesh1_60x55@2x.png ... 
2018-04-10 04:28:43 +0000  6516 bytes for ./Payload/OC_APP.app/reflesh1_60x55@2x.png
copying file ./Payload/OC_APP.app/liwushuo.json ... 
2018-04-10 04:28:43 +0000  63975 bytes for ./Payload/OC_APP.app/liwushuo.json
2018-04-10 04:28:43 +0000  copying file ./Payload/OC_APP.app/delete_image@3x.png ... 
2018-04-10 04:28:43 +0000  3687 bytes for ./Payload/OC_APP.app/delete_image@3x.png
copying file ./Payload/OC_APP.app/ChatTwoViewController.nib ... 
2018-04-10 04:28:43 +0000  8282 bytes for ./Payload/OC_APP.app/ChatTwoViewController.nib
2018-04-10 04:28:43 +0000  copying file ./Payload/OC_APP.app/qiandao_0001_001.png ... 
2018-04-10 04:28:43 +0000  29442 bytes for ./Payload/OC_APP.app/qiandao_0001_001.png
2018-04-10 04:28:43 +0000  copying file ./Payload/OC_APP.app/Assets.car ... 
2018-04-10 04:28:43 +0000  11918872 bytes for ./Payload/OC_APP.app/Assets.car
2018-04-10 04:28:43 +0000  copying file ./Payload/OC_APP.app/AppIcon40x40@2x~ipad.png ... 
2018-04-10 04:28:43 +0000  20419 bytes for ./Payload/OC_APP.app/AppIcon40x40@2x~ipad.png
2018-04-10 04:28:43 +0000  copying file ./Payload/OC_APP.app/error.png ... 
2018-04-10 04:28:43 +0000  366 bytes for ./Payload/OC_APP.app/error.png
copying file ./Payload/OC_APP.app/AppIcon76x76@2x~ipad.png ... 
2018-04-10 04:28:43 +0000  70278 bytes for ./Payload/OC_APP.app/AppIcon76x76@2x~ipad.png
2018-04-10 04:28:43 +0000  copying file ./Payload/OC_APP.app/LaunchImage-800-Portrait-736h@3x.png ... 
2018-04-10 04:28:43 +0000  92467 bytes for ./Payload/OC_APP.app/LaunchImage-800-Portrait-736h@3x.png
2018-04-10 04:28:43 +0000  copying file ./Payload/OC_APP.app/AppIcon72x72~ipad.png ... 
2018-04-10 04:28:43 +0000  16728 bytes for ./Payload/OC_APP.app/AppIcon72x72~ipad.png
2018-04-10 04:28:43 +0000  copying file ./Payload/OC_APP.app/guider_qiu_35@2x.png ... 
2018-04-10 04:28:43 +0000  665168 bytes for ./Payload/OC_APP.app/guider_qiu_35@2x.png
2018-04-10 04:28:43 +0000  copying file ./Payload/OC_APP.app/center_bg.jpg ... 
2018-04-10 04:28:43 +0000  1066358 bytes for ./Payload/OC_APP.app/center_bg.jpg
2018-04-10 04:28:43 +0000  copying file ./Payload/OC_APP.app/reflesh1_60x55.png ... 
2018-04-10 04:28:43 +0000  5157 bytes for ./Payload/OC_APP.app/reflesh1_60x55.png
copying file ./Payload/OC_APP.app/qiandao_0000_000.png ... 
2018-04-10 04:28:43 +0000  17733 bytes for ./Payload/OC_APP.app/qiandao_0000_000.png
copying file ./Payload/OC_APP.app/activity.png ... 
2018-04-10 04:28:43 +0000  104430 bytes for ./Payload/OC_APP.app/activity.png
copying file ./Payload/OC_APP.app/main.html ... 
2018-04-10 04:28:43 +0000  2416 bytes for ./Payload/OC_APP.app/main.html
copying file ./Payload/OC_APP.app/LaunchImage-700@2x.png ... 
2018-04-10 04:28:43 +0000  50762 bytes for ./Payload/OC_APP.app/LaunchImage-700@2x.png
copying file ./Payload/OC_APP.app/delete_image@2x.png ... 
2018-04-10 04:28:43 +0000  2772 bytes for ./Payload/OC_APP.app/delete_image@2x.png
copying file ./Payload/OC_APP.app/reflesh1_60x55@3x.png ... 
2018-04-10 04:28:43 +0000  9917 bytes for ./Payload/OC_APP.app/reflesh1_60x55@3x.png
copying file ./Payload/OC_APP.app/lightRain@2x.png ... 
2018-04-10 04:28:43 +0000  3369 bytes for ./Payload/OC_APP.app/lightRain@2x.png
copying file ./Payload/OC_APP.app/AppIcon83.5x83.5@2x~ipad.png ... 
2018-04-10 04:28:43 +0000  84199 bytes for ./Payload/OC_APP.app/AppIcon83.5x83.5@2x~ipad.png
copying file ./Payload/OC_APP.app/LaunchImage-700-568h@2x.png ... 
2018-04-10 04:28:43 +0000  51666 bytes for ./Payload/OC_APP.app/LaunchImage-700-568h@2x.png
copying file ./Payload/OC_APP.app/Swift.pdf ... 
2018-04-10 04:28:44 +0000  5518139 bytes for ./Payload/OC_APP.app/Swift.pdf
copying file ./Payload/OC_APP.app/sunny20x20@2x.png ... 
2018-04-10 04:28:44 +0000  1154 bytes for ./Payload/OC_APP.app/sunny20x20@2x.png
copying file ./Payload/OC_APP.app/CustomViewController.nib ... 
2018-04-10 04:28:44 +0000  1625 bytes for ./Payload/OC_APP.app/CustomViewController.nib
copying file ./Payload/OC_APP.app/scan_net@2x.png ... 
2018-04-10 04:28:44 +0000  84782 bytes for ./Payload/OC_APP.app/scan_net@2x.png
copying file ./Payload/OC_APP.app/success.png ... 
2018-04-10 04:28:44 +0000  503 bytes for ./Payload/OC_APP.app/success.png
copying file ./Payload/OC_APP.app/NextTableViewCell.nib ... 
2018-04-10 04:28:44 +0000  2996 bytes for ./Payload/OC_APP.app/NextTableViewCell.nib
copying file ./Payload/OC_APP.app/AppIcon50x50~ipad.png ... 
2018-04-10 04:28:44 +0000  8305 bytes for ./Payload/OC_APP.app/AppIcon50x50~ipad.png
copying file ./Payload/OC_APP.app/face.plist ... 
2018-04-10 04:28:44 +0000  3019 bytes for ./Payload/OC_APP.app/face.plist
copying file ./Payload/OC_APP.app/4.jpg ... 
2018-04-10 04:28:44 +0000  30273 bytes for ./Payload/OC_APP.app/4.jpg
copying file ./Payload/OC_APP.app/sunny40x40@2x.png ... 
2018-04-10 04:28:44 +0000  2506 bytes for ./Payload/OC_APP.app/sunny40x40@2x.png
copying file ./Payload/OC_APP.app/sunny29x29@3x.png ... 
2018-04-10 04:28:44 +0000  2582 bytes for ./Payload/OC_APP.app/sunny29x29@3x.png
copying file ./Payload/OC_APP.app/AppIcon29x29@2x~ipad.png ... 
2018-04-10 04:28:44 +0000  10869 bytes for ./Payload/OC_APP.app/AppIcon29x29@2x~ipad.png
copying file ./Payload/OC_APP.app/praise_select@3x.png ... 
2018-04-10 04:28:44 +0000  888 bytes for ./Payload/OC_APP.app/praise_select@3x.png
copying file ./Payload/OC_APP.app/snow@3x.png ... 
2018-04-10 04:28:44 +0000  8079 bytes for ./Payload/OC_APP.app/snow@3x.png
copying file ./Payload/OC_APP.app/heavyRain@2x.png ... 
2018-04-10 04:28:44 +0000  4050 bytes for ./Payload/OC_APP.app/heavyRain@2x.png
copying file ./Payload/OC_APP.app/AppIcon50x50@2x~ipad.png ... 
2018-04-10 04:28:44 +0000  31327 bytes for ./Payload/OC_APP.app/AppIcon50x50@2x~ipad.png
copying file ./Payload/OC_APP.app/AppIcon40x40~ipad.png ... 
2018-04-10 04:28:44 +0000  5479 bytes for ./Payload/OC_APP.app/AppIcon40x40~ipad.png
copying file ./Payload/OC_APP.app/ScanQR2@2x.png ... 
2018-04-10 04:28:44 +0000  105 bytes for ./Payload/OC_APP.app/ScanQR2@2x.png
2018-04-10 04:28:44 +0000  copying file ./Payload/OC_APP.app/page_top_3@2x.png ... 
2018-04-10 04:28:44 +0000  8159 bytes for ./Payload/OC_APP.app/page_top_3@2x.png
2018-04-10 04:28:44 +0000  copying file ./Payload/OC_APP.app/AppIcon20x20~ipad.png ... 
2018-04-10 04:28:44 +0000  1631 bytes for ./Payload/OC_APP.app/AppIcon20x20~ipad.png
copying file ./Payload/OC_APP.app/qiandao_0002_003.png ... 
2018-04-10 04:28:44 +0000  32213 bytes for ./Payload/OC_APP.app/qiandao_0002_003.png
copying file ./Payload/OC_APP.app/meituan.json ... 
2018-04-10 04:28:44 +0000  843223 bytes for ./Payload/OC_APP.app/meituan.json
copying file ./Payload/OC_APP.app/embedded.mobileprovision ... 
2018-04-10 04:28:44 +0000  9035 bytes for ./Payload/OC_APP.app/embedded.mobileprovision
copying file ./Payload/OC_APP.app/praise_default@3x.png ... 
2018-04-10 04:28:44 +0000  890 bytes for ./Payload/OC_APP.app/praise_default@3x.png
copying file ./Payload/OC_APP.app/2.jpg ... 
2018-04-10 04:28:44 +0000  71223 bytes for ./Payload/OC_APP.app/2.jpg
2018-04-10 04:28:44 +0000  copying file ./Payload/OC_APP.app/praise_default@2x.png ... 
666 bytes for ./Payload/OC_APP.app/praise_default@2x.png
copying file ./Payload/OC_APP.app/image1.png ... 
2018-04-10 04:28:44 +0000  135085 bytes for ./Payload/OC_APP.app/image1.png
2018-04-10 04:28:44 +0000  copying file ./Payload/OC_APP.app/qiandao_0008_yy.png ... 
2018-04-10 04:28:44 +0000  1106760 bytes for ./Payload/OC_APP.app/qiandao_0008_yy.png
copying file ./Payload/OC_APP.app/page_top_1@2x.png ... 
2018-04-10 04:28:44 +0000  6421 bytes for ./Payload/OC_APP.app/page_top_1@2x.png
2018-04-10 04:28:44 +0000  copying file ./Payload/OC_APP.app/html.bundle/css/nosingle.css ... 
2018-04-10 04:28:44 +0000  992 bytes for ./Payload/OC_APP.app/html.bundle/css/nosingle.css
2018-04-10 04:28:44 +0000  copying file ./Payload/OC_APP.app/html.bundle/js/jquery-2.1.1.min.js ... 
2018-04-10 04:28:44 +0000  84284 bytes for ./Payload/OC_APP.app/html.bundle/js/jquery-2.1.1.min.js
2018-04-10 04:28:44 +0000  copying file ./Payload/OC_APP.app/html.bundle/404.html ... 
966 bytes for ./Payload/OC_APP.app/html.bundle/404.html
2018-04-10 04:28:44 +0000  copying file ./Payload/OC_APP.app/html.bundle/img/404.png ... 
2018-04-10 04:28:44 +0000  8150 bytes for ./Payload/OC_APP.app/html.bundle/img/404.png
2018-04-10 04:28:44 +0000  copying file ./Payload/OC_APP.app/html.bundle/img/nosingle.png ... 
2018-04-10 04:28:44 +0000  5970 bytes for ./Payload/OC_APP.app/html.bundle/img/nosingle.png
2018-04-10 04:28:44 +0000  copying file ./Payload/OC_APP.app/html.bundle/neterror.html ... 
2018-04-10 04:28:44 +0000  1031 bytes for ./Payload/OC_APP.app/html.bundle/neterror.html
2018-04-10 04:28:44 +0000  copying file ./Payload/OC_APP.app/AppIcon20x20@2x~ipad.png ... 
2018-04-10 04:28:44 +0000  5479 bytes for ./Payload/OC_APP.app/AppIcon20x20@2x~ipad.png
copying file ./Payload/OC_APP.app/image0.png ... 
2018-04-10 04:28:44 +0000  113827 bytes for ./Payload/OC_APP.app/image0.png
2018-04-10 04:28:44 +0000  copying file ./Payload/OC_APP.app/heavyRain@3x.png ... 
2018-04-10 04:28:44 +0000  6189 bytes for ./Payload/OC_APP.app/heavyRain@3x.png
copying file ./Payload/OC_APP.app/3.jpg ... 
2018-04-10 04:28:44 +0000  22454 bytes for ./Payload/OC_APP.app/3.jpg
2018-04-10 04:28:44 +0000  copying file ./Payload/OC_APP.app/Info.plist ... 
2975 bytes for ./Payload/OC_APP.app/Info.plist
copying file ./Payload/OC_APP.app/1.jpg ... 
2018-04-10 04:28:44 +0000  38640 bytes for ./Payload/OC_APP.app/1.jpg
2018-04-10 04:28:44 +0000  copying file ./Payload/OC_APP.app/image2.png ... 
2018-04-10 04:28:44 +0000  84291 bytes for ./Payload/OC_APP.app/image2.png
2018-04-10 04:28:44 +0000  copying file ./Payload/OC_APP.app/1.png ... 
2018-04-10 04:28:44 +0000  2293 bytes for ./Payload/OC_APP.app/1.png
copying file ./Payload/OC_APP.app/snow@2x.png ... 
2018-04-10 04:28:44 +0000  5034 bytes for ./Payload/OC_APP.app/snow@2x.png
2018-04-10 04:28:44 +0000  copying file ./Payload/OC_APP.app/praise_select@2x.png ... 
2018-04-10 04:28:44 +0000  660 bytes for ./Payload/OC_APP.app/praise_select@2x.png
copying file ./Payload/OC_APP.app/sunny29x29@2x.png ... 
2018-04-10 04:28:44 +0000  1678 bytes for ./Payload/OC_APP.app/sunny29x29@2x.png
copying file ./Payload/OC_APP.app/PkgInfo ... 
2018-04-10 04:28:44 +0000  8 bytes for ./Payload/OC_APP.app/PkgInfo
copying file ./Payload/OC_APP.app/wbBG.png ... 
2018-04-10 04:28:44 +0000  301728 bytes for ./Payload/OC_APP.app/wbBG.png
copying file ./Payload/OC_APP.app/turntable.jpeg ... 
2018-04-10 04:28:44 +0000  88674 bytes for ./Payload/OC_APP.app/turntable.jpeg
2018-04-10 04:28:44 +0000  copying file ./Payload/OC_APP.app/0.png ... 
541 bytes for ./Payload/OC_APP.app/0.png
copying file ./Payload/OC_APP.app/AppIcon76x76~ipad.png ... 
2018-04-10 04:28:44 +0000  18567 bytes for ./Payload/OC_APP.app/AppIcon76x76~ipad.png
copying file ./Payload/OC_APP.app/sunny40x40@3x.png ... 
2018-04-10 04:28:44 +0000  3581 bytes for ./Payload/OC_APP.app/sunny40x40@3x.png
copying file ./Payload/OC_APP.app/image3.png ... 
2018-04-10 04:28:44 +0000  160743 bytes for ./Payload/OC_APP.app/image3.png
2018-04-10 04:28:44 +0000  
2018-04-10 04:28:44 +0000  2018-04-10 04:28:44 +0000 [MT] /usr/bin/ditto exited with 0

2018-04-10 04:28:44 +0000  
2018-04-10 04:28:44 +0000  
2018-04-10 04:28:44 +0000 [MT] Processing step: IDEDistributionCreateManifestStep
